<?xml version="1.0" encoding="UTF-8"?>
<coverage generated="1775026647007" clover="3.2.0">
  <project timestamp="1775026647007" name="All files">
    <metrics statements="861" coveredstatements="650" conditionals="532" coveredconditionals="380" methods="186" coveredmethods="139" elements="1579" coveredelements="1169" complexity="0" loc="861" ncloc="861" packages="3" files="10" classes="10"/>
    <package name="src">
      <metrics statements="5" coveredstatements="5" conditionals="2" coveredconditionals="2" methods="2" coveredmethods="2"/>
      <file name="App.jsx" path="C:\Users\user\Desktop\OpenHub marche pas\frontend\src\App.jsx">
        <metrics statements="5" coveredstatements="5" conditionals="2" coveredconditionals="2" methods="2" coveredmethods="2"/>
        <line num="13" count="2" type="stmt"/>
        <line num="15" count="1" type="stmt"/>
        <line num="16" count="1" type="stmt"/>
        <line num="18" count="1" type="stmt"/>
        <line num="39" count="2" type="stmt"/>
      </file>
    </package>
    <package name="src.component">
      <metrics statements="3" coveredstatements="3" conditionals="10" coveredconditionals="5" methods="1" coveredmethods="1"/>
      <file name="barreNavigation.jsx" path="C:\Users\user\Desktop\OpenHub marche pas\frontend\src\component\barreNavigation.jsx">
        <metrics statements="3" coveredstatements="3" conditionals="10" coveredconditionals="5" methods="1" coveredmethods="1"/>
        <line num="9" count="1" type="stmt"/>
        <line num="10" count="1" type="stmt"/>
        <line num="12" count="1" type="stmt"/>
      </file>
    </package>
    <package name="src.pages">
      <metrics statements="853" coveredstatements="642" conditionals="520" coveredconditionals="373" methods="183" coveredmethods="136"/>
      <file name="DonatePage.jsx" path="C:\Users\user\Desktop\OpenHub marche pas\frontend\src\pages\DonatePage.jsx">
        <metrics statements="18" coveredstatements="18" conditionals="6" coveredconditionals="6" methods="3" coveredmethods="3"/>
        <line num="3" count="2" type="stmt"/>
        <line num="4" count="14" type="stmt"/>
        <line num="5" count="14" type="stmt"/>
        <line num="6" count="14" type="stmt"/>
        <line num="8" count="14" type="stmt"/>
        <line num="9" count="4" type="stmt"/>
        <line num="10" count="4" type="stmt"/>
        <line num="12" count="4" type="stmt"/>
        <line num="13" count="4" type="stmt"/>
        <line num="22" count="3" type="cond" truecount="2" falsecount="0"/>
        <line num="23" count="2" type="stmt"/>
        <line num="28" count="1" type="stmt"/>
        <line num="29" count="1" type="stmt"/>
        <line num="31" count="2" type="stmt"/>
        <line num="32" count="2" type="stmt"/>
        <line num="36" count="14" type="stmt"/>
        <line num="49" count="1" type="stmt"/>
        <line num="65" count="2" type="stmt"/>
      </file>
      <file name="Home.jsx" path="C:\Users\user\Desktop\OpenHub marche pas\frontend\src\pages\Home.jsx">
        <metrics statements="187" coveredstatements="113" conditionals="96" coveredconditionals="54" methods="27" coveredmethods="16"/>
        <line num="5" count="2" type="cond" truecount="2" falsecount="0"/>
        <line num="7" count="2" type="stmt"/>
        <line num="8" count="34" type="stmt"/>
        <line num="9" count="32" type="stmt"/>
        <line num="10" count="32" type="stmt"/>
        <line num="11" count="32" type="stmt"/>
        <line num="12" count="32" type="stmt"/>
        <line num="13" count="32" type="stmt"/>
        <line num="14" count="32" type="stmt"/>
        <line num="15" count="32" type="stmt"/>
        <line num="16" count="32" type="stmt"/>
        <line num="17" count="32" type="stmt"/>
        <line num="18" count="32" type="stmt"/>
        <line num="19" count="32" type="stmt"/>
        <line num="20" count="32" type="stmt"/>
        <line num="21" count="32" type="stmt"/>
        <line num="22" count="32" type="stmt"/>
        <line num="23" count="32" type="stmt"/>
        <line num="24" count="32" type="stmt"/>
        <line num="25" count="32" type="stmt"/>
        <line num="27" count="32" type="stmt"/>
        <line num="28" count="0" type="stmt"/>
        <line num="29" count="0" type="stmt"/>
        <line num="32" count="32" type="stmt"/>
        <line num="33" count="0" type="stmt"/>
        <line num="34" count="0" type="stmt"/>
        <line num="37" count="32" type="stmt"/>
        <line num="38" count="0" type="stmt"/>
        <line num="39" count="0" type="stmt"/>
        <line num="40" count="0" type="stmt"/>
        <line num="43" count="32" type="stmt"/>
        <line num="44" count="2" type="cond" truecount="2" falsecount="0"/>
        <line num="45" count="1" type="stmt"/>
        <line num="46" count="1" type="stmt"/>
        <line num="48" count="1" type="cond" truecount="1" falsecount="1"/>
        <line num="49" count="0" type="stmt"/>
        <line num="50" count="0" type="stmt"/>
        <line num="53" count="1" type="stmt"/>
        <line num="54" count="1" type="stmt"/>
        <line num="55" count="1" type="stmt"/>
        <line num="56" count="1" type="stmt"/>
        <line num="58" count="1" type="stmt"/>
        <line num="70" count="1" type="stmt"/>
        <line num="72" count="1" type="cond" truecount="1" falsecount="1"/>
        <line num="73" count="1" type="stmt"/>
        <line num="74" count="1" type="stmt"/>
        <line num="75" count="1" type="stmt"/>
        <line num="76" count="1" type="stmt"/>
        <line num="78" count="0" type="stmt"/>
        <line num="81" count="0" type="stmt"/>
        <line num="82" count="0" type="stmt"/>
        <line num="84" count="1" type="stmt"/>
        <line num="88" count="32" type="stmt"/>
        <line num="89" count="0" type="cond" truecount="0" falsecount="2"/>
        <line num="90" count="0" type="stmt"/>
        <line num="91" count="0" type="stmt"/>
        <line num="94" count="0" type="stmt"/>
        <line num="95" count="0" type="stmt"/>
        <line num="96" count="0" type="stmt"/>
        <line num="98" count="0" type="stmt"/>
        <line num="108" count="0" type="stmt"/>
        <line num="110" count="0" type="cond" truecount="0" falsecount="2"/>
        <line num="111" count="0" type="stmt"/>
        <line num="112" count="0" type="stmt"/>
        <line num="113" count="0" type="stmt"/>
        <line num="115" count="0" type="stmt"/>
        <line num="118" count="0" type="stmt"/>
        <line num="119" count="0" type="stmt"/>
        <line num="121" count="0" type="stmt"/>
        <line num="125" count="32" type="stmt"/>
        <line num="126" count="1" type="cond" truecount="1" falsecount="1"/>
        <line num="127" count="0" type="stmt"/>
        <line num="128" count="0" type="stmt"/>
        <line num="131" count="1" type="stmt"/>
        <line num="132" count="1" type="stmt"/>
        <line num="133" count="1" type="stmt"/>
        <line num="134" count="1" type="stmt"/>
        <line num="136" count="1" type="stmt"/>
        <line num="147" count="1" type="stmt"/>
        <line num="149" count="1" type="cond" truecount="1" falsecount="1"/>
        <line num="150" count="1" type="stmt"/>
        <line num="151" count="1" type="stmt"/>
        <line num="152" count="1" type="stmt"/>
        <line num="154" count="0" type="stmt"/>
        <line num="157" count="0" type="stmt"/>
        <line num="158" count="0" type="stmt"/>
        <line num="160" count="1" type="stmt"/>
        <line num="164" count="32" type="stmt"/>
        <line num="165" count="13" type="stmt"/>
        <line num="166" count="13" type="stmt"/>
        <line num="168" count="13" type="stmt"/>
        <line num="176" count="13" type="cond" truecount="1" falsecount="1"/>
        <line num="177" count="0" type="stmt"/>
        <line num="180" count="13" type="stmt"/>
        <line num="181" count="13" type="cond" truecount="2" falsecount="0"/>
        <line num="183" count="0" type="stmt"/>
        <line num="187" count="32" type="stmt"/>
        <line num="188" count="13" type="stmt"/>
        <line num="190" count="13" type="stmt"/>
        <line num="191" count="13" type="stmt"/>
        <line num="199" count="13" type="cond" truecount="1" falsecount="1"/>
        <line num="200" count="0" type="stmt"/>
        <line num="203" count="13" type="stmt"/>
        <line num="204" count="13" type="cond" truecount="2" falsecount="0"/>
        <line num="206" count="0" type="stmt"/>
        <line num="210" count="32" type="stmt"/>
        <line num="211" count="13" type="stmt"/>
        <line num="213" count="13" type="stmt"/>
        <line num="214" count="13" type="stmt"/>
        <line num="222" count="13" type="cond" truecount="1" falsecount="1"/>
        <line num="223" count="0" type="stmt"/>
        <line num="226" count="13" type="stmt"/>
        <line num="227" count="13" type="cond" truecount="2" falsecount="0"/>
        <line num="229" count="0" type="stmt"/>
        <line num="233" count="32" type="stmt"/>
        <line num="234" count="14" type="stmt"/>
        <line num="236" count="14" type="stmt"/>
        <line num="237" count="14" type="stmt"/>
        <line num="245" count="14" type="cond" truecount="1" falsecount="1"/>
        <line num="246" count="0" type="stmt"/>
        <line num="249" count="14" type="stmt"/>
        <line num="250" count="14" type="cond" truecount="2" falsecount="0"/>
        <line num="252" count="0" type="stmt"/>
        <line num="256" count="32" type="stmt"/>
        <line num="257" count="14" type="stmt"/>
        <line num="258" count="14" type="stmt"/>
        <line num="259" count="14" type="stmt"/>
        <line num="267" count="14" type="cond" truecount="2" falsecount="0"/>
        <line num="268" count="1" type="stmt"/>
        <line num="271" count="13" type="stmt"/>
        <line num="272" count="13" type="stmt"/>
        <line num="273" count="13" type="stmt"/>
        <line num="275" count="1" type="stmt"/>
        <line num="276" count="1" type="stmt"/>
        <line num="278" count="14" type="stmt"/>
        <line num="282" count="32" type="stmt"/>
        <line num="283" count="0" type="cond" truecount="0" falsecount="2"/>
        <line num="284" count="0" type="stmt"/>
        <line num="287" count="0" type="stmt"/>
        <line num="288" count="0" type="stmt"/>
        <line num="289" count="0" type="stmt"/>
        <line num="291" count="0" type="stmt"/>
        <line num="302" count="0" type="stmt"/>
        <line num="304" count="0" type="cond" truecount="0" falsecount="2"/>
        <line num="305" count="0" type="stmt"/>
        <line num="306" count="0" type="stmt"/>
        <line num="307" count="0" type="stmt"/>
        <line num="309" count="0" type="stmt"/>
        <line num="312" count="0" type="stmt"/>
        <line num="313" count="0" type="stmt"/>
        <line num="317" count="32" type="stmt"/>
        <line num="318" count="0" type="cond" truecount="0" falsecount="2"/>
        <line num="319" count="0" type="stmt"/>
        <line num="322" count="0" type="stmt"/>
        <line num="323" count="0" type="stmt"/>
        <line num="324" count="0" type="stmt"/>
        <line num="326" count="0" type="stmt"/>
        <line num="337" count="0" type="stmt"/>
        <line num="339" count="0" type="cond" truecount="0" falsecount="2"/>
        <line num="340" count="0" type="stmt"/>
        <line num="341" count="0" type="stmt"/>
        <line num="342" count="0" type="stmt"/>
        <line num="344" count="0" type="stmt"/>
        <line num="347" count="0" type="stmt"/>
        <line num="348" count="0" type="stmt"/>
        <line num="352" count="32" type="stmt"/>
        <line num="353" count="13" type="stmt"/>
        <line num="354" count="13" type="stmt"/>
        <line num="355" count="13" type="stmt"/>
        <line num="356" count="13" type="stmt"/>
        <line num="359" count="32" type="cond" truecount="2" falsecount="0"/>
        <line num="360" count="13" type="stmt"/>
        <line num="367" count="19" type="cond" truecount="2" falsecount="0"/>
        <line num="368" count="1" type="stmt"/>
        <line num="374" count="18" type="stmt"/>
        <line num="426" count="40" type="stmt"/>
        <line num="429" count="0" type="stmt"/>
        <line num="450" count="16" type="stmt"/>
        <line num="453" count="0" type="stmt"/>
        <line num="490" count="1" type="stmt"/>
        <line num="496" count="24" type="stmt"/>
        <line num="529" count="1" type="stmt"/>
        <line num="538" count="1" type="stmt"/>
        <line num="568" count="0" type="stmt"/>
        <line num="574" count="24" type="stmt"/>
        <line num="630" count="0" type="stmt"/>
        <line num="663" count="0" type="stmt"/>
      </file>
      <file name="Login.jsx" path="C:\Users\user\Desktop\OpenHub marche pas\frontend\src\pages\Login.jsx">
        <metrics statements="37" coveredstatements="37" conditionals="20" coveredconditionals="18" methods="6" coveredmethods="6"/>
        <line num="6" count="2" type="stmt"/>
        <line num="8" count="2" type="stmt"/>
        <line num="9" count="2" type="stmt"/>
        <line num="10" count="35" type="stmt"/>
        <line num="11" count="35" type="stmt"/>
        <line num="12" count="35" type="stmt"/>
        <line num="13" count="35" type="stmt"/>
        <line num="14" count="35" type="stmt"/>
        <line num="16" count="35" type="stmt"/>
        <line num="17" count="8" type="stmt"/>
        <line num="18" count="8" type="stmt"/>
        <line num="19" count="8" type="stmt"/>
        <line num="22" count="8" type="cond" truecount="4" falsecount="0"/>
        <line num="23" count="3" type="stmt"/>
        <line num="24" count="3" type="stmt"/>
        <line num="25" count="3" type="stmt"/>
        <line num="28" count="5" type="cond" truecount="2" falsecount="0"/>
        <line num="29" count="1" type="stmt"/>
        <line num="30" count="1" type="stmt"/>
        <line num="31" count="1" type="stmt"/>
        <line num="33" count="4" type="stmt"/>
        <line num="35" count="4" type="stmt"/>
        <line num="54" count="3" type="stmt"/>
        <line num="56" count="3" type="cond" truecount="2" falsecount="0"/>
        <line num="57" count="1" type="cond" truecount="1" falsecount="1"/>
        <line num="60" count="2" type="cond" truecount="2" falsecount="0"/>
        <line num="61" count="1" type="stmt"/>
        <line num="62" count="1" type="stmt"/>
        <line num="63" count="1" type="stmt"/>
        <line num="67" count="1" type="stmt"/>
        <line num="70" count="3" type="cond" truecount="1" falsecount="1"/>
        <line num="72" count="4" type="stmt"/>
        <line num="76" count="35" type="stmt"/>
        <line num="118" count="6" type="stmt"/>
        <line num="133" count="6" type="stmt"/>
        <line num="170" count="1" type="stmt"/>
        <line num="181" count="1" type="stmt"/>
      </file>
      <file name="Logout.jsx" path="C:\Users\user\Desktop\OpenHub marche pas\frontend\src\pages\Logout.jsx">
        <metrics statements="8" coveredstatements="7" conditionals="0" coveredconditionals="0" methods="4" coveredmethods="3"/>
        <line num="3" count="2" type="stmt"/>
        <line num="4" count="4" type="stmt"/>
        <line num="6" count="1" type="stmt"/>
        <line num="9" count="1" type="stmt"/>
        <line num="10" count="0" type="stmt"/>
        <line num="14" count="4" type="stmt"/>
        <line num="16" count="1" type="stmt"/>
        <line num="19" count="4" type="stmt"/>
      </file>
      <file name="Messages.jsx" path="C:\Users\user\Desktop\OpenHub marche pas\frontend\src\pages\Messages.jsx">
        <metrics statements="122" coveredstatements="99" conditionals="72" coveredconditionals="50" methods="24" coveredmethods="21"/>
        <line num="4" count="2" type="stmt"/>
        <line num="7" count="2" type="stmt"/>
        <line num="9" count="51" type="stmt"/>
        <line num="10" count="50" type="stmt"/>
        <line num="11" count="50" type="stmt"/>
        <line num="12" count="50" type="stmt"/>
        <line num="13" count="50" type="stmt"/>
        <line num="14" count="50" type="stmt"/>
        <line num="15" count="50" type="stmt"/>
        <line num="16" count="50" type="stmt"/>
        <line num="17" count="50" type="stmt"/>
        <line num="18" count="50" type="stmt"/>
        <line num="21" count="50" type="stmt"/>
        <line num="22" count="50" type="stmt"/>
        <line num="27" count="50" type="stmt"/>
        <line num="28" count="18" type="stmt"/>
        <line num="30" count="18" type="cond" truecount="2" falsecount="0"/>
        <line num="31" count="1" type="stmt"/>
        <line num="32" count="1" type="stmt"/>
        <line num="33" count="1" type="stmt"/>
        <line num="36" count="17" type="stmt"/>
        <line num="44" count="16" type="cond" truecount="2" falsecount="0"/>
        <line num="50" count="1" type="stmt"/>
        <line num="54" count="1" type="stmt"/>
        <line num="55" count="1" type="stmt"/>
        <line num="56" count="1" type="stmt"/>
        <line num="59" count="15" type="stmt"/>
        <line num="66" count="15" type="stmt"/>
        <line num="67" count="15" type="stmt"/>
        <line num="68" count="15" type="stmt"/>
        <line num="71" count="15" type="cond" truecount="1" falsecount="1"/>
        <line num="73" count="0" type="stmt"/>
        <line num="74" count="0" type="stmt"/>
        <line num="76" count="17" type="stmt"/>
        <line num="81" count="50" type="stmt"/>
        <line num="82" count="3" type="stmt"/>
        <line num="85" count="3" type="cond" truecount="1" falsecount="1"/>
        <line num="86" count="0" type="stmt"/>
        <line num="87" count="0" type="stmt"/>
        <line num="91" count="3" type="cond" truecount="4" falsecount="0"/>
        <line num="92" count="2" type="stmt"/>
        <line num="96" count="2" type="stmt"/>
        <line num="99" count="1" type="stmt"/>
        <line num="100" count="1" type="stmt"/>
        <line num="110" count="0" type="stmt"/>
        <line num="112" count="0" type="cond" truecount="0" falsecount="2"/>
        <line num="113" count="0" type="stmt"/>
        <line num="118" count="0" type="stmt"/>
        <line num="119" count="0" type="stmt"/>
        <line num="120" count="0" type="stmt"/>
        <line num="121" count="0" type="stmt"/>
        <line num="123" count="1" type="stmt"/>
        <line num="124" count="1" type="stmt"/>
        <line num="128" count="50" type="stmt"/>
        <line num="129" count="3" type="stmt"/>
        <line num="131" count="3" type="stmt"/>
        <line num="134" count="3" type="cond" truecount="1" falsecount="1"/>
        <line num="135" count="0" type="stmt"/>
        <line num="136" count="0" type="stmt"/>
        <line num="140" count="3" type="cond" truecount="2" falsecount="0"/>
        <line num="141" count="1" type="stmt"/>
        <line num="145" count="1" type="stmt"/>
        <line num="148" count="2" type="stmt"/>
        <line num="149" count="2" type="stmt"/>
        <line num="158" count="1" type="stmt"/>
        <line num="160" count="1" type="cond" truecount="1" falsecount="1"/>
        <line num="161" count="0" type="cond" truecount="0" falsecount="3"/>
        <line num="164" count="1" type="stmt"/>
        <line num="165" count="1" type="stmt"/>
        <line num="166" count="1" type="stmt"/>
        <line num="168" count="1" type="stmt"/>
        <line num="169" count="1" type="stmt"/>
        <line num="173" count="50" type="stmt"/>
        <line num="174" count="1" type="cond" truecount="1" falsecount="1"/>
        <line num="176" count="1" type="stmt"/>
        <line num="177" count="1" type="stmt"/>
        <line num="182" count="1" type="stmt"/>
        <line num="184" count="1" type="cond" truecount="1" falsecount="1"/>
        <line num="185" count="0" type="cond" truecount="0" falsecount="2"/>
        <line num="188" count="1" type="stmt"/>
        <line num="189" count="1" type="stmt"/>
        <line num="191" count="0" type="stmt"/>
        <line num="192" count="0" type="stmt"/>
        <line num="196" count="50" type="stmt"/>
        <line num="197" count="2" type="cond" truecount="2" falsecount="0"/>
        <line num="199" count="1" type="stmt"/>
        <line num="200" count="1" type="stmt"/>
        <line num="205" count="1" type="stmt"/>
        <line num="207" count="1" type="cond" truecount="1" falsecount="1"/>
        <line num="208" count="0" type="cond" truecount="0" falsecount="2"/>
        <line num="211" count="1" type="stmt"/>
        <line num="212" count="1" type="stmt"/>
        <line num="214" count="0" type="stmt"/>
        <line num="215" count="0" type="stmt"/>
        <line num="219" count="50" type="stmt"/>
        <line num="220" count="15" type="stmt"/>
        <line num="224" count="50" type="stmt"/>
        <line num="225" count="22" type="cond" truecount="2" falsecount="0"/>
        <line num="226" count="7" type="stmt"/>
        <line num="227" count="0" type="stmt"/>
        <line num="229" count="7" type="stmt"/>
        <line num="233" count="50" type="cond" truecount="2" falsecount="0"/>
        <line num="236" count="35" type="cond" truecount="2" falsecount="0"/>
        <line num="237" count="2" type="stmt"/>
        <line num="247" count="33" type="stmt"/>
        <line num="267" count="64" type="stmt"/>
        <line num="290" count="62" type="stmt"/>
        <line num="291" count="124" type="stmt"/>
        <line num="293" count="62" type="stmt"/>
        <line num="295" count="62" type="stmt"/>
        <line num="299" count="7" type="cond" truecount="1" falsecount="1"/>
        <line num="310" count="1" type="stmt"/>
        <line num="311" count="1" type="stmt"/>
        <line num="325" count="22" type="stmt"/>
        <line num="341" count="2" type="stmt"/>
        <line num="355" count="3" type="stmt"/>
        <line num="363" count="3" type="stmt"/>
        <line num="386" count="3" type="stmt"/>
        <line num="397" count="0" type="stmt"/>
        <line num="410" count="64" type="stmt"/>
        <line num="415" count="3" type="stmt"/>
        <line num="418" count="0" type="stmt"/>
      </file>
      <file name="Profil.jsx" path="C:\Users\user\Desktop\OpenHub marche pas\frontend\src\pages\Profil.jsx">
        <metrics statements="179" coveredstatements="151" conditionals="117" coveredconditionals="92" methods="36" coveredmethods="33"/>
        <line num="4" count="2" type="stmt"/>
        <line num="6" count="2" type="stmt"/>
        <line num="7" count="53" type="stmt"/>
        <line num="8" count="52" type="stmt"/>
        <line num="9" count="52" type="stmt"/>
        <line num="10" count="52" type="stmt"/>
        <line num="11" count="52" type="stmt"/>
        <line num="12" count="52" type="stmt"/>
        <line num="13" count="52" type="stmt"/>
        <line num="14" count="52" type="stmt"/>
        <line num="15" count="52" type="stmt"/>
        <line num="16" count="52" type="stmt"/>
        <line num="17" count="52" type="stmt"/>
        <line num="18" count="52" type="stmt"/>
        <line num="20" count="52" type="stmt"/>
        <line num="21" count="52" type="stmt"/>
        <line num="22" count="52" type="stmt"/>
        <line num="24" count="52" type="stmt"/>
        <line num="25" count="12" type="stmt"/>
        <line num="26" count="12" type="stmt"/>
        <line num="27" count="12" type="stmt"/>
        <line num="34" count="12" type="stmt"/>
        <line num="36" count="12" type="stmt"/>
        <line num="37" count="34" type="stmt"/>
        <line num="40" count="12" type="stmt"/>
        <line num="42" count="0" type="stmt"/>
        <line num="46" count="52" type="stmt"/>
        <line num="47" count="14" type="stmt"/>
        <line num="48" count="14" type="stmt"/>
        <line num="49" count="14" type="stmt"/>
        <line num="52" count="14" type="stmt"/>
        <line num="53" count="14" type="cond" truecount="1" falsecount="1"/>
        <line num="55" count="0" type="stmt"/>
        <line num="56" count="0" type="stmt"/>
        <line num="63" count="52" type="stmt"/>
        <line num="64" count="14" type="stmt"/>
        <line num="65" count="14" type="stmt"/>
        <line num="66" count="14" type="stmt"/>
        <line num="69" count="14" type="stmt"/>
        <line num="70" count="14" type="cond" truecount="1" falsecount="1"/>
        <line num="72" count="0" type="stmt"/>
        <line num="76" count="52" type="stmt"/>
        <line num="77" count="14" type="stmt"/>
        <line num="78" count="14" type="stmt"/>
        <line num="79" count="14" type="stmt"/>
        <line num="86" count="14" type="stmt"/>
        <line num="87" count="14" type="stmt"/>
        <line num="89" count="0" type="stmt"/>
        <line num="93" count="52" type="stmt"/>
        <line num="94" count="1" type="cond" truecount="1" falsecount="1"/>
        <line num="95" count="0" type="stmt"/>
        <line num="98" count="1" type="stmt"/>
        <line num="99" count="1" type="stmt"/>
        <line num="101" count="1" type="stmt"/>
        <line num="102" count="1" type="stmt"/>
        <line num="113" count="1" type="stmt"/>
        <line num="114" count="1" type="cond" truecount="1" falsecount="1"/>
        <line num="115" count="1" type="stmt"/>
        <line num="116" count="1" type="stmt"/>
        <line num="121" count="0" type="stmt"/>
        <line num="124" count="0" type="stmt"/>
        <line num="125" count="0" type="stmt"/>
        <line num="127" count="1" type="stmt"/>
        <line num="131" count="52" type="stmt"/>
        <line num="132" count="1" type="stmt"/>
        <line num="133" count="1" type="cond" truecount="1" falsecount="1"/>
        <line num="135" count="1" type="stmt"/>
        <line num="137" count="1" type="stmt"/>
        <line num="138" count="1" type="stmt"/>
        <line num="147" count="1" type="stmt"/>
        <line num="149" count="1" type="cond" truecount="1" falsecount="1"/>
        <line num="150" count="0" type="stmt"/>
        <line num="154" count="0" type="stmt"/>
        <line num="157" count="1" type="cond" truecount="1" falsecount="1"/>
        <line num="158" count="1" type="stmt"/>
        <line num="162" count="1" type="stmt"/>
        <line num="163" count="1" type="stmt"/>
        <line num="166" count="0" type="stmt"/>
        <line num="170" count="0" type="stmt"/>
        <line num="172" count="1" type="stmt"/>
        <line num="176" count="52" type="stmt"/>
        <line num="177" count="13" type="stmt"/>
        <line num="179" count="13" type="stmt"/>
        <line num="180" count="13" type="stmt"/>
        <line num="188" count="12" type="cond" truecount="1" falsecount="1"/>
        <line num="189" count="0" type="stmt"/>
        <line num="192" count="12" type="stmt"/>
        <line num="193" count="12" type="stmt"/>
        <line num="195" count="0" type="stmt"/>
        <line num="196" count="0" type="stmt"/>
        <line num="200" count="52" type="stmt"/>
        <line num="201" count="1" type="stmt"/>
        <line num="202" count="1" type="cond" truecount="1" falsecount="1"/>
        <line num="204" count="1" type="stmt"/>
        <line num="206" count="1" type="stmt"/>
        <line num="207" count="1" type="stmt"/>
        <line num="218" count="1" type="stmt"/>
        <line num="220" count="1" type="cond" truecount="3" falsecount="1"/>
        <line num="221" count="1" type="stmt"/>
        <line num="225" count="1" type="stmt"/>
        <line num="227" count="0" type="stmt"/>
        <line num="233" count="0" type="stmt"/>
        <line num="234" count="0" type="stmt"/>
        <line num="236" count="1" type="stmt"/>
        <line num="240" count="52" type="stmt"/>
        <line num="241" count="1" type="stmt"/>
        <line num="242" count="1" type="cond" truecount="1" falsecount="1"/>
        <line num="244" count="1" type="stmt"/>
        <line num="246" count="1" type="stmt"/>
        <line num="247" count="1" type="stmt"/>
        <line num="258" count="1" type="stmt"/>
        <line num="260" count="1" type="cond" truecount="3" falsecount="1"/>
        <line num="261" count="1" type="stmt"/>
        <line num="265" count="1" type="stmt"/>
        <line num="267" count="0" type="stmt"/>
        <line num="273" count="0" type="stmt"/>
        <line num="274" count="0" type="stmt"/>
        <line num="276" count="1" type="stmt"/>
        <line num="280" count="52" type="stmt"/>
        <line num="281" count="1" type="stmt"/>
        <line num="282" count="1" type="cond" truecount="1" falsecount="1"/>
        <line num="284" count="1" type="stmt"/>
        <line num="286" count="1" type="stmt"/>
        <line num="287" count="1" type="stmt"/>
        <line num="298" count="1" type="stmt"/>
        <line num="300" count="1" type="cond" truecount="3" falsecount="1"/>
        <line num="301" count="1" type="stmt"/>
        <line num="302" count="1" type="stmt"/>
        <line num="303" count="1" type="stmt"/>
        <line num="305" count="0" type="stmt"/>
        <line num="311" count="0" type="stmt"/>
        <line num="313" count="1" type="stmt"/>
        <line num="317" count="52" type="stmt"/>
        <line num="318" count="13" type="stmt"/>
        <line num="319" count="13" type="stmt"/>
        <line num="320" count="13" type="stmt"/>
        <line num="321" count="12" type="stmt"/>
        <line num="322" count="12" type="stmt"/>
        <line num="323" count="12" type="stmt"/>
        <line num="324" count="12" type="stmt"/>
        <line num="325" count="12" type="stmt"/>
        <line num="327" count="13" type="stmt"/>
        <line num="330" count="52" type="stmt"/>
        <line num="331" count="18" type="cond" truecount="2" falsecount="0"/>
        <line num="332" count="4" type="stmt"/>
        <line num="333" count="0" type="stmt"/>
        <line num="335" count="4" type="stmt"/>
        <line num="339" count="52" type="stmt"/>
        <line num="341" count="109" type="cond" truecount="2" falsecount="0"/>
        <line num="346" count="109" type="cond" truecount="2" falsecount="0"/>
        <line num="348" count="109" type="cond" truecount="2" falsecount="0"/>
        <line num="351" count="52" type="stmt"/>
        <line num="352" count="2" type="stmt"/>
        <line num="353" count="2" type="stmt"/>
        <line num="356" count="52" type="stmt"/>
        <line num="357" count="1" type="stmt"/>
        <line num="358" count="1" type="stmt"/>
        <line num="361" count="52" type="cond" truecount="2" falsecount="0"/>
        <line num="362" count="13" type="stmt"/>
        <line num="369" count="39" type="cond" truecount="1" falsecount="1"/>
        <line num="370" count="0" type="stmt"/>
        <line num="376" count="39" type="stmt"/>
        <line num="387" count="5" type="stmt"/>
        <line num="403" count="0" type="stmt"/>
        <line num="409" count="3" type="stmt"/>
        <line num="415" count="3" type="stmt"/>
        <line num="421" count="4" type="stmt"/>
        <line num="440" count="52" type="stmt"/>
        <line num="443" count="2" type="stmt"/>
        <line num="479" count="4" type="stmt"/>
        <line num="493" count="1" type="stmt"/>
        <line num="525" count="4" type="stmt"/>
        <line num="539" count="1" type="stmt"/>
        <line num="571" count="7" type="stmt"/>
        <line num="585" count="1" type="stmt"/>
        <line num="600" count="1" type="stmt"/>
        <line num="627" count="0" type="stmt"/>
        <line num="679" count="1" type="stmt"/>
        <line num="680" count="1" type="stmt"/>
      </file>
      <file name="Projects.jsx" path="C:\Users\user\Desktop\OpenHub marche pas\frontend\src\pages\Projects.jsx">
        <metrics statements="186" coveredstatements="141" conditionals="101" coveredconditionals="85" methods="58" coveredmethods="39"/>
        <line num="4" count="2" type="stmt"/>
        <line num="6" count="2" type="stmt"/>
        <line num="7" count="112" type="stmt"/>
        <line num="8" count="111" type="stmt"/>
        <line num="9" count="111" type="stmt"/>
        <line num="10" count="111" type="stmt"/>
        <line num="11" count="111" type="stmt"/>
        <line num="12" count="111" type="stmt"/>
        <line num="15" count="111" type="stmt"/>
        <line num="24" count="111" type="stmt"/>
        <line num="27" count="111" type="stmt"/>
        <line num="34" count="111" type="stmt"/>
        <line num="35" count="111" type="stmt"/>
        <line num="36" count="111" type="stmt"/>
        <line num="37" count="111" type="stmt"/>
        <line num="40" count="111" type="cond" truecount="0" falsecount="1"/>
        <line num="41" count="7" type="stmt"/>
        <line num="42" count="7" type="stmt"/>
        <line num="46" count="111" type="stmt"/>
        <line num="47" count="15" type="stmt"/>
        <line num="48" count="15" type="stmt"/>
        <line num="49" count="15" type="stmt"/>
        <line num="57" count="14" type="cond" truecount="1" falsecount="1"/>
        <line num="58" count="14" type="stmt"/>
        <line num="59" count="14" type="stmt"/>
        <line num="61" count="0" type="stmt"/>
        <line num="62" count="0" type="stmt"/>
        <line num="64" count="14" type="stmt"/>
        <line num="68" count="111" type="stmt"/>
        <line num="69" count="2" type="cond" truecount="4" falsecount="0"/>
        <line num="70" count="1" type="stmt"/>
        <line num="71" count="1" type="stmt"/>
        <line num="74" count="1" type="stmt"/>
        <line num="76" count="1" type="stmt"/>
        <line num="77" count="1" type="stmt"/>
        <line num="86" count="1" type="stmt"/>
        <line num="88" count="1" type="cond" truecount="1" falsecount="1"/>
        <line num="89" count="1" type="stmt"/>
        <line num="90" count="1" type="stmt"/>
        <line num="91" count="1" type="stmt"/>
        <line num="92" count="1" type="stmt"/>
        <line num="100" count="0" type="stmt"/>
        <line num="103" count="0" type="stmt"/>
        <line num="104" count="0" type="stmt"/>
        <line num="106" count="1" type="stmt"/>
        <line num="110" count="111" type="stmt"/>
        <line num="111" count="1" type="cond" truecount="1" falsecount="1"/>
        <line num="113" count="1" type="stmt"/>
        <line num="115" count="1" type="stmt"/>
        <line num="116" count="1" type="stmt"/>
        <line num="128" count="1" type="stmt"/>
        <line num="130" count="1" type="cond" truecount="1" falsecount="1"/>
        <line num="131" count="1" type="stmt"/>
        <line num="132" count="1" type="stmt"/>
        <line num="133" count="1" type="stmt"/>
        <line num="135" count="0" type="stmt"/>
        <line num="138" count="0" type="stmt"/>
        <line num="139" count="0" type="stmt"/>
        <line num="141" count="1" type="stmt"/>
        <line num="145" count="111" type="stmt"/>
        <line num="146" count="1" type="stmt"/>
        <line num="156" count="111" type="stmt"/>
        <line num="157" count="1" type="cond" truecount="1" falsecount="1"/>
        <line num="158" count="0" type="stmt"/>
        <line num="160" count="1" type="stmt"/>
        <line num="162" count="1" type="stmt"/>
        <line num="163" count="1" type="stmt"/>
        <line num="174" count="1" type="cond" truecount="1" falsecount="1"/>
        <line num="175" count="1" type="stmt"/>
        <line num="176" count="1" type="stmt"/>
        <line num="178" count="0" type="stmt"/>
        <line num="181" count="0" type="stmt"/>
        <line num="182" count="0" type="stmt"/>
        <line num="184" count="1" type="stmt"/>
        <line num="188" count="111" type="stmt"/>
        <line num="189" count="15" type="stmt"/>
        <line num="190" count="15" type="stmt"/>
        <line num="191" count="15" type="stmt"/>
        <line num="199" count="14" type="cond" truecount="1" falsecount="1"/>
        <line num="201" count="14" type="stmt"/>
        <line num="202" count="14" type="cond" truecount="1" falsecount="1"/>
        <line num="204" count="0" type="stmt"/>
        <line num="205" count="0" type="stmt"/>
        <line num="209" count="111" type="stmt"/>
        <line num="210" count="1" type="cond" truecount="4" falsecount="1"/>
        <line num="211" count="0" type="stmt"/>
        <line num="215" count="0" type="stmt"/>
        <line num="218" count="1" type="stmt"/>
        <line num="220" count="1" type="stmt"/>
        <line num="221" count="1" type="stmt"/>
        <line num="230" count="1" type="stmt"/>
        <line num="232" count="1" type="cond" truecount="1" falsecount="1"/>
        <line num="233" count="1" type="stmt"/>
        <line num="234" count="1" type="stmt"/>
        <line num="240" count="1" type="stmt"/>
        <line num="241" count="1" type="stmt"/>
        <line num="243" count="0" type="stmt"/>
        <line num="246" count="0" type="stmt"/>
        <line num="247" count="0" type="stmt"/>
        <line num="249" count="1" type="stmt"/>
        <line num="253" count="111" type="stmt"/>
        <line num="254" count="1" type="cond" truecount="1" falsecount="1"/>
        <line num="256" count="1" type="stmt"/>
        <line num="258" count="1" type="stmt"/>
        <line num="259" count="1" type="stmt"/>
        <line num="268" count="1" type="stmt"/>
        <line num="270" count="1" type="cond" truecount="1" falsecount="1"/>
        <line num="271" count="1" type="stmt"/>
        <line num="272" count="1" type="stmt"/>
        <line num="273" count="1" type="stmt"/>
        <line num="275" count="0" type="stmt"/>
        <line num="278" count="0" type="stmt"/>
        <line num="279" count="0" type="stmt"/>
        <line num="281" count="1" type="stmt"/>
        <line num="285" count="111" type="stmt"/>
        <line num="286" count="1" type="cond" truecount="1" falsecount="1"/>
        <line num="287" count="0" type="stmt"/>
        <line num="289" count="1" type="stmt"/>
        <line num="291" count="1" type="stmt"/>
        <line num="292" count="1" type="stmt"/>
        <line num="300" count="1" type="stmt"/>
        <line num="302" count="1" type="cond" truecount="1" falsecount="1"/>
        <line num="303" count="1" type="stmt"/>
        <line num="304" count="1" type="stmt"/>
        <line num="306" count="0" type="stmt"/>
        <line num="309" count="0" type="stmt"/>
        <line num="310" count="0" type="stmt"/>
        <line num="312" count="1" type="stmt"/>
        <line num="316" count="111" type="stmt"/>
        <line num="317" count="1" type="stmt"/>
        <line num="326" count="111" type="stmt"/>
        <line num="327" count="12" type="stmt"/>
        <line num="328" count="12" type="stmt"/>
        <line num="329" count="12" type="stmt"/>
        <line num="330" count="11" type="stmt"/>
        <line num="332" count="12" type="stmt"/>
        <line num="335" count="111" type="stmt"/>
        <line num="337" count="196" type="cond" truecount="3" falsecount="0"/>
        <line num="342" count="111" type="stmt"/>
        <line num="344" count="196" type="cond" truecount="2" falsecount="0"/>
        <line num="348" count="111" type="cond" truecount="2" falsecount="0"/>
        <line num="349" count="12" type="stmt"/>
        <line num="356" count="99" type="cond" truecount="1" falsecount="1"/>
        <line num="357" count="0" type="stmt"/>
        <line num="363" count="99" type="stmt"/>
        <line num="373" count="5" type="stmt"/>
        <line num="395" count="1" type="stmt"/>
        <line num="412" count="191" type="stmt"/>
        <line num="417" count="1" type="stmt"/>
        <line num="433" count="1" type="stmt"/>
        <line num="479" count="3" type="stmt"/>
        <line num="496" count="196" type="stmt"/>
        <line num="501" count="1" type="stmt"/>
        <line num="517" count="1" type="stmt"/>
        <line num="570" count="1" type="stmt"/>
        <line num="574" count="4" type="stmt"/>
        <line num="578" count="0" type="stmt"/>
        <line num="592" count="11" type="stmt"/>
        <line num="604" count="11" type="stmt"/>
        <line num="618" count="0" type="stmt"/>
        <line num="630" count="0" type="stmt"/>
        <line num="642" count="0" type="stmt"/>
        <line num="671" count="0" type="stmt"/>
        <line num="675" count="4" type="stmt"/>
        <line num="679" count="0" type="stmt"/>
        <line num="693" count="9" type="stmt"/>
        <line num="705" count="11" type="stmt"/>
        <line num="723" count="5" type="stmt"/>
        <line num="739" count="0" type="stmt"/>
        <line num="768" count="0" type="stmt"/>
        <line num="772" count="2" type="stmt"/>
        <line num="776" count="0" type="stmt"/>
        <line num="790" count="8" type="stmt"/>
        <line num="802" count="0" type="stmt"/>
        <line num="823" count="0" type="stmt"/>
        <line num="839" count="0" type="stmt"/>
        <line num="847" count="1" type="stmt"/>
        <line num="872" count="0" type="stmt"/>
        <line num="876" count="2" type="stmt"/>
        <line num="880" count="0" type="stmt"/>
        <line num="894" count="8" type="stmt"/>
        <line num="909" count="0" type="stmt"/>
        <line num="926" count="0" type="stmt"/>
        <line num="941" count="0" type="stmt"/>
        <line num="956" count="0" type="stmt"/>
        <line num="967" count="1" type="stmt"/>
      </file>
      <file name="Register.jsx" path="C:\Users\user\Desktop\OpenHub marche pas\frontend\src\pages\Register.jsx">
        <metrics statements="116" coveredstatements="76" conditionals="108" coveredconditionals="68" methods="25" coveredmethods="15"/>
        <line num="7" count="2" type="stmt"/>
        <line num="9" count="2" type="stmt"/>
        <line num="20" count="10" type="stmt"/>
        <line num="24" count="2" type="stmt"/>
        <line num="25" count="8" type="stmt"/>
        <line num="27" count="8" type="cond" truecount="2" falsecount="0"/>
        <line num="28" count="6" type="cond" truecount="1" falsecount="1"/>
        <line num="29" count="6" type="cond" truecount="1" falsecount="1"/>
        <line num="30" count="6" type="cond" truecount="1" falsecount="1"/>
        <line num="31" count="0" type="stmt"/>
        <line num="32" count="6" type="cond" truecount="1" falsecount="1"/>
        <line num="33" count="0" type="stmt"/>
        <line num="34" count="6" type="cond" truecount="1" falsecount="1"/>
        <line num="35" count="6" type="cond" truecount="1" falsecount="1"/>
        <line num="36" count="0" type="stmt"/>
        <line num="37" count="6" type="stmt"/>
        <line num="40" count="2" type="stmt"/>
        <line num="41" count="4" type="stmt"/>
        <line num="43" count="4" type="cond" truecount="1" falsecount="1"/>
        <line num="46" count="4" type="cond" truecount="2" falsecount="0"/>
        <line num="47" count="1" type="stmt"/>
        <line num="51" count="3" type="stmt"/>
        <line num="52" count="3" type="cond" truecount="1" falsecount="1"/>
        <line num="53" count="0" type="stmt"/>
        <line num="56" count="3" type="stmt"/>
        <line num="59" count="3" type="cond" truecount="1" falsecount="1"/>
        <line num="60" count="0" type="stmt"/>
        <line num="63" count="3" type="cond" truecount="1" falsecount="1"/>
        <line num="64" count="0" type="stmt"/>
        <line num="68" count="3" type="cond" truecount="1" falsecount="1"/>
        <line num="69" count="0" type="stmt"/>
        <line num="73" count="3" type="cond" truecount="3" falsecount="1"/>
        <line num="74" count="0" type="stmt"/>
        <line num="78" count="3" type="cond" truecount="1" falsecount="1"/>
        <line num="79" count="0" type="stmt"/>
        <line num="83" count="3" type="stmt"/>
        <line num="85" count="3" type="cond" truecount="1" falsecount="1"/>
        <line num="86" count="0" type="stmt"/>
        <line num="89" count="3" type="stmt"/>
        <line num="92" count="2" type="stmt"/>
        <line num="93" count="23" type="stmt"/>
        <line num="94" count="23" type="stmt"/>
        <line num="95" count="23" type="stmt"/>
        <line num="96" count="23" type="stmt"/>
        <line num="97" count="23" type="stmt"/>
        <line num="99" count="23" type="stmt"/>
        <line num="100" count="10" type="stmt"/>
        <line num="101" count="10" type="cond" truecount="1" falsecount="1"/>
        <line num="102" count="0" type="stmt"/>
        <line num="106" count="23" type="stmt"/>
        <line num="107" count="7" type="cond" truecount="2" falsecount="0"/>
        <line num="108" count="5" type="stmt"/>
        <line num="112" count="23" type="stmt"/>
        <line num="113" count="0" type="stmt"/>
        <line num="116" count="23" type="stmt"/>
        <line num="117" count="8" type="stmt"/>
        <line num="119" count="8" type="cond" truecount="2" falsecount="0"/>
        <line num="120" count="4" type="stmt"/>
        <line num="121" count="4" type="stmt"/>
        <line num="122" count="4" type="cond" truecount="2" falsecount="0"/>
        <line num="123" count="4" type="cond" truecount="2" falsecount="0"/>
        <line num="126" count="8" type="cond" truecount="2" falsecount="0"/>
        <line num="127" count="3" type="stmt"/>
        <line num="128" count="3" type="cond" truecount="2" falsecount="0"/>
        <line num="131" count="8" type="cond" truecount="2" falsecount="0"/>
        <line num="132" count="1" type="cond" truecount="1" falsecount="1"/>
        <line num="137" count="0" type="stmt"/>
        <line num="140" count="1" type="cond" truecount="1" falsecount="1"/>
        <line num="141" count="0" type="stmt"/>
        <line num="142" count="0" type="cond" truecount="0" falsecount="2"/>
        <line num="143" count="0" type="stmt"/>
        <line num="148" count="8" type="stmt"/>
        <line num="149" count="8" type="stmt"/>
        <line num="152" count="23" type="stmt"/>
        <line num="153" count="1" type="stmt"/>
        <line num="156" count="1" type="cond" truecount="1" falsecount="1"/>
        <line num="159" count="1" type="stmt"/>
        <line num="160" count="1" type="cond" truecount="1" falsecount="1"/>
        <line num="161" count="0" type="stmt"/>
        <line num="162" count="0" type="stmt"/>
        <line num="163" count="0" type="stmt"/>
        <line num="167" count="1" type="cond" truecount="3" falsecount="1"/>
        <line num="168" count="1" type="stmt"/>
        <line num="169" count="1" type="stmt"/>
        <line num="170" count="1" type="stmt"/>
        <line num="174" count="0" type="stmt"/>
        <line num="175" count="0" type="stmt"/>
        <line num="176" count="0" type="cond" truecount="0" falsecount="4"/>
        <line num="177" count="0" type="stmt"/>
        <line num="182" count="0" type="stmt"/>
        <line num="183" count="0" type="stmt"/>
        <line num="186" count="0" type="stmt"/>
        <line num="187" count="0" type="stmt"/>
        <line num="189" count="0" type="stmt"/>
        <line num="195" count="0" type="stmt"/>
        <line num="197" count="0" type="cond" truecount="0" falsecount="2"/>
        <line num="198" count="0" type="stmt"/>
        <line num="199" count="0" type="stmt"/>
        <line num="204" count="0" type="stmt"/>
        <line num="207" count="0" type="stmt"/>
        <line num="208" count="0" type="stmt"/>
        <line num="210" count="0" type="stmt"/>
        <line num="214" count="23" type="stmt"/>
        <line num="215" count="23" type="cond" truecount="3" falsecount="0"/>
        <line num="217" count="12" type="stmt"/>
        <line num="230" count="3" type="stmt"/>
        <line num="245" count="3" type="stmt"/>
        <line num="265" count="9" type="stmt"/>
        <line num="278" count="3" type="stmt"/>
        <line num="295" count="1" type="stmt"/>
        <line num="323" count="2" type="stmt"/>
        <line num="336" count="0" type="stmt"/>
        <line num="353" count="0" type="stmt"/>
        <line num="370" count="0" type="stmt"/>
        <line num="396" count="23" type="stmt"/>
        <line num="420" count="0" type="stmt"/>
      </file>
    </package>
  </project>
</coverage>
