{"C:\\Users\\user\\Desktop\\OpenHub marche pas\\frontend\\src\\App.jsx": {"path":"C:\\Users\\user\\Desktop\\OpenHub marche pas\\frontend\\src\\App.jsx","statementMap":{"0":{"start":{"line":13,"column":19},"end":{"line":13,"column":32}},"1":{"start":{"line":15,"column":24},"end":{"line":15,"column":58}},"2":{"start":{"line":16,"column":21},"end":{"line":16,"column":63}},"3":{"start":{"line":18,"column":2},"end":{"line":34,"column":4}},"4":{"start":{"line":39,"column":2},"end":{"line":39,"column":24}}},"fnMap":{"0":{"name":"AppContent","decl":{"start":{"line":12,"column":9},"end":{"line":12,"column":19}},"loc":{"start":{"line":12,"column":22},"end":{"line":35,"column":1}},"line":12},"1":{"name":"App","decl":{"start":{"line":37,"column":9},"end":{"line":37,"column":12}},"loc":{"start":{"line":37,"column":15},"end":{"line":40,"column":1}},"line":37}},"branchMap":{"0":{"loc":{"start":{"line":20,"column":7},"end":{"line":20,"column":31}},"type":"binary-expr","locations":[{"start":{"line":20,"column":7},"end":{"line":20,"column":17}},{"start":{"line":20,"column":21},"end":{"line":20,"column":31}}],"line":20}},"s":{"0":2,"1":1,"2":1,"3":1,"4":2},"f":{"0":2,"1":2},"b":{"0":[1,1]},"_coverageSchema":"1a1c01bbd47fc00a2c39e90264f33305004495a9","hash":"27a85ae755ffb3448d59257c011b62eead7d7d31"}
,"C:\\Users\\user\\Desktop\\OpenHub marche pas\\frontend\\src\\component\\barreNavigation.jsx": {"path":"C:\\Users\\user\\Desktop\\OpenHub marche pas\\frontend\\src\\component\\barreNavigation.jsx","statementMap":{"0":{"start":{"line":9,"column":15},"end":{"line":48,"column":1}},"1":{"start":{"line":10,"column":19},"end":{"line":10,"column":32}},"2":{"start":{"line":12,"column":2},"end":{"line":47,"column":4}}},"fnMap":{"0":{"name":"(anonymous_0)","decl":{"start":{"line":9,"column":15},"end":{"line":9,"column":16}},"loc":{"start":{"line":9,"column":21},"end":{"line":48,"column":1}},"line":9}},"branchMap":{"0":{"loc":{"start":{"line":15,"column":23},"end":{"line":15,"column":68}},"type":"cond-expr","locations":[{"start":{"line":15,"column":55},"end":{"line":15,"column":63}},{"start":{"line":15,"column":66},"end":{"line":15,"column":68}}],"line":15},"1":{"loc":{"start":{"line":21,"column":23},"end":{"line":21,"column":70}},"type":"cond-expr","locations":[{"start":{"line":21,"column":57},"end":{"line":21,"column":65}},{"start":{"line":21,"column":68},"end":{"line":21,"column":70}}],"line":21},"2":{"loc":{"start":{"line":27,"column":23},"end":{"line":27,"column":72}},"type":"cond-expr","locations":[{"start":{"line":27,"column":59},"end":{"line":27,"column":67}},{"start":{"line":27,"column":70},"end":{"line":27,"column":72}}],"line":27},"3":{"loc":{"start":{"line":33,"column":23},"end":{"line":33,"column":72}},"type":"cond-expr","locations":[{"start":{"line":33,"column":59},"end":{"line":33,"column":67}},{"start":{"line":33,"column":70},"end":{"line":33,"column":72}}],"line":33},"4":{"loc":{"start":{"line":39,"column":23},"end":{"line":39,"column":70}},"type":"cond-expr","locations":[{"start":{"line":39,"column":57},"end":{"line":39,"column":65}},{"start":{"line":39,"column":68},"end":{"line":39,"column":70}}],"line":39}},"s":{"0":1,"1":1,"2":1},"f":{"0":1},"b":{"0":[0,1],"1":[0,1],"2":[0,1],"3":[0,1],"4":[0,1]},"_coverageSchema":"1a1c01bbd47fc00a2c39e90264f33305004495a9","hash":"2aec09d91a3d495af0f9fdaf94dc12d5502ced41"}
,"C:\\Users\\user\\Desktop\\OpenHub marche pas\\frontend\\src\\pages\\DonatePage.jsx": {"path":"C:\\Users\\user\\Desktop\\OpenHub marche pas\\frontend\\src\\pages\\DonatePage.jsx","statementMap":{"0":{"start":{"line":3,"column":19},"end":{"line":63,"column":1}},"1":{"start":{"line":4,"column":30},"end":{"line":4,"column":41}},"2":{"start":{"line":5,"column":32},"end":{"line":5,"column":47}},"3":{"start":{"line":6,"column":28},"end":{"line":6,"column":40}},"4":{"start":{"line":8,"column":23},"end":{"line":34,"column":3}},"5":{"start":{"line":9,"column":4},"end":{"line":9,"column":21}},"6":{"start":{"line":10,"column":4},"end":{"line":10,"column":17}},"7":{"start":{"line":12,"column":4},"end":{"line":33,"column":5}},"8":{"start":{"line":13,"column":23},"end":{"line":20,"column":7}},"9":{"start":{"line":22,"column":6},"end":{"line":26,"column":7}},"10":{"start":{"line":23,"column":8},"end":{"line":25,"column":10}},"11":{"start":{"line":28,"column":19},"end":{"line":28,"column":40}},"12":{"start":{"line":29,"column":6},"end":{"line":29,"column":38}},"13":{"start":{"line":31,"column":6},"end":{"line":31,"column":28}},"14":{"start":{"line":32,"column":6},"end":{"line":32,"column":24}},"15":{"start":{"line":36,"column":2},"end":{"line":62,"column":4}},"16":{"start":{"line":49,"column":27},"end":{"line":49,"column":52}},"17":{"start":{"line":65,"column":15},"end":{"line":96,"column":1}}},"fnMap":{"0":{"name":"(anonymous_0)","decl":{"start":{"line":3,"column":19},"end":{"line":3,"column":20}},"loc":{"start":{"line":3,"column":25},"end":{"line":63,"column":1}},"line":3},"1":{"name":"(anonymous_1)","decl":{"start":{"line":8,"column":23},"end":{"line":8,"column":24}},"loc":{"start":{"line":8,"column":35},"end":{"line":34,"column":3}},"line":8},"2":{"name":"(anonymous_2)","decl":{"start":{"line":49,"column":20},"end":{"line":49,"column":21}},"loc":{"start":{"line":49,"column":27},"end":{"line":49,"column":52}},"line":49}},"branchMap":{"0":{"loc":{"start":{"line":22,"column":6},"end":{"line":26,"column":7}},"type":"if","locations":[{"start":{"line":22,"column":6},"end":{"line":26,"column":7}},{"start":{},"end":{}}],"line":22},"1":{"loc":{"start":{"line":56,"column":11},"end":{"line":56,"column":57}},"type":"cond-expr","locations":[{"start":{"line":56,"column":21},"end":{"line":56,"column":37}},{"start":{"line":56,"column":40},"end":{"line":56,"column":57}}],"line":56},"2":{"loc":{"start":{"line":59,"column":9},"end":{"line":59,"column":53}},"type":"binary-expr","locations":[{"start":{"line":59,"column":9},"end":{"line":59,"column":14}},{"start":{"line":59,"column":18},"end":{"line":59,"column":53}}],"line":59}},"s":{"0":2,"1":14,"2":14,"3":14,"4":14,"5":4,"6":4,"7":4,"8":4,"9":3,"10":2,"11":1,"12":1,"13":2,"14":2,"15":14,"16":1,"17":2},"f":{"0":14,"1":4,"2":1},"b":{"0":[2,1],"1":[4,10],"2":[14,2]},"_coverageSchema":"1a1c01bbd47fc00a2c39e90264f33305004495a9","hash":"6bd713543b4c02aa4722d325110337237076ada2"}
,"C:\\Users\\user\\Desktop\\OpenHub marche pas\\frontend\\src\\pages\\Home.jsx": {"path":"C:\\Users\\user\\Desktop\\OpenHub marche pas\\frontend\\src\\pages\\Home.jsx","statementMap":{"0":{"start":{"line":5,"column":16},"end":{"line":5,"column":50}},"1":{"start":{"line":7,"column":13},"end":{"line":678,"column":1}},"2":{"start":{"line":8,"column":26},"end":{"line":8,"column":38}},"3":{"start":{"line":9,"column":30},"end":{"line":9,"column":42}},"4":{"start":{"line":10,"column":34},"end":{"line":10,"column":46}},"5":{"start":{"line":11,"column":42},"end":{"line":11,"column":54}},"6":{"start":{"line":12,"column":48},"end":{"line":12,"column":60}},"7":{"start":{"line":13,"column":32},"end":{"line":13,"column":46}},"8":{"start":{"line":14,"column":28},"end":{"line":14,"column":42}},"9":{"start":{"line":15,"column":40},"end":{"line":15,"column":55}},"10":{"start":{"line":16,"column":44},"end":{"line":16,"column":58}},"11":{"start":{"line":17,"column":48},"end":{"line":17,"column":62}},"12":{"start":{"line":18,"column":38},"end":{"line":18,"column":50}},"13":{"start":{"line":19,"column":42},"end":{"line":19,"column":54}},"14":{"start":{"line":20,"column":32},"end":{"line":20,"column":44}},"15":{"start":{"line":21,"column":52},"end":{"line":21,"column":64}},"16":{"start":{"line":22,"column":48},"end":{"line":22,"column":60}},"17":{"start":{"line":23,"column":40},"end":{"line":23,"column":55}},"18":{"start":{"line":24,"column":44},"end":{"line":24,"column":59}},"19":{"start":{"line":25,"column":58},"end":{"line":25,"column":73}},"20":{"start":{"line":27,"column":25},"end":{"line":30,"column":3}},"21":{"start":{"line":28,"column":4},"end":{"line":28,"column":28}},"22":{"start":{"line":29,"column":4},"end":{"line":29,"column":25}},"23":{"start":{"line":32,"column":27},"end":{"line":35,"column":3}},"24":{"start":{"line":33,"column":4},"end":{"line":33,"column":32}},"25":{"start":{"line":34,"column":4},"end":{"line":34,"column":25}},"26":{"start":{"line":37,"column":21},"end":{"line":41,"column":3}},"27":{"start":{"line":38,"column":4},"end":{"line":38,"column":27}},"28":{"start":{"line":39,"column":4},"end":{"line":39,"column":29}},"29":{"start":{"line":40,"column":4},"end":{"line":40,"column":26}},"30":{"start":{"line":43,"column":26},"end":{"line":86,"column":3}},"31":{"start":{"line":44,"column":4},"end":{"line":47,"column":5}},"32":{"start":{"line":45,"column":6},"end":{"line":45,"column":46}},"33":{"start":{"line":46,"column":6},"end":{"line":46,"column":13}},"34":{"start":{"line":48,"column":4},"end":{"line":51,"column":5}},"35":{"start":{"line":49,"column":6},"end":{"line":49,"column":44}},"36":{"start":{"line":50,"column":6},"end":{"line":50,"column":13}},"37":{"start":{"line":53,"column":4},"end":{"line":85,"column":5}},"38":{"start":{"line":54,"column":6},"end":{"line":54,"column":36}},"39":{"start":{"line":55,"column":6},"end":{"line":55,"column":47}},"40":{"start":{"line":56,"column":20},"end":{"line":56,"column":49}},"41":{"start":{"line":58,"column":23},"end":{"line":68,"column":8}},"42":{"start":{"line":70,"column":21},"end":{"line":70,"column":42}},"43":{"start":{"line":72,"column":6},"end":{"line":79,"column":7}},"44":{"start":{"line":73,"column":8},"end":{"line":73,"column":59}},"45":{"start":{"line":74,"column":8},"end":{"line":74,"column":33}},"46":{"start":{"line":75,"column":8},"end":{"line":75,"column":31}},"47":{"start":{"line":76,"column":8},"end":{"line":76,"column":26}},"48":{"start":{"line":78,"column":8},"end":{"line":78,"column":42}},"49":{"start":{"line":81,"column":6},"end":{"line":81,"column":57}},"50":{"start":{"line":82,"column":6},"end":{"line":82,"column":64}},"51":{"start":{"line":84,"column":6},"end":{"line":84,"column":37}},"52":{"start":{"line":88,"column":21},"end":{"line":123,"column":3}},"53":{"start":{"line":89,"column":4},"end":{"line":92,"column":5}},"54":{"start":{"line":90,"column":6},"end":{"line":90,"column":46}},"55":{"start":{"line":91,"column":6},"end":{"line":91,"column":13}},"56":{"start":{"line":94,"column":4},"end":{"line":122,"column":5}},"57":{"start":{"line":95,"column":6},"end":{"line":95,"column":29}},"58":{"start":{"line":96,"column":20},"end":{"line":96,"column":49}},"59":{"start":{"line":98,"column":23},"end":{"line":107,"column":8}},"60":{"start":{"line":108,"column":21},"end":{"line":108,"column":42}},"61":{"start":{"line":110,"column":6},"end":{"line":116,"column":7}},"62":{"start":{"line":111,"column":8},"end":{"line":111,"column":66}},"63":{"start":{"line":112,"column":8},"end":{"line":112,"column":28}},"64":{"start":{"line":113,"column":8},"end":{"line":113,"column":34}},"65":{"start":{"line":115,"column":8},"end":{"line":115,"column":42}},"66":{"start":{"line":118,"column":6},"end":{"line":118,"column":57}},"67":{"start":{"line":119,"column":6},"end":{"line":119,"column":52}},"68":{"start":{"line":121,"column":6},"end":{"line":121,"column":30}},"69":{"start":{"line":125,"column":19},"end":{"line":162,"column":3}},"70":{"start":{"line":126,"column":4},"end":{"line":129,"column":5}},"71":{"start":{"line":127,"column":6},"end":{"line":127,"column":44}},"72":{"start":{"line":128,"column":6},"end":{"line":128,"column":13}},"73":{"start":{"line":131,"column":4},"end":{"line":161,"column":5}},"74":{"start":{"line":132,"column":6},"end":{"line":132,"column":27}},"75":{"start":{"line":133,"column":6},"end":{"line":133,"column":38}},"76":{"start":{"line":134,"column":20},"end":{"line":134,"column":49}},"77":{"start":{"line":136,"column":23},"end":{"line":145,"column":8}},"78":{"start":{"line":147,"column":21},"end":{"line":147,"column":42}},"79":{"start":{"line":149,"column":6},"end":{"line":155,"column":7}},"80":{"start":{"line":150,"column":8},"end":{"line":150,"column":64}},"81":{"start":{"line":151,"column":8},"end":{"line":151,"column":26}},"82":{"start":{"line":152,"column":8},"end":{"line":152,"column":28}},"83":{"start":{"line":154,"column":8},"end":{"line":154,"column":42}},"84":{"start":{"line":157,"column":6},"end":{"line":157,"column":55}},"85":{"start":{"line":158,"column":6},"end":{"line":158,"column":50}},"86":{"start":{"line":160,"column":6},"end":{"line":160,"column":28}},"87":{"start":{"line":164,"column":31},"end":{"line":185,"column":3}},"88":{"start":{"line":165,"column":4},"end":{"line":184,"column":5}},"89":{"start":{"line":166,"column":20},"end":{"line":166,"column":49}},"90":{"start":{"line":168,"column":23},"end":{"line":174,"column":8}},"91":{"start":{"line":176,"column":6},"end":{"line":178,"column":7}},"92":{"start":{"line":177,"column":8},"end":{"line":177,"column":64}},"93":{"start":{"line":180,"column":19},"end":{"line":180,"column":40}},"94":{"start":{"line":181,"column":6},"end":{"line":181,"column":58}},"95":{"start":{"line":183,"column":6},"end":{"line":183,"column":63}},"96":{"start":{"line":187,"column":28},"end":{"line":208,"column":3}},"97":{"start":{"line":188,"column":18},"end":{"line":188,"column":47}},"98":{"start":{"line":190,"column":4},"end":{"line":207,"column":5}},"99":{"start":{"line":191,"column":23},"end":{"line":197,"column":8}},"100":{"start":{"line":199,"column":6},"end":{"line":201,"column":7}},"101":{"start":{"line":200,"column":8},"end":{"line":200,"column":66}},"102":{"start":{"line":203,"column":19},"end":{"line":203,"column":40}},"103":{"start":{"line":204,"column":6},"end":{"line":204,"column":55}},"104":{"start":{"line":206,"column":6},"end":{"line":206,"column":60}},"105":{"start":{"line":210,"column":27},"end":{"line":231,"column":3}},"106":{"start":{"line":211,"column":18},"end":{"line":211,"column":47}},"107":{"start":{"line":213,"column":4},"end":{"line":230,"column":5}},"108":{"start":{"line":214,"column":23},"end":{"line":220,"column":8}},"109":{"start":{"line":222,"column":6},"end":{"line":224,"column":7}},"110":{"start":{"line":223,"column":8},"end":{"line":223,"column":66}},"111":{"start":{"line":226,"column":29},"end":{"line":226,"column":50}},"112":{"start":{"line":227,"column":6},"end":{"line":227,"column":71}},"113":{"start":{"line":229,"column":6},"end":{"line":229,"column":59}},"114":{"start":{"line":233,"column":22},"end":{"line":254,"column":3}},"115":{"start":{"line":234,"column":18},"end":{"line":234,"column":47}},"116":{"start":{"line":236,"column":4},"end":{"line":253,"column":5}},"117":{"start":{"line":237,"column":23},"end":{"line":243,"column":8}},"118":{"start":{"line":245,"column":6},"end":{"line":247,"column":7}},"119":{"start":{"line":246,"column":8},"end":{"line":246,"column":64}},"120":{"start":{"line":249,"column":25},"end":{"line":249,"column":46}},"121":{"start":{"line":250,"column":6},"end":{"line":250,"column":61}},"122":{"start":{"line":252,"column":6},"end":{"line":252,"column":53}},"123":{"start":{"line":256,"column":20},"end":{"line":280,"column":3}},"124":{"start":{"line":257,"column":18},"end":{"line":257,"column":47}},"125":{"start":{"line":258,"column":4},"end":{"line":279,"column":5}},"126":{"start":{"line":259,"column":27},"end":{"line":265,"column":8}},"127":{"start":{"line":267,"column":6},"end":{"line":269,"column":7}},"128":{"start":{"line":268,"column":8},"end":{"line":268,"column":66}},"129":{"start":{"line":271,"column":23},"end":{"line":271,"column":48}},"130":{"start":{"line":272,"column":6},"end":{"line":272,"column":24}},"131":{"start":{"line":273,"column":6},"end":{"line":273,"column":26}},"132":{"start":{"line":275,"column":6},"end":{"line":275,"column":51}},"133":{"start":{"line":276,"column":6},"end":{"line":276,"column":30}},"134":{"start":{"line":278,"column":6},"end":{"line":278,"column":24}},"135":{"start":{"line":282,"column":24},"end":{"line":315,"column":3}},"136":{"start":{"line":283,"column":4},"end":{"line":285,"column":5}},"137":{"start":{"line":284,"column":6},"end":{"line":284,"column":13}},"138":{"start":{"line":287,"column":4},"end":{"line":314,"column":5}},"139":{"start":{"line":288,"column":6},"end":{"line":288,"column":42}},"140":{"start":{"line":289,"column":20},"end":{"line":289,"column":49}},"141":{"start":{"line":291,"column":23},"end":{"line":300,"column":8}},"142":{"start":{"line":302,"column":21},"end":{"line":302,"column":42}},"143":{"start":{"line":304,"column":6},"end":{"line":310,"column":7}},"144":{"start":{"line":305,"column":8},"end":{"line":305,"column":68}},"145":{"start":{"line":306,"column":8},"end":{"line":306,"column":34}},"146":{"start":{"line":307,"column":8},"end":{"line":307,"column":21}},"147":{"start":{"line":309,"column":8},"end":{"line":309,"column":42}},"148":{"start":{"line":312,"column":6},"end":{"line":312,"column":59}},"149":{"start":{"line":313,"column":6},"end":{"line":313,"column":54}},"150":{"start":{"line":317,"column":22},"end":{"line":350,"column":3}},"151":{"start":{"line":318,"column":4},"end":{"line":320,"column":5}},"152":{"start":{"line":319,"column":6},"end":{"line":319,"column":13}},"153":{"start":{"line":322,"column":4},"end":{"line":349,"column":5}},"154":{"start":{"line":323,"column":6},"end":{"line":323,"column":40}},"155":{"start":{"line":324,"column":20},"end":{"line":324,"column":49}},"156":{"start":{"line":326,"column":23},"end":{"line":335,"column":8}},"157":{"start":{"line":337,"column":21},"end":{"line":337,"column":42}},"158":{"start":{"line":339,"column":6},"end":{"line":345,"column":7}},"159":{"start":{"line":340,"column":8},"end":{"line":340,"column":66}},"160":{"start":{"line":341,"column":8},"end":{"line":341,"column":28}},"161":{"start":{"line":342,"column":8},"end":{"line":342,"column":21}},"162":{"start":{"line":344,"column":8},"end":{"line":344,"column":42}},"163":{"start":{"line":347,"column":6},"end":{"line":347,"column":57}},"164":{"start":{"line":348,"column":6},"end":{"line":348,"column":52}},"165":{"start":{"line":352,"column":2},"end":{"line":357,"column":9}},"166":{"start":{"line":353,"column":4},"end":{"line":353,"column":16}},"167":{"start":{"line":354,"column":4},"end":{"line":354,"column":27}},"168":{"start":{"line":355,"column":4},"end":{"line":355,"column":23}},"169":{"start":{"line":356,"column":4},"end":{"line":356,"column":24}},"170":{"start":{"line":359,"column":2},"end":{"line":365,"column":6}},"171":{"start":{"line":360,"column":4},"end":{"line":365,"column":6}},"172":{"start":{"line":367,"column":2},"end":{"line":372,"column":6}},"173":{"start":{"line":368,"column":4},"end":{"line":372,"column":6}},"174":{"start":{"line":374,"column":2},"end":{"line":677,"column":4}},"175":{"start":{"line":426,"column":18},"end":{"line":432,"column":27}},"176":{"start":{"line":429,"column":35},"end":{"line":429,"column":56}},"177":{"start":{"line":450,"column":18},"end":{"line":456,"column":27}},"178":{"start":{"line":453,"column":35},"end":{"line":453,"column":60}},"179":{"start":{"line":490,"column":35},"end":{"line":490,"column":64}},"180":{"start":{"line":496,"column":20},"end":{"line":498,"column":29}},"181":{"start":{"line":529,"column":37},"end":{"line":529,"column":73}},"182":{"start":{"line":538,"column":37},"end":{"line":538,"column":71}},"183":{"start":{"line":568,"column":35},"end":{"line":568,"column":66}},"184":{"start":{"line":574,"column":20},"end":{"line":576,"column":29}},"185":{"start":{"line":630,"column":31},"end":{"line":630,"column":64}},"186":{"start":{"line":663,"column":31},"end":{"line":663,"column":60}}},"fnMap":{"0":{"name":"(anonymous_0)","decl":{"start":{"line":7,"column":13},"end":{"line":7,"column":14}},"loc":{"start":{"line":7,"column":19},"end":{"line":678,"column":1}},"line":7},"1":{"name":"(anonymous_1)","decl":{"start":{"line":27,"column":25},"end":{"line":27,"column":26}},"loc":{"start":{"line":27,"column":36},"end":{"line":30,"column":3}},"line":27},"2":{"name":"(anonymous_2)","decl":{"start":{"line":32,"column":27},"end":{"line":32,"column":28}},"loc":{"start":{"line":32,"column":40},"end":{"line":35,"column":3}},"line":32},"3":{"name":"(anonymous_3)","decl":{"start":{"line":37,"column":21},"end":{"line":37,"column":22}},"loc":{"start":{"line":37,"column":27},"end":{"line":41,"column":3}},"line":37},"4":{"name":"(anonymous_4)","decl":{"start":{"line":43,"column":26},"end":{"line":43,"column":27}},"loc":{"start":{"line":43,"column":38},"end":{"line":86,"column":3}},"line":43},"5":{"name":"(anonymous_5)","decl":{"start":{"line":88,"column":21},"end":{"line":88,"column":22}},"loc":{"start":{"line":88,"column":33},"end":{"line":123,"column":3}},"line":88},"6":{"name":"(anonymous_6)","decl":{"start":{"line":125,"column":19},"end":{"line":125,"column":20}},"loc":{"start":{"line":125,"column":31},"end":{"line":162,"column":3}},"line":125},"7":{"name":"(anonymous_7)","decl":{"start":{"line":164,"column":31},"end":{"line":164,"column":32}},"loc":{"start":{"line":164,"column":43},"end":{"line":185,"column":3}},"line":164},"8":{"name":"(anonymous_8)","decl":{"start":{"line":187,"column":28},"end":{"line":187,"column":29}},"loc":{"start":{"line":187,"column":40},"end":{"line":208,"column":3}},"line":187},"9":{"name":"(anonymous_9)","decl":{"start":{"line":210,"column":27},"end":{"line":210,"column":28}},"loc":{"start":{"line":210,"column":39},"end":{"line":231,"column":3}},"line":210},"10":{"name":"(anonymous_10)","decl":{"start":{"line":233,"column":22},"end":{"line":233,"column":23}},"loc":{"start":{"line":233,"column":34},"end":{"line":254,"column":3}},"line":233},"11":{"name":"(anonymous_11)","decl":{"start":{"line":256,"column":20},"end":{"line":256,"column":21}},"loc":{"start":{"line":256,"column":32},"end":{"line":280,"column":3}},"line":256},"12":{"name":"(anonymous_12)","decl":{"start":{"line":282,"column":24},"end":{"line":282,"column":25}},"loc":{"start":{"line":282,"column":45},"end":{"line":315,"column":3}},"line":282},"13":{"name":"(anonymous_13)","decl":{"start":{"line":317,"column":22},"end":{"line":317,"column":23}},"loc":{"start":{"line":317,"column":41},"end":{"line":350,"column":3}},"line":317},"14":{"name":"(anonymous_14)","decl":{"start":{"line":352,"column":12},"end":{"line":352,"column":13}},"loc":{"start":{"line":352,"column":18},"end":{"line":357,"column":3}},"line":352},"15":{"name":"(anonymous_15)","decl":{"start":{"line":425,"column":27},"end":{"line":425,"column":28}},"loc":{"start":{"line":426,"column":18},"end":{"line":432,"column":27}},"line":426},"16":{"name":"(anonymous_16)","decl":{"start":{"line":429,"column":29},"end":{"line":429,"column":30}},"loc":{"start":{"line":429,"column":35},"end":{"line":429,"column":56}},"line":429},"17":{"name":"(anonymous_17)","decl":{"start":{"line":449,"column":33},"end":{"line":449,"column":34}},"loc":{"start":{"line":450,"column":18},"end":{"line":456,"column":27}},"line":450},"18":{"name":"(anonymous_18)","decl":{"start":{"line":453,"column":29},"end":{"line":453,"column":30}},"loc":{"start":{"line":453,"column":35},"end":{"line":453,"column":60}},"line":453},"19":{"name":"(anonymous_19)","decl":{"start":{"line":490,"column":28},"end":{"line":490,"column":29}},"loc":{"start":{"line":490,"column":35},"end":{"line":490,"column":64}},"line":490},"20":{"name":"(anonymous_20)","decl":{"start":{"line":495,"column":39},"end":{"line":495,"column":40}},"loc":{"start":{"line":496,"column":20},"end":{"line":498,"column":29}},"line":496},"21":{"name":"(anonymous_21)","decl":{"start":{"line":529,"column":30},"end":{"line":529,"column":31}},"loc":{"start":{"line":529,"column":37},"end":{"line":529,"column":73}},"line":529},"22":{"name":"(anonymous_22)","decl":{"start":{"line":538,"column":30},"end":{"line":538,"column":31}},"loc":{"start":{"line":538,"column":37},"end":{"line":538,"column":71}},"line":538},"23":{"name":"(anonymous_23)","decl":{"start":{"line":568,"column":28},"end":{"line":568,"column":29}},"loc":{"start":{"line":568,"column":35},"end":{"line":568,"column":66}},"line":568},"24":{"name":"(anonymous_24)","decl":{"start":{"line":573,"column":32},"end":{"line":573,"column":33}},"loc":{"start":{"line":574,"column":20},"end":{"line":576,"column":29}},"line":574},"25":{"name":"(anonymous_25)","decl":{"start":{"line":630,"column":25},"end":{"line":630,"column":26}},"loc":{"start":{"line":630,"column":31},"end":{"line":630,"column":64}},"line":630},"26":{"name":"(anonymous_26)","decl":{"start":{"line":663,"column":25},"end":{"line":663,"column":26}},"loc":{"start":{"line":663,"column":31},"end":{"line":663,"column":60}},"line":663}},"branchMap":{"0":{"loc":{"start":{"line":5,"column":16},"end":{"line":5,"column":50}},"type":"binary-expr","locations":[{"start":{"line":5,"column":16},"end":{"line":5,"column":44}},{"start":{"line":5,"column":48},"end":{"line":5,"column":50}}],"line":5},"1":{"loc":{"start":{"line":44,"column":4},"end":{"line":47,"column":5}},"type":"if","locations":[{"start":{"line":44,"column":4},"end":{"line":47,"column":5}},{"start":{},"end":{}}],"line":44},"2":{"loc":{"start":{"line":48,"column":4},"end":{"line":51,"column":5}},"type":"if","locations":[{"start":{"line":48,"column":4},"end":{"line":51,"column":5}},{"start":{},"end":{}}],"line":48},"3":{"loc":{"start":{"line":72,"column":6},"end":{"line":79,"column":7}},"type":"if","locations":[{"start":{"line":72,"column":6},"end":{"line":79,"column":7}},{"start":{"line":77,"column":13},"end":{"line":79,"column":7}}],"line":72},"4":{"loc":{"start":{"line":89,"column":4},"end":{"line":92,"column":5}},"type":"if","locations":[{"start":{"line":89,"column":4},"end":{"line":92,"column":5}},{"start":{},"end":{}}],"line":89},"5":{"loc":{"start":{"line":110,"column":6},"end":{"line":116,"column":7}},"type":"if","locations":[{"start":{"line":110,"column":6},"end":{"line":116,"column":7}},{"start":{"line":114,"column":13},"end":{"line":116,"column":7}}],"line":110},"6":{"loc":{"start":{"line":126,"column":4},"end":{"line":129,"column":5}},"type":"if","locations":[{"start":{"line":126,"column":4},"end":{"line":129,"column":5}},{"start":{},"end":{}}],"line":126},"7":{"loc":{"start":{"line":149,"column":6},"end":{"line":155,"column":7}},"type":"if","locations":[{"start":{"line":149,"column":6},"end":{"line":155,"column":7}},{"start":{"line":153,"column":13},"end":{"line":155,"column":7}}],"line":149},"8":{"loc":{"start":{"line":176,"column":6},"end":{"line":178,"column":7}},"type":"if","locations":[{"start":{"line":176,"column":6},"end":{"line":178,"column":7}},{"start":{},"end":{}}],"line":176},"9":{"loc":{"start":{"line":181,"column":25},"end":{"line":181,"column":56}},"type":"cond-expr","locations":[{"start":{"line":181,"column":47},"end":{"line":181,"column":51}},{"start":{"line":181,"column":54},"end":{"line":181,"column":56}}],"line":181},"10":{"loc":{"start":{"line":199,"column":6},"end":{"line":201,"column":7}},"type":"if","locations":[{"start":{"line":199,"column":6},"end":{"line":201,"column":7}},{"start":{},"end":{}}],"line":199},"11":{"loc":{"start":{"line":204,"column":22},"end":{"line":204,"column":53}},"type":"cond-expr","locations":[{"start":{"line":204,"column":44},"end":{"line":204,"column":48}},{"start":{"line":204,"column":51},"end":{"line":204,"column":53}}],"line":204},"12":{"loc":{"start":{"line":222,"column":6},"end":{"line":224,"column":7}},"type":"if","locations":[{"start":{"line":222,"column":6},"end":{"line":224,"column":7}},{"start":{},"end":{}}],"line":222},"13":{"loc":{"start":{"line":227,"column":18},"end":{"line":227,"column":69}},"type":"cond-expr","locations":[{"start":{"line":227,"column":50},"end":{"line":227,"column":64}},{"start":{"line":227,"column":67},"end":{"line":227,"column":69}}],"line":227},"14":{"loc":{"start":{"line":245,"column":6},"end":{"line":247,"column":7}},"type":"if","locations":[{"start":{"line":245,"column":6},"end":{"line":247,"column":7}},{"start":{},"end":{}}],"line":245},"15":{"loc":{"start":{"line":250,"column":16},"end":{"line":250,"column":59}},"type":"cond-expr","locations":[{"start":{"line":250,"column":44},"end":{"line":250,"column":54}},{"start":{"line":250,"column":57},"end":{"line":250,"column":59}}],"line":250},"16":{"loc":{"start":{"line":267,"column":6},"end":{"line":269,"column":7}},"type":"if","locations":[{"start":{"line":267,"column":6},"end":{"line":269,"column":7}},{"start":{},"end":{}}],"line":267},"17":{"loc":{"start":{"line":283,"column":4},"end":{"line":285,"column":5}},"type":"if","locations":[{"start":{"line":283,"column":4},"end":{"line":285,"column":5}},{"start":{},"end":{}}],"line":283},"18":{"loc":{"start":{"line":304,"column":6},"end":{"line":310,"column":7}},"type":"if","locations":[{"start":{"line":304,"column":6},"end":{"line":310,"column":7}},{"start":{"line":308,"column":13},"end":{"line":310,"column":7}}],"line":304},"19":{"loc":{"start":{"line":318,"column":4},"end":{"line":320,"column":5}},"type":"if","locations":[{"start":{"line":318,"column":4},"end":{"line":320,"column":5}},{"start":{},"end":{}}],"line":318},"20":{"loc":{"start":{"line":339,"column":6},"end":{"line":345,"column":7}},"type":"if","locations":[{"start":{"line":339,"column":6},"end":{"line":345,"column":7}},{"start":{"line":343,"column":13},"end":{"line":345,"column":7}}],"line":339},"21":{"loc":{"start":{"line":359,"column":2},"end":{"line":365,"column":6}},"type":"if","locations":[{"start":{"line":359,"column":2},"end":{"line":365,"column":6}},{"start":{},"end":{}}],"line":359},"22":{"loc":{"start":{"line":367,"column":2},"end":{"line":372,"column":6}},"type":"if","locations":[{"start":{"line":367,"column":2},"end":{"line":372,"column":6}},{"start":{},"end":{}}],"line":367},"23":{"loc":{"start":{"line":381,"column":15},"end":{"line":381,"column":45}},"type":"binary-expr","locations":[{"start":{"line":381,"column":15},"end":{"line":381,"column":29}},{"start":{"line":381,"column":33},"end":{"line":381,"column":45}}],"line":381},"24":{"loc":{"start":{"line":381,"column":48},"end":{"line":381,"column":76}},"type":"binary-expr","locations":[{"start":{"line":381,"column":48},"end":{"line":381,"column":61}},{"start":{"line":381,"column":65},"end":{"line":381,"column":76}}],"line":381},"25":{"loc":{"start":{"line":383,"column":45},"end":{"line":383,"column":64}},"type":"binary-expr","locations":[{"start":{"line":383,"column":45},"end":{"line":383,"column":55}},{"start":{"line":383,"column":59},"end":{"line":383,"column":64}}],"line":383},"26":{"loc":{"start":{"line":397,"column":19},"end":{"line":402,"column":31}},"type":"cond-expr","locations":[{"start":{"line":399,"column":22},"end":{"line":401,"column":23}},{"start":{"line":402,"column":22},"end":{"line":402,"column":31}}],"line":397},"27":{"loc":{"start":{"line":408,"column":19},"end":{"line":410,"column":31}},"type":"cond-expr","locations":[{"start":{"line":409,"column":22},"end":{"line":409,"column":80}},{"start":{"line":410,"column":22},"end":{"line":410,"column":31}}],"line":408},"28":{"loc":{"start":{"line":424,"column":15},"end":{"line":436,"column":15}},"type":"cond-expr","locations":[{"start":{"line":425,"column":16},"end":{"line":433,"column":18}},{"start":{"line":435,"column":16},"end":{"line":435,"column":76}}],"line":424},"29":{"loc":{"start":{"line":448,"column":15},"end":{"line":460,"column":15}},"type":"cond-expr","locations":[{"start":{"line":449,"column":16},"end":{"line":457,"column":18}},{"start":{"line":459,"column":16},"end":{"line":459,"column":72}}],"line":448},"30":{"loc":{"start":{"line":466,"column":9},"end":{"line":478,"column":9}},"type":"binary-expr","locations":[{"start":{"line":466,"column":9},"end":{"line":466,"column":16}},{"start":{"line":467,"column":10},"end":{"line":477,"column":16}}],"line":466},"31":{"loc":{"start":{"line":469,"column":14},"end":{"line":473,"column":32}},"type":"cond-expr","locations":[{"start":{"line":470,"column":18},"end":{"line":470,"column":32}},{"start":{"line":471,"column":18},"end":{"line":473,"column":32}}],"line":469},"32":{"loc":{"start":{"line":471,"column":18},"end":{"line":473,"column":32}},"type":"cond-expr","locations":[{"start":{"line":472,"column":20},"end":{"line":472,"column":31}},{"start":{"line":473,"column":20},"end":{"line":473,"column":32}}],"line":471},"33":{"loc":{"start":{"line":504,"column":28},"end":{"line":504,"column":54}},"type":"binary-expr","locations":[{"start":{"line":504,"column":28},"end":{"line":504,"column":39}},{"start":{"line":504,"column":43},"end":{"line":504,"column":54}}],"line":504},"34":{"loc":{"start":{"line":506,"column":19},"end":{"line":513,"column":19}},"type":"cond-expr","locations":[{"start":{"line":507,"column":20},"end":{"line":510,"column":23}},{"start":{"line":512,"column":20},"end":{"line":512,"column":33}}],"line":506},"35":{"loc":{"start":{"line":548,"column":17},"end":{"line":555,"column":17}},"type":"cond-expr","locations":[{"start":{"line":549,"column":18},"end":{"line":552,"column":21}},{"start":{"line":554,"column":18},"end":{"line":554,"column":39}}],"line":548},"36":{"loc":{"start":{"line":582,"column":28},"end":{"line":582,"column":58}},"type":"binary-expr","locations":[{"start":{"line":582,"column":28},"end":{"line":582,"column":41}},{"start":{"line":582,"column":45},"end":{"line":582,"column":58}}],"line":582},"37":{"loc":{"start":{"line":584,"column":19},"end":{"line":591,"column":19}},"type":"cond-expr","locations":[{"start":{"line":585,"column":20},"end":{"line":588,"column":23}},{"start":{"line":590,"column":20},"end":{"line":590,"column":34}}],"line":584},"38":{"loc":{"start":{"line":599,"column":9},"end":{"line":638,"column":9}},"type":"binary-expr","locations":[{"start":{"line":599,"column":9},"end":{"line":599,"column":20}},{"start":{"line":599,"column":24},"end":{"line":599,"column":39}},{"start":{"line":600,"column":10},"end":{"line":637,"column":16}}],"line":599},"39":{"loc":{"start":{"line":609,"column":22},"end":{"line":609,"column":68}},"type":"binary-expr","locations":[{"start":{"line":609,"column":22},"end":{"line":609,"column":49}},{"start":{"line":609,"column":53},"end":{"line":609,"column":68}}],"line":609},"40":{"loc":{"start":{"line":613,"column":22},"end":{"line":613,"column":71}},"type":"binary-expr","locations":[{"start":{"line":613,"column":22},"end":{"line":613,"column":52}},{"start":{"line":613,"column":56},"end":{"line":613,"column":71}}],"line":613},"41":{"loc":{"start":{"line":619,"column":21},"end":{"line":621,"column":29}},"type":"cond-expr","locations":[{"start":{"line":620,"column":24},"end":{"line":620,"column":80}},{"start":{"line":621,"column":24},"end":{"line":621,"column":29}}],"line":619},"42":{"loc":{"start":{"line":623,"column":21},"end":{"line":625,"column":29}},"type":"cond-expr","locations":[{"start":{"line":624,"column":24},"end":{"line":624,"column":78}},{"start":{"line":625,"column":24},"end":{"line":625,"column":29}}],"line":623},"43":{"loc":{"start":{"line":641,"column":9},"end":{"line":671,"column":9}},"type":"binary-expr","locations":[{"start":{"line":641,"column":9},"end":{"line":641,"column":20}},{"start":{"line":641,"column":24},"end":{"line":641,"column":37}},{"start":{"line":642,"column":10},"end":{"line":670,"column":16}}],"line":641},"44":{"loc":{"start":{"line":651,"column":22},"end":{"line":651,"column":66}},"type":"binary-expr","locations":[{"start":{"line":651,"column":22},"end":{"line":651,"column":47}},{"start":{"line":651,"column":51},"end":{"line":651,"column":66}}],"line":651},"45":{"loc":{"start":{"line":655,"column":22},"end":{"line":655,"column":70}},"type":"binary-expr","locations":[{"start":{"line":655,"column":22},"end":{"line":655,"column":51}},{"start":{"line":655,"column":55},"end":{"line":655,"column":70}}],"line":655},"46":{"loc":{"start":{"line":659,"column":22},"end":{"line":659,"column":60}},"type":"binary-expr","locations":[{"start":{"line":659,"column":22},"end":{"line":659,"column":41}},{"start":{"line":659,"column":45},"end":{"line":659,"column":60}}],"line":659}},"s":{"0":2,"1":2,"2":34,"3":32,"4":32,"5":32,"6":32,"7":32,"8":32,"9":32,"10":32,"11":32,"12":32,"13":32,"14":32,"15":32,"16":32,"17":32,"18":32,"19":32,"20":32,"21":0,"22":0,"23":32,"24":0,"25":0,"26":32,"27":0,"28":0,"29":0,"30":32,"31":2,"32":1,"33":1,"34":1,"35":0,"36":0,"37":1,"38":1,"39":1,"40":1,"41":1,"42":1,"43":1,"44":1,"45":1,"46":1,"47":1,"48":0,"49":0,"50":0,"51":1,"52":32,"53":0,"54":0,"55":0,"56":0,"57":0,"58":0,"59":0,"60":0,"61":0,"62":0,"63":0,"64":0,"65":0,"66":0,"67":0,"68":0,"69":32,"70":1,"71":0,"72":0,"73":1,"74":1,"75":1,"76":1,"77":1,"78":1,"79":1,"80":1,"81":1,"82":1,"83":0,"84":0,"85":0,"86":1,"87":32,"88":13,"89":13,"90":13,"91":13,"92":0,"93":13,"94":13,"95":0,"96":32,"97":13,"98":13,"99":13,"100":13,"101":0,"102":13,"103":13,"104":0,"105":32,"106":13,"107":13,"108":13,"109":13,"110":0,"111":13,"112":13,"113":0,"114":32,"115":14,"116":14,"117":14,"118":14,"119":0,"120":14,"121":14,"122":0,"123":32,"124":14,"125":14,"126":14,"127":14,"128":1,"129":13,"130":13,"131":13,"132":1,"133":1,"134":14,"135":32,"136":0,"137":0,"138":0,"139":0,"140":0,"141":0,"142":0,"143":0,"144":0,"145":0,"146":0,"147":0,"148":0,"149":0,"150":32,"151":0,"152":0,"153":0,"154":0,"155":0,"156":0,"157":0,"158":0,"159":0,"160":0,"161":0,"162":0,"163":0,"164":0,"165":32,"166":13,"167":13,"168":13,"169":13,"170":32,"171":13,"172":19,"173":1,"174":18,"175":40,"176":0,"177":16,"178":0,"179":1,"180":24,"181":1,"182":1,"183":0,"184":24,"185":0,"186":0},"f":{"0":34,"1":0,"2":0,"3":0,"4":2,"5":0,"6":1,"7":13,"8":13,"9":13,"10":14,"11":14,"12":0,"13":0,"14":13,"15":40,"16":0,"17":16,"18":0,"19":1,"20":24,"21":1,"22":1,"23":0,"24":24,"25":0,"26":0},"b":{"0":[2,2],"1":[1,1],"2":[0,1],"3":[1,0],"4":[0,0],"5":[0,0],"6":[0,1],"7":[1,0],"8":[0,13],"9":[12,1],"10":[0,13],"11":[12,1],"12":[0,13],"13":[12,1],"14":[0,14],"15":[13,1],"16":[1,13],"17":[0,0],"18":[0,0],"19":[0,0],"20":[0,0],"21":[13,19],"22":[1,18],"23":[18,0],"24":[18,0],"25":[18,0],"26":[17,1],"27":[17,1],"28":[12,6],"29":[12,6],"30":[18,5],"31":[2,3],"32":[2,1],"33":[18,17],"34":[1,17],"35":[1,17],"36":[18,18],"37":[0,18],"38":[18,0,0],"39":[0,0],"40":[0,0],"41":[0,0],"42":[0,0],"43":[18,0,0],"44":[0,0],"45":[0,0],"46":[0,0]},"_coverageSchema":"1a1c01bbd47fc00a2c39e90264f33305004495a9","hash":"45cd19a6e3087f113690f9cb8908449ef11b39de"}
,"C:\\Users\\user\\Desktop\\OpenHub marche pas\\frontend\\src\\pages\\Login.jsx": {"path":"C:\\Users\\user\\Desktop\\OpenHub marche pas\\frontend\\src\\pages\\Login.jsx","statementMap":{"0":{"start":{"line":6,"column":16},"end":{"line":6,"column":44}},"1":{"start":{"line":8,"column":0},"end":{"line":8,"column":33}},"2":{"start":{"line":9,"column":14},"end":{"line":190,"column":1}},"3":{"start":{"line":10,"column":28},"end":{"line":10,"column":40}},"4":{"start":{"line":11,"column":34},"end":{"line":11,"column":46}},"5":{"start":{"line":12,"column":28},"end":{"line":12,"column":40}},"6":{"start":{"line":13,"column":36},"end":{"line":13,"column":51}},"7":{"start":{"line":14,"column":19},"end":{"line":14,"column":32}},"8":{"start":{"line":16,"column":23},"end":{"line":74,"column":3}},"9":{"start":{"line":17,"column":4},"end":{"line":17,"column":23}},"10":{"start":{"line":18,"column":4},"end":{"line":18,"column":17}},"11":{"start":{"line":19,"column":4},"end":{"line":19,"column":23}},"12":{"start":{"line":22,"column":4},"end":{"line":26,"column":5}},"13":{"start":{"line":23,"column":6},"end":{"line":23,"column":51}},"14":{"start":{"line":24,"column":6},"end":{"line":24,"column":26}},"15":{"start":{"line":25,"column":6},"end":{"line":25,"column":13}},"16":{"start":{"line":28,"column":4},"end":{"line":32,"column":5}},"17":{"start":{"line":29,"column":6},"end":{"line":29,"column":39}},"18":{"start":{"line":30,"column":6},"end":{"line":30,"column":26}},"19":{"start":{"line":31,"column":6},"end":{"line":31,"column":13}},"20":{"start":{"line":33,"column":4},"end":{"line":73,"column":5}},"21":{"start":{"line":35,"column":23},"end":{"line":41,"column":8}},"22":{"start":{"line":54,"column":19},"end":{"line":54,"column":40}},"23":{"start":{"line":56,"column":6},"end":{"line":58,"column":7}},"24":{"start":{"line":57,"column":8},"end":{"line":57,"column":67}},"25":{"start":{"line":60,"column":6},"end":{"line":68,"column":7}},"26":{"start":{"line":61,"column":8},"end":{"line":61,"column":50}},"27":{"start":{"line":62,"column":8},"end":{"line":62,"column":50}},"28":{"start":{"line":63,"column":8},"end":{"line":65,"column":11}},"29":{"start":{"line":67,"column":8},"end":{"line":67,"column":58}},"30":{"start":{"line":70,"column":6},"end":{"line":70,"column":64}},"31":{"start":{"line":72,"column":6},"end":{"line":72,"column":26}},"32":{"start":{"line":76,"column":2},"end":{"line":189,"column":4}},"33":{"start":{"line":118,"column":33},"end":{"line":118,"column":57}},"34":{"start":{"line":133,"column":33},"end":{"line":133,"column":60}},"35":{"start":{"line":170,"column":29},"end":{"line":170,"column":50}},"36":{"start":{"line":181,"column":29},"end":{"line":181,"column":56}}},"fnMap":{"0":{"name":"(anonymous_0)","decl":{"start":{"line":9,"column":14},"end":{"line":9,"column":15}},"loc":{"start":{"line":9,"column":20},"end":{"line":190,"column":1}},"line":9},"1":{"name":"(anonymous_1)","decl":{"start":{"line":16,"column":23},"end":{"line":16,"column":24}},"loc":{"start":{"line":16,"column":36},"end":{"line":74,"column":3}},"line":16},"2":{"name":"(anonymous_2)","decl":{"start":{"line":118,"column":26},"end":{"line":118,"column":27}},"loc":{"start":{"line":118,"column":33},"end":{"line":118,"column":57}},"line":118},"3":{"name":"(anonymous_3)","decl":{"start":{"line":133,"column":26},"end":{"line":133,"column":27}},"loc":{"start":{"line":133,"column":33},"end":{"line":133,"column":60}},"line":133},"4":{"name":"(anonymous_4)","decl":{"start":{"line":170,"column":23},"end":{"line":170,"column":24}},"loc":{"start":{"line":170,"column":29},"end":{"line":170,"column":50}},"line":170},"5":{"name":"(anonymous_5)","decl":{"start":{"line":181,"column":23},"end":{"line":181,"column":24}},"loc":{"start":{"line":181,"column":29},"end":{"line":181,"column":56}},"line":181}},"branchMap":{"0":{"loc":{"start":{"line":22,"column":4},"end":{"line":26,"column":5}},"type":"if","locations":[{"start":{"line":22,"column":4},"end":{"line":26,"column":5}},{"start":{},"end":{}}],"line":22},"1":{"loc":{"start":{"line":22,"column":8},"end":{"line":22,"column":27}},"type":"binary-expr","locations":[{"start":{"line":22,"column":8},"end":{"line":22,"column":14}},{"start":{"line":22,"column":18},"end":{"line":22,"column":27}}],"line":22},"2":{"loc":{"start":{"line":28,"column":4},"end":{"line":32,"column":5}},"type":"if","locations":[{"start":{"line":28,"column":4},"end":{"line":32,"column":5}},{"start":{},"end":{}}],"line":28},"3":{"loc":{"start":{"line":56,"column":6},"end":{"line":58,"column":7}},"type":"if","locations":[{"start":{"line":56,"column":6},"end":{"line":58,"column":7}},{"start":{},"end":{}}],"line":56},"4":{"loc":{"start":{"line":57,"column":24},"end":{"line":57,"column":65}},"type":"binary-expr","locations":[{"start":{"line":57,"column":24},"end":{"line":57,"column":36}},{"start":{"line":57,"column":40},"end":{"line":57,"column":65}}],"line":57},"5":{"loc":{"start":{"line":60,"column":6},"end":{"line":68,"column":7}},"type":"if","locations":[{"start":{"line":60,"column":6},"end":{"line":68,"column":7}},{"start":{"line":66,"column":13},"end":{"line":68,"column":7}}],"line":60},"6":{"loc":{"start":{"line":70,"column":15},"end":{"line":70,"column":62}},"type":"binary-expr","locations":[{"start":{"line":70,"column":15},"end":{"line":70,"column":26}},{"start":{"line":70,"column":30},"end":{"line":70,"column":62}}],"line":70},"7":{"loc":{"start":{"line":141,"column":51},"end":{"line":141,"column":82}},"type":"cond-expr","locations":[{"start":{"line":141,"column":63},"end":{"line":141,"column":77}},{"start":{"line":141,"column":80},"end":{"line":141,"column":82}}],"line":141},"8":{"loc":{"start":{"line":144,"column":15},"end":{"line":151,"column":15}},"type":"cond-expr","locations":[{"start":{"line":145,"column":16},"end":{"line":148,"column":19}},{"start":{"line":150,"column":16},"end":{"line":150,"column":30}}],"line":144},"9":{"loc":{"start":{"line":156,"column":11},"end":{"line":161,"column":11}},"type":"binary-expr","locations":[{"start":{"line":156,"column":11},"end":{"line":156,"column":16}},{"start":{"line":157,"column":12},"end":{"line":160,"column":18}}],"line":156}},"s":{"0":2,"1":2,"2":2,"3":35,"4":35,"5":35,"6":35,"7":35,"8":35,"9":8,"10":8,"11":8,"12":8,"13":3,"14":3,"15":3,"16":5,"17":1,"18":1,"19":1,"20":4,"21":4,"22":3,"23":3,"24":1,"25":2,"26":1,"27":1,"28":1,"29":1,"30":3,"31":4,"32":35,"33":6,"34":6,"35":1,"36":1},"f":{"0":35,"1":8,"2":6,"3":6,"4":1,"5":1},"b":{"0":[3,5],"1":[8,6],"2":[1,4],"3":[1,2],"4":[1,0],"5":[1,1],"6":[3,0],"7":[4,31],"8":[4,31],"9":[35,7]},"_coverageSchema":"1a1c01bbd47fc00a2c39e90264f33305004495a9","hash":"2e13dba1185de5044b384f3ad2d33ece0967a830"}
,"C:\\Users\\user\\Desktop\\OpenHub marche pas\\frontend\\src\\pages\\Logout.jsx": {"path":"C:\\Users\\user\\Desktop\\OpenHub marche pas\\frontend\\src\\pages\\Logout.jsx","statementMap":{"0":{"start":{"line":3,"column":21},"end":{"line":42,"column":1}},"1":{"start":{"line":4,"column":23},"end":{"line":12,"column":3}},"2":{"start":{"line":6,"column":4},"end":{"line":6,"column":37}},"3":{"start":{"line":9,"column":4},"end":{"line":11,"column":7}},"4":{"start":{"line":10,"column":6},"end":{"line":10,"column":38}},"5":{"start":{"line":14,"column":27},"end":{"line":17,"column":3}},"6":{"start":{"line":16,"column":4},"end":{"line":16,"column":35}},"7":{"start":{"line":19,"column":2},"end":{"line":41,"column":4}}},"fnMap":{"0":{"name":"(anonymous_0)","decl":{"start":{"line":3,"column":21},"end":{"line":3,"column":22}},"loc":{"start":{"line":3,"column":27},"end":{"line":42,"column":1}},"line":3},"1":{"name":"(anonymous_1)","decl":{"start":{"line":4,"column":23},"end":{"line":4,"column":24}},"loc":{"start":{"line":4,"column":29},"end":{"line":12,"column":3}},"line":4},"2":{"name":"(anonymous_2)","decl":{"start":{"line":9,"column":15},"end":{"line":9,"column":16}},"loc":{"start":{"line":9,"column":21},"end":{"line":11,"column":5}},"line":9},"3":{"name":"(anonymous_3)","decl":{"start":{"line":14,"column":27},"end":{"line":14,"column":28}},"loc":{"start":{"line":14,"column":33},"end":{"line":17,"column":3}},"line":14}},"branchMap":{},"s":{"0":2,"1":4,"2":1,"3":1,"4":0,"5":4,"6":1,"7":4},"f":{"0":4,"1":1,"2":0,"3":1},"b":{},"_coverageSchema":"1a1c01bbd47fc00a2c39e90264f33305004495a9","hash":"3afd0e5efa907266bb83dd0908d8bcdb5eec6af1"}
,"C:\\Users\\user\\Desktop\\OpenHub marche pas\\frontend\\src\\pages\\Messages.jsx": {"path":"C:\\Users\\user\\Desktop\\OpenHub marche pas\\frontend\\src\\pages\\Messages.jsx","statementMap":{"0":{"start":{"line":4,"column":16},"end":{"line":4,"column":44}},"1":{"start":{"line":7,"column":17},"end":{"line":438,"column":1}},"2":{"start":{"line":9,"column":26},"end":{"line":9,"column":40}},"3":{"start":{"line":10,"column":32},"end":{"line":10,"column":44}},"4":{"start":{"line":11,"column":44},"end":{"line":11,"column":56}},"5":{"start":{"line":12,"column":34},"end":{"line":12,"column":46}},"6":{"start":{"line":13,"column":42},"end":{"line":13,"column":56}},"7":{"start":{"line":14,"column":36},"end":{"line":14,"column":48}},"8":{"start":{"line":15,"column":32},"end":{"line":15,"column":72}},"9":{"start":{"line":16,"column":30},"end":{"line":16,"column":42}},"10":{"start":{"line":17,"column":32},"end":{"line":17,"column":46}},"11":{"start":{"line":18,"column":28},"end":{"line":18,"column":60}},"12":{"start":{"line":21,"column":16},"end":{"line":21,"column":45}},"13":{"start":{"line":22,"column":18},"end":{"line":25,"column":3}},"14":{"start":{"line":27,"column":20},"end":{"line":78,"column":3}},"15":{"start":{"line":28,"column":4},"end":{"line":77,"column":5}},"16":{"start":{"line":30,"column":6},"end":{"line":34,"column":7}},"17":{"start":{"line":31,"column":8},"end":{"line":31,"column":79}},"18":{"start":{"line":32,"column":8},"end":{"line":32,"column":26}},"19":{"start":{"line":33,"column":8},"end":{"line":33,"column":15}},"20":{"start":{"line":36,"column":53},"end":{"line":41,"column":8}},"21":{"start":{"line":44,"column":6},"end":{"line":57,"column":7}},"22":{"start":{"line":50,"column":8},"end":{"line":53,"column":11}},"23":{"start":{"line":54,"column":8},"end":{"line":54,"column":41}},"24":{"start":{"line":55,"column":8},"end":{"line":55,"column":26}},"25":{"start":{"line":56,"column":8},"end":{"line":56,"column":15}},"26":{"start":{"line":59,"column":33},"end":{"line":64,"column":8}},"27":{"start":{"line":66,"column":6},"end":{"line":66,"column":17}},"28":{"start":{"line":67,"column":6},"end":{"line":67,"column":20}},"29":{"start":{"line":68,"column":6},"end":{"line":68,"column":26}},"30":{"start":{"line":71,"column":6},"end":{"line":71,"column":38}},"31":{"start":{"line":73,"column":6},"end":{"line":73,"column":41}},"32":{"start":{"line":74,"column":6},"end":{"line":74,"column":78}},"33":{"start":{"line":76,"column":6},"end":{"line":76,"column":24}},"34":{"start":{"line":81,"column":29},"end":{"line":126,"column":3}},"35":{"start":{"line":82,"column":4},"end":{"line":82,"column":23}},"36":{"start":{"line":85,"column":4},"end":{"line":88,"column":5}},"37":{"start":{"line":86,"column":6},"end":{"line":86,"column":78}},"38":{"start":{"line":87,"column":6},"end":{"line":87,"column":13}},"39":{"start":{"line":91,"column":4},"end":{"line":97,"column":5}},"40":{"start":{"line":92,"column":6},"end":{"line":95,"column":9}},"41":{"start":{"line":96,"column":6},"end":{"line":96,"column":13}},"42":{"start":{"line":99,"column":4},"end":{"line":125,"column":5}},"43":{"start":{"line":100,"column":18},"end":{"line":108,"column":8}},"44":{"start":{"line":110,"column":19},"end":{"line":110,"column":35}},"45":{"start":{"line":112,"column":6},"end":{"line":116,"column":7}},"46":{"start":{"line":113,"column":8},"end":{"line":115,"column":10}},"47":{"start":{"line":118,"column":6},"end":{"line":118,"column":80}},"48":{"start":{"line":119,"column":6},"end":{"line":119,"column":49}},"49":{"start":{"line":120,"column":6},"end":{"line":120,"column":23}},"50":{"start":{"line":121,"column":6},"end":{"line":121,"column":24}},"51":{"start":{"line":123,"column":6},"end":{"line":123,"column":55}},"52":{"start":{"line":124,"column":6},"end":{"line":124,"column":53}},"53":{"start":{"line":128,"column":22},"end":{"line":171,"column":3}},"54":{"start":{"line":129,"column":4},"end":{"line":129,"column":23}},"55":{"start":{"line":131,"column":20},"end":{"line":131,"column":42}},"56":{"start":{"line":134,"column":4},"end":{"line":137,"column":5}},"57":{"start":{"line":135,"column":6},"end":{"line":135,"column":68}},"58":{"start":{"line":136,"column":6},"end":{"line":136,"column":13}},"59":{"start":{"line":140,"column":4},"end":{"line":146,"column":5}},"60":{"start":{"line":141,"column":6},"end":{"line":144,"column":9}},"61":{"start":{"line":145,"column":6},"end":{"line":145,"column":13}},"62":{"start":{"line":148,"column":4},"end":{"line":170,"column":5}},"63":{"start":{"line":149,"column":18},"end":{"line":156,"column":8}},"64":{"start":{"line":158,"column":19},"end":{"line":158,"column":35}},"65":{"start":{"line":160,"column":6},"end":{"line":162,"column":7}},"66":{"start":{"line":161,"column":8},"end":{"line":161,"column":80}},"67":{"start":{"line":164,"column":6},"end":{"line":164,"column":59}},"68":{"start":{"line":165,"column":6},"end":{"line":165,"column":45}},"69":{"start":{"line":166,"column":6},"end":{"line":166,"column":24}},"70":{"start":{"line":168,"column":6},"end":{"line":168,"column":48}},"71":{"start":{"line":169,"column":6},"end":{"line":169,"column":53}},"72":{"start":{"line":173,"column":29},"end":{"line":194,"column":3}},"73":{"start":{"line":174,"column":4},"end":{"line":174,"column":61}},"74":{"start":{"line":174,"column":54},"end":{"line":174,"column":61}},"75":{"start":{"line":176,"column":4},"end":{"line":193,"column":5}},"76":{"start":{"line":177,"column":18},"end":{"line":180,"column":8}},"77":{"start":{"line":182,"column":19},"end":{"line":182,"column":35}},"78":{"start":{"line":184,"column":6},"end":{"line":186,"column":7}},"79":{"start":{"line":185,"column":8},"end":{"line":185,"column":73}},"80":{"start":{"line":188,"column":6},"end":{"line":188,"column":67}},"81":{"start":{"line":189,"column":6},"end":{"line":189,"column":24}},"82":{"start":{"line":191,"column":6},"end":{"line":191,"column":55}},"83":{"start":{"line":192,"column":6},"end":{"line":192,"column":53}},"84":{"start":{"line":196,"column":24},"end":{"line":217,"column":3}},"85":{"start":{"line":197,"column":4},"end":{"line":197,"column":56}},"86":{"start":{"line":197,"column":49},"end":{"line":197,"column":56}},"87":{"start":{"line":199,"column":4},"end":{"line":216,"column":5}},"88":{"start":{"line":200,"column":18},"end":{"line":203,"column":8}},"89":{"start":{"line":205,"column":19},"end":{"line":205,"column":35}},"90":{"start":{"line":207,"column":6},"end":{"line":209,"column":7}},"91":{"start":{"line":208,"column":8},"end":{"line":208,"column":68}},"92":{"start":{"line":211,"column":6},"end":{"line":211,"column":62}},"93":{"start":{"line":212,"column":6},"end":{"line":212,"column":24}},"94":{"start":{"line":214,"column":6},"end":{"line":214,"column":50}},"95":{"start":{"line":215,"column":6},"end":{"line":215,"column":53}},"96":{"start":{"line":219,"column":2},"end":{"line":221,"column":9}},"97":{"start":{"line":220,"column":4},"end":{"line":220,"column":16}},"98":{"start":{"line":224,"column":2},"end":{"line":231,"column":14}},"99":{"start":{"line":225,"column":4},"end":{"line":230,"column":5}},"100":{"start":{"line":226,"column":20},"end":{"line":228,"column":14}},"101":{"start":{"line":227,"column":8},"end":{"line":227,"column":41}},"102":{"start":{"line":229,"column":6},"end":{"line":229,"column":39}},"103":{"start":{"line":229,"column":19},"end":{"line":229,"column":38}},"104":{"start":{"line":233,"column":2},"end":{"line":233,"column":67}},"105":{"start":{"line":233,"column":15},"end":{"line":233,"column":67}},"106":{"start":{"line":236,"column":2},"end":{"line":244,"column":3}},"107":{"start":{"line":237,"column":4},"end":{"line":243,"column":6}},"108":{"start":{"line":247,"column":2},"end":{"line":437,"column":4}},"109":{"start":{"line":267,"column":14},"end":{"line":278,"column":19}},"110":{"start":{"line":290,"column":29},"end":{"line":292,"column":13}},"111":{"start":{"line":291,"column":21},"end":{"line":291,"column":49}},"112":{"start":{"line":293,"column":27},"end":{"line":293,"column":51}},"113":{"start":{"line":295,"column":12},"end":{"line":373,"column":14}},"114":{"start":{"line":299,"column":33},"end":{"line":299,"column":73}},"115":{"start":{"line":310,"column":26},"end":{"line":310,"column":46}},"116":{"start":{"line":311,"column":26},"end":{"line":311,"column":54}},"117":{"start":{"line":325,"column":24},"end":{"line":348,"column":30}},"118":{"start":{"line":341,"column":47},"end":{"line":341,"column":68}},"119":{"start":{"line":355,"column":39},"end":{"line":355,"column":62}},"120":{"start":{"line":363,"column":26},"end":{"line":363,"column":77}},"121":{"start":{"line":386,"column":16},"end":{"line":386,"column":65}},"122":{"start":{"line":397,"column":16},"end":{"line":397,"column":71}},"123":{"start":{"line":410,"column":18},"end":{"line":423,"column":26}},"124":{"start":{"line":415,"column":24},"end":{"line":419,"column":25}},"125":{"start":{"line":418,"column":55},"end":{"line":418,"column":66}}},"fnMap":{"0":{"name":"(anonymous_0)","decl":{"start":{"line":7,"column":17},"end":{"line":7,"column":18}},"loc":{"start":{"line":7,"column":23},"end":{"line":438,"column":1}},"line":7},"1":{"name":"(anonymous_1)","decl":{"start":{"line":27,"column":20},"end":{"line":27,"column":21}},"loc":{"start":{"line":27,"column":32},"end":{"line":78,"column":3}},"line":27},"2":{"name":"(anonymous_2)","decl":{"start":{"line":81,"column":29},"end":{"line":81,"column":30}},"loc":{"start":{"line":81,"column":42},"end":{"line":126,"column":3}},"line":81},"3":{"name":"(anonymous_3)","decl":{"start":{"line":128,"column":22},"end":{"line":128,"column":23}},"loc":{"start":{"line":128,"column":43},"end":{"line":171,"column":3}},"line":128},"4":{"name":"(anonymous_4)","decl":{"start":{"line":173,"column":29},"end":{"line":173,"column":30}},"loc":{"start":{"line":173,"column":43},"end":{"line":194,"column":3}},"line":173},"5":{"name":"(anonymous_5)","decl":{"start":{"line":196,"column":24},"end":{"line":196,"column":25}},"loc":{"start":{"line":196,"column":38},"end":{"line":217,"column":3}},"line":196},"6":{"name":"(anonymous_6)","decl":{"start":{"line":219,"column":12},"end":{"line":219,"column":13}},"loc":{"start":{"line":219,"column":18},"end":{"line":221,"column":3}},"line":219},"7":{"name":"(anonymous_7)","decl":{"start":{"line":224,"column":12},"end":{"line":224,"column":13}},"loc":{"start":{"line":224,"column":18},"end":{"line":231,"column":3}},"line":224},"8":{"name":"(anonymous_8)","decl":{"start":{"line":226,"column":31},"end":{"line":226,"column":32}},"loc":{"start":{"line":226,"column":37},"end":{"line":228,"column":7}},"line":226},"9":{"name":"(anonymous_9)","decl":{"start":{"line":229,"column":13},"end":{"line":229,"column":14}},"loc":{"start":{"line":229,"column":19},"end":{"line":229,"column":38}},"line":229},"10":{"name":"(anonymous_10)","decl":{"start":{"line":266,"column":25},"end":{"line":266,"column":26}},"loc":{"start":{"line":267,"column":14},"end":{"line":278,"column":19}},"line":267},"11":{"name":"(anonymous_11)","decl":{"start":{"line":289,"column":29},"end":{"line":289,"column":30}},"loc":{"start":{"line":289,"column":39},"end":{"line":374,"column":11}},"line":289},"12":{"name":"(anonymous_12)","decl":{"start":{"line":291,"column":14},"end":{"line":291,"column":15}},"loc":{"start":{"line":291,"column":21},"end":{"line":291,"column":49}},"line":291},"13":{"name":"(anonymous_13)","decl":{"start":{"line":299,"column":27},"end":{"line":299,"column":28}},"loc":{"start":{"line":299,"column":33},"end":{"line":299,"column":73}},"line":299},"14":{"name":"(anonymous_14)","decl":{"start":{"line":309,"column":33},"end":{"line":309,"column":34}},"loc":{"start":{"line":309,"column":40},"end":{"line":312,"column":25}},"line":309},"15":{"name":"(anonymous_15)","decl":{"start":{"line":324,"column":35},"end":{"line":324,"column":36}},"loc":{"start":{"line":325,"column":24},"end":{"line":348,"column":30}},"line":325},"16":{"name":"(anonymous_16)","decl":{"start":{"line":341,"column":41},"end":{"line":341,"column":42}},"loc":{"start":{"line":341,"column":47},"end":{"line":341,"column":68}},"line":341},"17":{"name":"(anonymous_17)","decl":{"start":{"line":355,"column":32},"end":{"line":355,"column":33}},"loc":{"start":{"line":355,"column":39},"end":{"line":355,"column":62}},"line":355},"18":{"name":"(anonymous_18)","decl":{"start":{"line":362,"column":34},"end":{"line":362,"column":35}},"loc":{"start":{"line":363,"column":26},"end":{"line":363,"column":77}},"line":363},"19":{"name":"(anonymous_19)","decl":{"start":{"line":385,"column":24},"end":{"line":385,"column":25}},"loc":{"start":{"line":386,"column":16},"end":{"line":386,"column":65}},"line":386},"20":{"name":"(anonymous_20)","decl":{"start":{"line":396,"column":24},"end":{"line":396,"column":25}},"loc":{"start":{"line":397,"column":16},"end":{"line":397,"column":71}},"line":397},"21":{"name":"(anonymous_21)","decl":{"start":{"line":409,"column":28},"end":{"line":409,"column":29}},"loc":{"start":{"line":410,"column":18},"end":{"line":423,"column":26}},"line":410},"22":{"name":"(anonymous_22)","decl":{"start":{"line":414,"column":32},"end":{"line":414,"column":33}},"loc":{"start":{"line":415,"column":24},"end":{"line":419,"column":25}},"line":415},"23":{"name":"(anonymous_23)","decl":{"start":{"line":418,"column":47},"end":{"line":418,"column":48}},"loc":{"start":{"line":418,"column":55},"end":{"line":418,"column":66}},"line":418}},"branchMap":{"0":{"loc":{"start":{"line":30,"column":6},"end":{"line":34,"column":7}},"type":"if","locations":[{"start":{"line":30,"column":6},"end":{"line":34,"column":7}},{"start":{},"end":{}}],"line":30},"1":{"loc":{"start":{"line":44,"column":6},"end":{"line":57,"column":7}},"type":"if","locations":[{"start":{"line":44,"column":6},"end":{"line":57,"column":7}},{"start":{},"end":{}}],"line":44},"2":{"loc":{"start":{"line":45,"column":8},"end":{"line":48,"column":29}},"type":"binary-expr","locations":[{"start":{"line":45,"column":8},"end":{"line":45,"column":30}},{"start":{"line":46,"column":8},"end":{"line":46,"column":33}},{"start":{"line":47,"column":8},"end":{"line":47,"column":30}},{"start":{"line":48,"column":8},"end":{"line":48,"column":29}}],"line":45},"3":{"loc":{"start":{"line":71,"column":18},"end":{"line":71,"column":36}},"type":"binary-expr","locations":[{"start":{"line":71,"column":18},"end":{"line":71,"column":30}},{"start":{"line":71,"column":34},"end":{"line":71,"column":36}}],"line":71},"4":{"loc":{"start":{"line":85,"column":4},"end":{"line":88,"column":5}},"type":"if","locations":[{"start":{"line":85,"column":4},"end":{"line":88,"column":5}},{"start":{},"end":{}}],"line":85},"5":{"loc":{"start":{"line":91,"column":4},"end":{"line":97,"column":5}},"type":"if","locations":[{"start":{"line":91,"column":4},"end":{"line":97,"column":5}},{"start":{},"end":{}}],"line":91},"6":{"loc":{"start":{"line":91,"column":8},"end":{"line":91,"column":62}},"type":"binary-expr","locations":[{"start":{"line":91,"column":8},"end":{"line":91,"column":32}},{"start":{"line":91,"column":36},"end":{"line":91,"column":62}}],"line":91},"7":{"loc":{"start":{"line":112,"column":6},"end":{"line":116,"column":7}},"type":"if","locations":[{"start":{"line":112,"column":6},"end":{"line":116,"column":7}},{"start":{},"end":{}}],"line":112},"8":{"loc":{"start":{"line":114,"column":10},"end":{"line":114,"column":71}},"type":"binary-expr","locations":[{"start":{"line":114,"column":10},"end":{"line":114,"column":22}},{"start":{"line":114,"column":26},"end":{"line":114,"column":36}},{"start":{"line":114,"column":40},"end":{"line":114,"column":71}}],"line":114},"9":{"loc":{"start":{"line":134,"column":4},"end":{"line":137,"column":5}},"type":"if","locations":[{"start":{"line":134,"column":4},"end":{"line":137,"column":5}},{"start":{},"end":{}}],"line":134},"10":{"loc":{"start":{"line":140,"column":4},"end":{"line":146,"column":5}},"type":"if","locations":[{"start":{"line":140,"column":4},"end":{"line":146,"column":5}},{"start":{},"end":{}}],"line":140},"11":{"loc":{"start":{"line":160,"column":6},"end":{"line":162,"column":7}},"type":"if","locations":[{"start":{"line":160,"column":6},"end":{"line":162,"column":7}},{"start":{},"end":{}}],"line":160},"12":{"loc":{"start":{"line":161,"column":24},"end":{"line":161,"column":78}},"type":"binary-expr","locations":[{"start":{"line":161,"column":24},"end":{"line":161,"column":36}},{"start":{"line":161,"column":40},"end":{"line":161,"column":50}},{"start":{"line":161,"column":54},"end":{"line":161,"column":78}}],"line":161},"13":{"loc":{"start":{"line":174,"column":4},"end":{"line":174,"column":61}},"type":"if","locations":[{"start":{"line":174,"column":4},"end":{"line":174,"column":61}},{"start":{},"end":{}}],"line":174},"14":{"loc":{"start":{"line":184,"column":6},"end":{"line":186,"column":7}},"type":"if","locations":[{"start":{"line":184,"column":6},"end":{"line":186,"column":7}},{"start":{},"end":{}}],"line":184},"15":{"loc":{"start":{"line":185,"column":24},"end":{"line":185,"column":71}},"type":"binary-expr","locations":[{"start":{"line":185,"column":24},"end":{"line":185,"column":36}},{"start":{"line":185,"column":40},"end":{"line":185,"column":71}}],"line":185},"16":{"loc":{"start":{"line":197,"column":4},"end":{"line":197,"column":56}},"type":"if","locations":[{"start":{"line":197,"column":4},"end":{"line":197,"column":56}},{"start":{},"end":{}}],"line":197},"17":{"loc":{"start":{"line":207,"column":6},"end":{"line":209,"column":7}},"type":"if","locations":[{"start":{"line":207,"column":6},"end":{"line":209,"column":7}},{"start":{},"end":{}}],"line":207},"18":{"loc":{"start":{"line":208,"column":24},"end":{"line":208,"column":66}},"type":"binary-expr","locations":[{"start":{"line":208,"column":24},"end":{"line":208,"column":36}},{"start":{"line":208,"column":40},"end":{"line":208,"column":66}}],"line":208},"19":{"loc":{"start":{"line":225,"column":4},"end":{"line":230,"column":5}},"type":"if","locations":[{"start":{"line":225,"column":4},"end":{"line":230,"column":5}},{"start":{},"end":{}}],"line":225},"20":{"loc":{"start":{"line":233,"column":2},"end":{"line":233,"column":67}},"type":"if","locations":[{"start":{"line":233,"column":2},"end":{"line":233,"column":67}},{"start":{},"end":{}}],"line":233},"21":{"loc":{"start":{"line":236,"column":2},"end":{"line":244,"column":3}},"type":"if","locations":[{"start":{"line":236,"column":2},"end":{"line":244,"column":3}},{"start":{},"end":{}}],"line":236},"22":{"loc":{"start":{"line":251,"column":7},"end":{"line":259,"column":7}},"type":"binary-expr","locations":[{"start":{"line":251,"column":7},"end":{"line":251,"column":17}},{"start":{"line":252,"column":8},"end":{"line":258,"column":14}}],"line":251},"23":{"loc":{"start":{"line":254,"column":12},"end":{"line":254,"column":66}},"type":"cond-expr","locations":[{"start":{"line":254,"column":37},"end":{"line":254,"column":49}},{"start":{"line":254,"column":52},"end":{"line":254,"column":66}}],"line":254},"24":{"loc":{"start":{"line":299,"column":49},"end":{"line":299,"column":72}},"type":"cond-expr","locations":[{"start":{"line":299,"column":58},"end":{"line":299,"column":62}},{"start":{"line":299,"column":65},"end":{"line":299,"column":72}}],"line":299},"25":{"loc":{"start":{"line":306,"column":21},"end":{"line":316,"column":21}},"type":"binary-expr","locations":[{"start":{"line":306,"column":21},"end":{"line":306,"column":50}},{"start":{"line":307,"column":22},"end":{"line":315,"column":31}}],"line":306},"26":{"loc":{"start":{"line":317,"column":53},"end":{"line":317,"column":71}},"type":"cond-expr","locations":[{"start":{"line":317,"column":62},"end":{"line":317,"column":65}},{"start":{"line":317,"column":68},"end":{"line":317,"column":71}}],"line":317},"27":{"loc":{"start":{"line":321,"column":17},"end":{"line":371,"column":17}},"type":"binary-expr","locations":[{"start":{"line":321,"column":17},"end":{"line":321,"column":23}},{"start":{"line":322,"column":18},"end":{"line":370,"column":24}}],"line":321},"28":{"loc":{"start":{"line":323,"column":21},"end":{"line":352,"column":21}},"type":"cond-expr","locations":[{"start":{"line":324,"column":22},"end":{"line":349,"column":24}},{"start":{"line":351,"column":22},"end":{"line":351,"column":69}}],"line":323},"29":{"loc":{"start":{"line":328,"column":28},"end":{"line":330,"column":47}},"type":"cond-expr","locations":[{"start":{"line":329,"column":32},"end":{"line":329,"column":45}},{"start":{"line":330,"column":32},"end":{"line":330,"column":47}}],"line":328},"30":{"loc":{"start":{"line":338,"column":29},"end":{"line":345,"column":29}},"type":"binary-expr","locations":[{"start":{"line":338,"column":29},"end":{"line":338,"column":54}},{"start":{"line":339,"column":30},"end":{"line":344,"column":39}}],"line":338},"31":{"loc":{"start":{"line":361,"column":31},"end":{"line":361,"column":52}},"type":"binary-expr","locations":[{"start":{"line":361,"column":31},"end":{"line":361,"column":46}},{"start":{"line":361,"column":50},"end":{"line":361,"column":52}}],"line":361},"32":{"loc":{"start":{"line":406,"column":15},"end":{"line":425,"column":15}},"type":"cond-expr","locations":[{"start":{"line":407,"column":16},"end":{"line":407,"column":43}},{"start":{"line":409,"column":16},"end":{"line":424,"column":18}}],"line":406},"33":{"loc":{"start":{"line":416,"column":26},"end":{"line":418,"column":67}},"type":"cond-expr","locations":[{"start":{"line":417,"column":30},"end":{"line":417,"column":50}},{"start":{"line":418,"column":30},"end":{"line":418,"column":67}}],"line":416}},"s":{"0":2,"1":2,"2":51,"3":50,"4":50,"5":50,"6":50,"7":50,"8":50,"9":50,"10":50,"11":50,"12":50,"13":50,"14":50,"15":18,"16":18,"17":1,"18":1,"19":1,"20":17,"21":16,"22":1,"23":1,"24":1,"25":1,"26":15,"27":15,"28":15,"29":15,"30":15,"31":0,"32":0,"33":17,"34":50,"35":3,"36":3,"37":0,"38":0,"39":3,"40":2,"41":2,"42":1,"43":1,"44":0,"45":0,"46":0,"47":0,"48":0,"49":0,"50":0,"51":1,"52":1,"53":50,"54":3,"55":3,"56":3,"57":0,"58":0,"59":3,"60":1,"61":1,"62":2,"63":2,"64":1,"65":1,"66":0,"67":1,"68":1,"69":1,"70":1,"71":1,"72":50,"73":1,"74":0,"75":1,"76":1,"77":1,"78":1,"79":0,"80":1,"81":1,"82":0,"83":0,"84":50,"85":2,"86":1,"87":1,"88":1,"89":1,"90":1,"91":0,"92":1,"93":1,"94":0,"95":0,"96":50,"97":15,"98":50,"99":22,"100":7,"101":0,"102":7,"103":7,"104":50,"105":15,"106":35,"107":2,"108":33,"109":64,"110":62,"111":124,"112":62,"113":62,"114":7,"115":1,"116":1,"117":22,"118":2,"119":3,"120":3,"121":3,"122":0,"123":64,"124":3,"125":0},"f":{"0":51,"1":18,"2":3,"3":3,"4":1,"5":2,"6":15,"7":22,"8":0,"9":7,"10":64,"11":62,"12":124,"13":7,"14":1,"15":22,"16":2,"17":3,"18":3,"19":3,"20":0,"21":64,"22":3,"23":0},"b":{"0":[1,17],"1":[1,15],"2":[16,15,15,15],"3":[15,0],"4":[0,3],"5":[2,1],"6":[3,2],"7":[0,0],"8":[0,0,0],"9":[0,3],"10":[1,2],"11":[0,1],"12":[0,0,0],"13":[0,1],"14":[0,1],"15":[0,0],"16":[1,1],"17":[0,1],"18":[0,0],"19":[7,15],"20":[15,35],"21":[2,33],"22":[33,5],"23":[5,0],"24":[0,7],"25":[62,31],"26":[12,50],"27":[62,12],"28":[11,1],"29":[11,11],"30":[22,11],"31":[12,7],"32":[1,32],"33":[3,0]},"_coverageSchema":"1a1c01bbd47fc00a2c39e90264f33305004495a9","hash":"1908fc2a950aa4b397b202472f6f639ef66d483b"}
,"C:\\Users\\user\\Desktop\\OpenHub marche pas\\frontend\\src\\pages\\Profil.jsx": {"path":"C:\\Users\\user\\Desktop\\OpenHub marche pas\\frontend\\src\\pages\\Profil.jsx","statementMap":{"0":{"start":{"line":4,"column":16},"end":{"line":4,"column":44}},"1":{"start":{"line":6,"column":15},"end":{"line":710,"column":1}},"2":{"start":{"line":7,"column":28},"end":{"line":7,"column":40}},"3":{"start":{"line":8,"column":32},"end":{"line":8,"column":46}},"4":{"start":{"line":9,"column":28},"end":{"line":9,"column":42}},"5":{"start":{"line":10,"column":36},"end":{"line":10,"column":54}},"6":{"start":{"line":11,"column":38},"end":{"line":11,"column":50}},"7":{"start":{"line":12,"column":42},"end":{"line":12,"column":56}},"8":{"start":{"line":13,"column":30},"end":{"line":13,"column":42}},"9":{"start":{"line":14,"column":40},"end":{"line":14,"column":55}},"10":{"start":{"line":15,"column":42},"end":{"line":15,"column":54}},"11":{"start":{"line":16,"column":32},"end":{"line":16,"column":44}},"12":{"start":{"line":17,"column":35},"end":{"line":17,"column":47}},"13":{"start":{"line":18,"column":42},"end":{"line":18,"column":77}},"14":{"start":{"line":20,"column":48},"end":{"line":20,"column":60}},"15":{"start":{"line":21,"column":56},"end":{"line":21,"column":68}},"16":{"start":{"line":22,"column":44},"end":{"line":22,"column":76}},"17":{"start":{"line":24,"column":24},"end":{"line":44,"column":3}},"18":{"start":{"line":25,"column":18},"end":{"line":25,"column":47}},"19":{"start":{"line":26,"column":4},"end":{"line":43,"column":5}},"20":{"start":{"line":27,"column":23},"end":{"line":33,"column":8}},"21":{"start":{"line":34,"column":19},"end":{"line":34,"column":40}},"22":{"start":{"line":36,"column":26},"end":{"line":38,"column":7}},"23":{"start":{"line":37,"column":35},"end":{"line":37,"column":50}},"24":{"start":{"line":40,"column":6},"end":{"line":40,"column":28}},"25":{"start":{"line":42,"column":6},"end":{"line":42,"column":30}},"26":{"start":{"line":46,"column":35},"end":{"line":61,"column":3}},"27":{"start":{"line":47,"column":18},"end":{"line":47,"column":47}},"28":{"start":{"line":48,"column":4},"end":{"line":60,"column":5}},"29":{"start":{"line":49,"column":18},"end":{"line":51,"column":8}},"30":{"start":{"line":52,"column":19},"end":{"line":52,"column":35}},"31":{"start":{"line":53,"column":6},"end":{"line":53,"column":62}},"32":{"start":{"line":55,"column":6},"end":{"line":55,"column":67}},"33":{"start":{"line":56,"column":6},"end":{"line":59,"column":9}},"34":{"start":{"line":63,"column":31},"end":{"line":74,"column":3}},"35":{"start":{"line":64,"column":18},"end":{"line":64,"column":47}},"36":{"start":{"line":65,"column":4},"end":{"line":73,"column":5}},"37":{"start":{"line":66,"column":18},"end":{"line":68,"column":8}},"38":{"start":{"line":69,"column":19},"end":{"line":69,"column":35}},"39":{"start":{"line":70,"column":6},"end":{"line":70,"column":58}},"40":{"start":{"line":72,"column":6},"end":{"line":72,"column":63}},"41":{"start":{"line":76,"column":27},"end":{"line":91,"column":3}},"42":{"start":{"line":77,"column":18},"end":{"line":77,"column":47}},"43":{"start":{"line":78,"column":4},"end":{"line":90,"column":5}},"44":{"start":{"line":79,"column":23},"end":{"line":85,"column":8}},"45":{"start":{"line":86,"column":19},"end":{"line":86,"column":40}},"46":{"start":{"line":87,"column":6},"end":{"line":87,"column":23}},"47":{"start":{"line":89,"column":6},"end":{"line":89,"column":30}},"48":{"start":{"line":93,"column":23},"end":{"line":129,"column":3}},"49":{"start":{"line":94,"column":4},"end":{"line":96,"column":5}},"50":{"start":{"line":95,"column":6},"end":{"line":95,"column":13}},"51":{"start":{"line":98,"column":4},"end":{"line":98,"column":61}},"52":{"start":{"line":99,"column":18},"end":{"line":99,"column":47}},"53":{"start":{"line":101,"column":4},"end":{"line":128,"column":5}},"54":{"start":{"line":102,"column":23},"end":{"line":111,"column":7}},"55":{"start":{"line":113,"column":19},"end":{"line":113,"column":40}},"56":{"start":{"line":114,"column":6},"end":{"line":122,"column":7}},"57":{"start":{"line":115,"column":8},"end":{"line":115,"column":33}},"58":{"start":{"line":116,"column":8},"end":{"line":119,"column":11}},"59":{"start":{"line":121,"column":8},"end":{"line":121,"column":73}},"60":{"start":{"line":124,"column":6},"end":{"line":124,"column":62}},"61":{"start":{"line":125,"column":6},"end":{"line":125,"column":69}},"62":{"start":{"line":127,"column":6},"end":{"line":127,"column":47}},"63":{"start":{"line":131,"column":25},"end":{"line":174,"column":3}},"64":{"start":{"line":132,"column":18},"end":{"line":132,"column":47}},"65":{"start":{"line":133,"column":4},"end":{"line":133,"column":23}},"66":{"start":{"line":133,"column":16},"end":{"line":133,"column":23}},"67":{"start":{"line":135,"column":4},"end":{"line":135,"column":64}},"68":{"start":{"line":137,"column":4},"end":{"line":173,"column":5}},"69":{"start":{"line":138,"column":23},"end":{"line":145,"column":8}},"70":{"start":{"line":147,"column":19},"end":{"line":147,"column":40}},"71":{"start":{"line":149,"column":6},"end":{"line":155,"column":7}},"72":{"start":{"line":150,"column":8},"end":{"line":153,"column":11}},"73":{"start":{"line":154,"column":8},"end":{"line":154,"column":15}},"74":{"start":{"line":157,"column":6},"end":{"line":164,"column":7}},"75":{"start":{"line":158,"column":8},"end":{"line":161,"column":11}},"76":{"start":{"line":162,"column":8},"end":{"line":162,"column":37}},"77":{"start":{"line":163,"column":8},"end":{"line":163,"column":27}},"78":{"start":{"line":166,"column":6},"end":{"line":169,"column":9}},"79":{"start":{"line":170,"column":6},"end":{"line":170,"column":51}},"80":{"start":{"line":172,"column":6},"end":{"line":172,"column":47}},"81":{"start":{"line":176,"column":29},"end":{"line":198,"column":3}},"82":{"start":{"line":177,"column":18},"end":{"line":177,"column":47}},"83":{"start":{"line":179,"column":4},"end":{"line":197,"column":5}},"84":{"start":{"line":180,"column":27},"end":{"line":186,"column":8}},"85":{"start":{"line":188,"column":6},"end":{"line":190,"column":7}},"86":{"start":{"line":189,"column":8},"end":{"line":189,"column":66}},"87":{"start":{"line":192,"column":23},"end":{"line":192,"column":48}},"88":{"start":{"line":193,"column":6},"end":{"line":193,"column":24}},"89":{"start":{"line":195,"column":6},"end":{"line":195,"column":51}},"90":{"start":{"line":196,"column":6},"end":{"line":196,"column":30}},"91":{"start":{"line":200,"column":35},"end":{"line":238,"column":3}},"92":{"start":{"line":201,"column":18},"end":{"line":201,"column":47}},"93":{"start":{"line":202,"column":4},"end":{"line":202,"column":23}},"94":{"start":{"line":202,"column":16},"end":{"line":202,"column":23}},"95":{"start":{"line":204,"column":4},"end":{"line":204,"column":63}},"96":{"start":{"line":206,"column":4},"end":{"line":237,"column":5}},"97":{"start":{"line":207,"column":23},"end":{"line":216,"column":7}},"98":{"start":{"line":218,"column":19},"end":{"line":218,"column":40}},"99":{"start":{"line":220,"column":6},"end":{"line":231,"column":7}},"100":{"start":{"line":221,"column":8},"end":{"line":224,"column":11}},"101":{"start":{"line":225,"column":8},"end":{"line":225,"column":41}},"102":{"start":{"line":227,"column":8},"end":{"line":230,"column":11}},"103":{"start":{"line":233,"column":6},"end":{"line":233,"column":62}},"104":{"start":{"line":234,"column":6},"end":{"line":234,"column":70}},"105":{"start":{"line":236,"column":6},"end":{"line":236,"column":47}},"106":{"start":{"line":240,"column":31},"end":{"line":278,"column":3}},"107":{"start":{"line":241,"column":18},"end":{"line":241,"column":47}},"108":{"start":{"line":242,"column":4},"end":{"line":242,"column":23}},"109":{"start":{"line":242,"column":16},"end":{"line":242,"column":23}},"110":{"start":{"line":244,"column":4},"end":{"line":244,"column":61}},"111":{"start":{"line":246,"column":4},"end":{"line":277,"column":5}},"112":{"start":{"line":247,"column":23},"end":{"line":256,"column":7}},"113":{"start":{"line":258,"column":19},"end":{"line":258,"column":40}},"114":{"start":{"line":260,"column":6},"end":{"line":271,"column":7}},"115":{"start":{"line":261,"column":8},"end":{"line":264,"column":11}},"116":{"start":{"line":265,"column":8},"end":{"line":265,"column":37}},"117":{"start":{"line":267,"column":8},"end":{"line":270,"column":11}},"118":{"start":{"line":273,"column":6},"end":{"line":273,"column":62}},"119":{"start":{"line":274,"column":6},"end":{"line":274,"column":70}},"120":{"start":{"line":276,"column":6},"end":{"line":276,"column":47}},"121":{"start":{"line":280,"column":27},"end":{"line":315,"column":3}},"122":{"start":{"line":281,"column":18},"end":{"line":281,"column":47}},"123":{"start":{"line":282,"column":4},"end":{"line":282,"column":23}},"124":{"start":{"line":282,"column":16},"end":{"line":282,"column":23}},"125":{"start":{"line":284,"column":4},"end":{"line":284,"column":65}},"126":{"start":{"line":286,"column":4},"end":{"line":314,"column":5}},"127":{"start":{"line":287,"column":23},"end":{"line":296,"column":7}},"128":{"start":{"line":298,"column":19},"end":{"line":298,"column":40}},"129":{"start":{"line":300,"column":6},"end":{"line":309,"column":7}},"130":{"start":{"line":301,"column":8},"end":{"line":301,"column":68}},"131":{"start":{"line":302,"column":8},"end":{"line":302,"column":41}},"132":{"start":{"line":303,"column":8},"end":{"line":303,"column":33}},"133":{"start":{"line":305,"column":8},"end":{"line":308,"column":11}},"134":{"start":{"line":311,"column":6},"end":{"line":311,"column":67}},"135":{"start":{"line":313,"column":6},"end":{"line":313,"column":47}},"136":{"start":{"line":317,"column":2},"end":{"line":328,"column":9}},"137":{"start":{"line":318,"column":17},"end":{"line":326,"column":5}},"138":{"start":{"line":319,"column":6},"end":{"line":319,"column":23}},"139":{"start":{"line":320,"column":6},"end":{"line":320,"column":33}},"140":{"start":{"line":321,"column":6},"end":{"line":321,"column":28}},"141":{"start":{"line":322,"column":6},"end":{"line":322,"column":31}},"142":{"start":{"line":323,"column":6},"end":{"line":323,"column":39}},"143":{"start":{"line":324,"column":6},"end":{"line":324,"column":35}},"144":{"start":{"line":325,"column":6},"end":{"line":325,"column":24}},"145":{"start":{"line":327,"column":4},"end":{"line":327,"column":11}}
[...]
"column":5}},"108":{"start":{"line":189,"column":23},"end":{"line":193,"column":8}},"109":{"start":{"line":195,"column":19},"end":{"line":195,"column":40}},"110":{"start":{"line":197,"column":6},"end":{"line":205,"column":7}},"111":{"start":{"line":198,"column":8},"end":{"line":202,"column":17}},"112":{"start":{"line":199,"column":10},"end":{"line":201,"column":13}},"113":{"start":{"line":204,"column":8},"end":{"line":204,"column":44}},"114":{"start":{"line":207,"column":6},"end":{"line":207,"column":46}},"115":{"start":{"line":208,"column":6},"end":{"line":208,"column":61}},"116":{"start":{"line":210,"column":6},"end":{"line":210,"column":26}},"117":{"start":{"line":214,"column":21},"end":{"line":394,"column":3}},"118":{"start":{"line":215,"column":4},"end":{"line":393,"column":5}},"119":{"start":{"line":217,"column":8},"end":{"line":262,"column":10}},"120":{"start":{"line":230,"column":33},"end":{"line":230,"column":74}},"121":{"start":{"line":245,"column":33},"end":{"line":245,"column":73}},"122":{"start":{"line":265,"column":8},"end":{"line":320,"column":10}},"123":{"start":{"line":278,"column":33},"end":{"line":278,"column":70}},"124":{"start":{"line":295,"column":33},"end":{"line":295,"column":73}},"125":{"start":{"line":323,"column":8},"end":{"line":392,"column":10}},"126":{"start":{"line":336,"column":18},"end":{"line":336,"column":67}},"127":{"start":{"line":353,"column":18},"end":{"line":353,"column":65}},"128":{"start":{"line":370,"column":33},"end":{"line":370,"column":71}},"129":{"start":{"line":396,"column":2},"end":{"line":430,"column":4}},"130":{"start":{"line":420,"column":25},"end":{"line":420,"column":43}}},"fnMap":{"0":{"name":"formReducer","decl":{"start":{"line":19,"column":9},"end":{"line":19,"column":20}},"loc":{"start":{"line":19,"column":36},"end":{"line":21,"column":1}},"line":19},"1":{"name":"(anonymous_1)","decl":{"start":{"line":24,"column":21},"end":{"line":24,"column":22}},"loc":{"start":{"line":24,"column":31},"end":{"line":38,"column":1}},"line":24},"2":{"name":"(anonymous_2)","decl":{"start":{"line":40,"column":22},"end":{"line":40,"column":23}},"loc":{"start":{"line":40,"column":33},"end":{"line":90,"column":1}},"line":40},"3":{"name":"(anonymous_3)","decl":{"start":{"line":92,"column":17},"end":{"line":92,"column":18}},"loc":{"start":{"line":92,"column":23},"end":{"line":431,"column":1}},"line":92},"4":{"name":"(anonymous_4)","decl":{"start":{"line":99,"column":23},"end":{"line":99,"column":24}},"loc":{"start":{"line":99,"column":41},"end":{"line":104,"column":3}},"line":99},"5":{"name":"(anonymous_5)","decl":{"start":{"line":102,"column":16},"end":{"line":102,"column":17}},"loc":{"start":{"line":102,"column":27},"end":{"line":102,"column":51}},"line":102},"6":{"name":"(anonymous_6)","decl":{"start":{"line":106,"column":19},"end":{"line":106,"column":20}},"loc":{"start":{"line":106,"column":25},"end":{"line":110,"column":3}},"line":106},"7":{"name":"(anonymous_7)","decl":{"start":{"line":108,"column":21},"end":{"line":108,"column":22}},"loc":{"start":{"line":108,"column":31},"end":{"line":108,"column":39}},"line":108},"8":{"name":"(anonymous_8)","decl":{"start":{"line":112,"column":19},"end":{"line":112,"column":20}},"loc":{"start":{"line":112,"column":25},"end":{"line":114,"column":3}},"line":112},"9":{"name":"(anonymous_9)","decl":{"start":{"line":113,"column":19},"end":{"line":113,"column":20}},"loc":{"start":{"line":113,"column":29},"end":{"line":113,"column":37}},"line":113},"10":{"name":"(anonymous_10)","decl":{"start":{"line":116,"column":23},"end":{"line":116,"column":24}},"loc":{"start":{"line":116,"column":33},"end":{"line":150,"column":3}},"line":116},"11":{"name":"(anonymous_11)","decl":{"start":{"line":152,"column":23},"end":{"line":152,"column":24}},"loc":{"start":{"line":152,"column":36},"end":{"line":212,"column":3}},"line":152},"12":{"name":"(anonymous_12)","decl":{"start":{"line":161,"column":16},"end":{"line":161,"column":17}},"loc":{"start":{"line":161,"column":27},"end":{"line":161,"column":57}},"line":161},"13":{"name":"(anonymous_13)","decl":{"start":{"line":168,"column":16},"end":{"line":168,"column":17}},"loc":{"start":{"line":168,"column":27},"end":{"line":168,"column":73}},"line":168},"14":{"name":"(anonymous_14)","decl":{"start":{"line":177,"column":16},"end":{"line":177,"column":17}},"loc":{"start":{"line":177,"column":27},"end":{"line":181,"column":7}},"line":177},"15":{"name":"(anonymous_15)","decl":{"start":{"line":198,"column":19},"end":{"line":198,"column":20}},"loc":{"start":{"line":198,"column":25},"end":{"line":202,"column":9}},"line":198},"16":{"name":"(anonymous_16)","decl":{"start":{"line":214,"column":21},"end":{"line":214,"column":22}},"loc":{"start":{"line":214,"column":27},"end":{"line":394,"column":3}},"line":214},"17":{"name":"(anonymous_17)","decl":{"start":{"line":230,"column":26},"end":{"line":230,"column":27}},"loc":{"start":{"line":230,"column":33},"end":{"line":230,"column":74}},"line":230},"18":{"name":"(anonymous_18)","decl":{"start":{"line":245,"column":26},"end":{"line":245,"column":27}},"loc":{"start":{"line":245,"column":33},"end":{"line":245,"column":73}},"line":245},"19":{"name":"(anonymous_19)","decl":{"start":{"line":278,"column":26},"end":{"line":278,"column":27}},"loc":{"start":{"line":278,"column":33},"end":{"line":278,"column":70}},"line":278},"20":{"name":"(anonymous_20)","decl":{"start":{"line":295,"column":26},"end":{"line":295,"column":27}},"loc":{"start":{"line":295,"column":33},"end":{"line":295,"column":73}},"line":295},"21":{"name":"(anonymous_21)","decl":{"start":{"line":335,"column":26},"end":{"line":335,"column":27}},"loc":{"start":{"line":336,"column":18},"end":{"line":336,"column":67}},"line":336},"22":{"name":"(anonymous_22)","decl":{"start":{"line":352,"column":26},"end":{"line":352,"column":27}},"loc":{"start":{"line":353,"column":18},"end":{"line":353,"column":65}},"line":353},"23":{"name":"(anonymous_23)","decl":{"start":{"line":370,"column":26},"end":{"line":370,"column":27}},"loc":{"start":{"line":370,"column":33},"end":{"line":370,"column":71}},"line":370},"24":{"name":"(anonymous_24)","decl":{"start":{"line":420,"column":19},"end":{"line":420,"column":20}},"loc":{"start":{"line":420,"column":25},"end":{"line":420,"column":43}},"line":420}},"branchMap":{"0":{"loc":{"start":{"line":27,"column":2},"end":{"line":27,"column":38}},"type":"if","locations":[{"start":{"line":27,"column":2},"end":{"line":27,"column":38}},{"start":{},"end":{}}],"line":27},"1":{"loc":{"start":{"line":28,"column":2},"end":{"line":28,"column":56}},"type":"if","locations":[{"start":{"line":28,"column":2},"end":{"line":28,"column":56}},{"start":{},"end":{}}],"line":28},"2":{"loc":{"start":{"line":29,"column":2},"end":{"line":29,"column":58}},"type":"if","locations":[{"start":{"line":29,"column":2},"end":{"line":29,"column":58}},{"start":{},"end":{}}],"line":29},"3":{"loc":{"start":{"line":30,"column":2},"end":{"line":31,"column":64}},"type":"if","locations":[{"start":{"line":30,"column":2},"end":{"line":31,"column":64}},{"start":{},"end":{}}],"line":30},"4":{"loc":{"start":{"line":32,"column":2},"end":{"line":33,"column":79}},"type":"if","locations":[{"start":{"line":32,"column":2},"end":{"line":33,"column":79}},{"start":{},"end":{}}],"line":32},"5":{"loc":{"start":{"line":34,"column":2},"end":{"line":34,"column":70}},"type":"if","locations":[{"start":{"line":34,"column":2},"end":{"line":34,"column":70}},{"start":{},"end":{}}],"line":34},"6":{"loc":{"start":{"line":35,"column":2},"end":{"line":36,"column":70}},"type":"if","locations":[{"start":{"line":35,"column":2},"end":{"line":36,"column":70}},{"start":{},"end":{}}],"line":35},"7":{"loc":{"start":{"line":43,"column":2},"end":{"line":43,"column":38}},"type":"if","locations":[{"start":{"line":43,"column":2},"end":{"line":43,"column":38}},{"start":{},"end":{}}],"line":43},"8":{"loc":{"start":{"line":46,"column":2},"end":{"line":48,"column":3}},"type":"if","locations":[{"start":{"line":46,"column":2},"end":{"line":48,"column":3}},{"start":{},"end":{}}],"line":46},"9":{"loc":{"start":{"line":52,"column":2},"end":{"line":54,"column":3}},"type":"if","locations":[{"start":{"line":52,"column":2},"end":{"line":54,"column":3}},{"start":{},"end":{}}],"line":52},"10":{"loc":{"start":{"line":59,"column":2},"end":{"line":61,"column":3}},"type":"if","locations":[{"start":{"line":59,"column":2},"end":{"line":61,"column":3}},{"start":{},"end":{}}],"line":59},"11":{"loc":{"start":{"line":63,"column":2},"end":{"line":65,"column":3}},"type":"if","locations":[{"start":{"line":63,"column":2},"end":{"line":65,"column":3}},{"start":{},"end":{}}],"line":63},"12":{"loc":{"start":{"line":68,"column":2},"end":{"line":70,"column":3}},"type":"if","locations":[{"start":{"line":68,"column":2},"end":{"line":70,"column":3}},{"start":{},"end":{}}],"line":68},"13":{"loc":{"start":{"line":73,"column":2},"end":{"line":75,"column":3}},"type":"if","locations":[{"start":{"line":73,"column":2},"end":{"line":75,"column":3}},{"start":{},"end":{}}],"line":73},"14":{"loc":{"start":{"line":73,"column":6},"end":{"line":73,"column":52}},"type":"binary-expr","locations":[{"start":{"line":73,"column":6},"end":{"line":73,"column":28}},{"start":{"line":73,"column":32},"end":{"line":73,"column":52}}],"line":73},"15":{"loc":{"start":{"line":78,"column":2},"end":{"line":80,"column":3}},"type":"if","locations":[{"start":{"line":78,"column":2},"end":{"line":80,"column":3}},{"start":{},"end":{}}],"line":78},"16":{"loc":{"start":{"line":85,"column":2},"end":{"line":87,"column":3}},"type":"if","locations":[{"start":{"line":85,"column":2},"end":{"line":87,"column":3}},{"start":{},"end":{}}],"line":85},"17":{"loc":{"start":{"line":101,"column":4},"end":{"line":103,"column":5}},"type":"if","locations":[{"start":{"line":101,"column":4},"end":{"line":103,"column":5}},{"start":{},"end":{}}],"line":101},"18":{"loc":{"start":{"line":107,"column":4},"end":{"line":109,"column":5}},"type":"if","locations":[{"start":{"line":107,"column":4},"end":{"line":109,"column":5}},{"start":{},"end":{}}],"line":107},"19":{"loc":{"start":{"line":119,"column":4},"end":{"line":124,"column":5}},"type":"if","locations":[{"start":{"line":119,"column":4},"end":{"line":124,"column":5}},{"start":{},"end":{}}],"line":119},"20":{"loc":{"start":{"line":122,"column":6},"end":{"line":122,"column":63}},"type":"if","locations":[{"start":{"line":122,"column":6},"end":{"line":122,"column":63}},{"start":{},"end":{}}],"line":122},"21":{"loc":{"start":{"line":123,"column":6},"end":{"line":123,"column":60}},"type":"if","locations":[{"start":{"line":123,"column":6},"end":{"line":123,"column":60}},{"start":{},"end":{}}],"line":123},"22":{"loc":{"start":{"line":126,"column":4},"end":{"line":129,"column":5}},"type":"if","locations":[{"start":{"line":126,"column":4},"end":{"line":129,"column":5}},{"start":{},"end":{}}],"line":126},"23":{"loc":{"start":{"line":128,"column":6},"end":{"line":128,"column":51}},"type":"if","locations":[{"start":{"line":128,"column":6},"end":{"line":128,"column":51}},{"start":{},"end":{}}],"line":128},"24":{"loc":{"start":{"line":131,"column":4},"end":{"line":146,"column":5}},"type":"if","locations":[{"start":{"line":131,"column":4},"end":{"line":146,"column":5}},{"start":{},"end":{}}],"line":131},"25":{"loc":{"start":{"line":132,"column":6},"end":{"line":138,"column":60}},"type":"if","locations":[{"start":{"line":132,"column":6},"end":{"line":138,"column":60}},{"start":{},"end":{}}],"line":132},"26":{"loc":{"start":{"line":133,"column":8},"end":{"line":135,"column":64}},"type":"binary-expr","locations":[{"start":{"line":133,"column":8},"end":{"line":133,"column":35}},{"start":{"line":134,"column":8},"end":{"line":134,"column":33}},{"start":{"line":135,"column":8},"end":{"line":135,"column":64}}],"line":133},"27":{"loc":{"start":{"line":140,"column":6},"end":{"line":145,"column":7}},"type":"if","locations":[{"start":{"line":140,"column":6},"end":{"line":145,"column":7}},{"start":{},"end":{}}],"line":140},"28":{"loc":{"start":{"line":142,"column":8},"end":{"line":144,"column":55}},"type":"if","locations":[{"start":{"line":142,"column":8},"end":{"line":144,"column":55}},{"start":{},"end":{}}],"line":142},"29":{"loc":{"start":{"line":156,"column":4},"end":{"line":156,"column":33}},"type":"if","locations":[{"start":{"line":156,"column":4},"end":{"line":156,"column":33}},{"start":{},"end":{}}],"line":156},"30":{"loc":{"start":{"line":160,"column":4},"end":{"line":164,"column":5}},"type":"if","locations":[{"start":{"line":160,"column":4},"end":{"line":164,"column":5}},{"start":{},"end":{}}],"line":160},"31":{"loc":{"start":{"line":167,"column":4},"end":{"line":171,"column":5}},"type":"if","locations":[{"start":{"line":167,"column":4},"end":{"line":171,"column":5}},{"start":{},"end":{}}],"line":167},"32":{"loc":{"start":{"line":167,"column":8},"end":{"line":167,"column":60}},"type":"binary-expr","locations":[{"start":{"line":167,"column":8},"end":{"line":167,"column":27}},{"start":{"line":167,"column":31},"end":{"line":167,"column":60}}],"line":167},"33":{"loc":{"start":{"line":176,"column":4},"end":{"line":184,"column":5}},"type":"if","locations":[{"start":{"line":176,"column":4},"end":{"line":184,"column":5}},{"start":{},"end":{}}],"line":176},"34":{"loc":{"start":{"line":176,"column":8},"end":{"line":176,"column":39}},"type":"binary-expr","locations":[{"start":{"line":176,"column":8},"end":{"line":176,"column":22}},{"start":{"line":176,"column":26},"end":{"line":176,"column":39}}],"line":176},"35":{"loc":{"start":{"line":179,"column":19},"end":{"line":179,"column":39}},"type":"binary-expr","locations":[{"start":{"line":179,"column":19},"end":{"line":179,"column":33}},{"start":{"line":179,"column":37},"end":{"line":179,"column":39}}],"line":179},"36":{"loc":{"start":{"line":180,"column":18},"end":{"line":180,"column":37}},"type":"binary-expr","locations":[{"start":{"line":180,"column":18},"end":{"line":180,"column":31}},{"start":{"line":180,"column":35},"end":{"line":180,"column":37}}],"line":180},"37":{"loc":{"start":{"line":197,"column":6},"end":{"line":205,"column":7}},"type":"if","locations":[{"start":{"line":197,"column":6},"end":{"line":205,"column":7}},{"start":{"line":203,"column":13},"end":{"line":205,"column":7}}],"line":197},"38":{"loc":{"start":{"line":215,"column":4},"end":{"line":393,"column":5}},"type":"switch","locations":[{"start":{"line":216,"column":6},"end":{"line":262,"column":10}},{"start":{"line":264,"column":6},"end":{"line":320,"column":10}},{"start":{"line":322,"column":6},"end":{"line":392,"column":10}}],"line":215},"39":{"loc":{"start":{"line":231,"column":27},"end":{"line":231,"column":68}},"type":"cond-expr","locations":[{"start":{"line":231,"column":46},"end":{"line":231,"column":63}},{"start":{"line":231,"column":66},"end":{"line":231,"column":68}}],"line":231},"40":{"loc":{"start":{"line":234,"column":15},"end":{"line":236,"column":15}},"type":"binary-expr","locations":[{"start":{"line":234,"column":15},"end":{"line":234,"column":31}},{"start":{"line":235,"column":16},"end":{"line":235,"column":76}}],"line":234},"41":{"loc":{"start":{"line":246,"column":27},"end":{"line":246,"column":67}},"type":"cond-expr","locations":[{"start":{"line":246,"column":45},"end":{"line":246,"column":62}},{"start":{"line":246,"column":65},"end":{"line":246,"column":67}}],"line":246},"42":{"loc":{"start":{"line":249,"column":15},"end":{"line":251,"column":15}},"type":"binary-expr","locations":[{"start":{"line":249,"column":15},"end":{"line":249,"column":30}},{"start":{"line":250,"column":16},"end":{"line":250,"column":75}}],"line":249},"43":{"loc":{"start":{"line":279,"column":27},"end":{"line":279,"column":64}},"type":"cond-expr","locations":[{"start":{"line":279,"column":42},"end":{"line":279,"column":59}},{"start":{"line":279,"column":62},"end":{"line":279,"column":64}}],"line":279},"44":{"loc":{"start":{"line":281,"column":15},"end":{"line":283,"column":15}},"type":"binary-expr","locations":[{"start":{"line":281,"column":15},"end":{"line":281,"column":27}},{"start":{"line":282,"column":16},"end":{"line":282,"column":72}}],"line":281},"45":{"loc":{"start":{"line":296,"column":27},"end":{"line":296,"column":67}},"type":"cond-expr","locations":[{"start":{"line":296,"column":45},"end":{"line":296,"column":62}},{"start":{"line":296,"column":65},"end":{"line":296,"column":67}}],"line":296},"46":{"loc":{"start":{"line":298,"column":15},"end":{"line":300,"column":15}},"type":"binary-expr","locations":[{"start":{"line":298,"column":15},"end":{"line":298,"column":30}},{"start":{"line":299,"column":16},"end":{"line":299,"column":75}}],"line":298},"47":{"loc":{"start":{"line":338,"column":27},"end":{"line":338,"column":76}},"type":"cond-expr","locations":[{"start":{"line":338,"column":54},"end":{"line":338,"column":71}},{"start":{"line":338,"column":74},"end":{"line":338,"column":76}}],"line":338},"48":{"loc":{"start":{"line":340,"column":15},"end":{"line":344,"column":15}},"type":"binary-expr","locations":[{"start":{"line":340,"column":15},"end":{"line":340,"column":39}},{"start":{"line":341,"column":16},"end":{"line":343,"column":23}}],"line":340},"49":{"loc":{"start":{"line":355,"column":27},"end":{"line":355,"column":74}},"type":"cond-expr","locations":[{"start":{"line":355,"column":52},"end":{"line":355,"column":69}},{"start":{"line":355,"column":72},"end":{"line":355,"column":74}}],"line":355},"50":{"loc":{"start":{"line":357,"column":15},"end":{"line":361,"column":15}},"type":"binary-expr","locations":[{"start":{"line":357,"column":15},"end":{"line":357,"column":37}},{"start":{"line":358,"column":16},"end":{"line":360,"column":23}}],"line":357},"51":{"loc":{"start":{"line":388,"column":17},"end":{"line":388,"column":63}},"type":"cond-expr","locations":[{"start":{"line":388,"column":29},"end":{"line":388,"column":42}},{"start":{"line":388,"column":45},"end":{"line":388,"column":63}}],"line":388},"52":{"loc":{"start":{"line":426,"column":7},"end":{"line":428,"column":7}},"type":"binary-expr","locations":[{"start":{"line":426,"column":7},"end":{"line":426,"column":20}},{"start":{"line":427,"column":8},"end":{"line":427,"column":66}}],"line":426}},"s":{"0":2,"1":2,"2":10,"3":2,"4":8,"5":8,"6":2,"7":6,"8":0,"9":6,"10":0,"11":6,"12":0,"13":6,"14":0,"15":6,"16":0,"17":6,"18":0,"19":6,"20":2,"21":4,"22":4,"23":0,"24":4,"25":1,"26":3,"27":3,"28":0,"29":3,"30":3,"31":0,"32":3,"33":0,"34":3,"35":0,"36":3,"37":0,"38":3,"39":0,"40":3,"41":3,"42":0,"43":3,"44":2,"45":23,"46":23,"47":23,"48":23,"49":23,"50":23,"51":10,"52":10,"53":0,"54":0,"55":23,"56":7,"57":5,"58":5,"59":23,"60":0,"61":0,"62":23,"63":8,"64":8,"65":4,"66":4,"67":4,"68":1,"69":4,"70":1,"71":8,"72":3,"73":3,"74":1,"75":8,"76":1,"77":0,"78":1,"79":0,"80":0,"81":0,"82":8,"83":8,"84":23,"85":1,"86":1,"87":0,"88":1,"89":1,"90":0,"91":0,"92":0,"93":0,"94":1,"95":1,"96":1,"97":1,"98":1,"99":0,"100":0,"101":0,"102":0,"103":0,"104":0,"105":0,"106":0,"107":0,"108":0,"109":0,"110":0,"111":0,"112":0,"113":0,"114":0,"115":0,"116":0,"117":23,"118":23,"119":12,"120":3,"121":3,"122":9,"123":3,"124":1,"125":2,"126":0,"127":0,"128":0,"129":23,"130":0},"f":{"0":10,"1":8,"2":4,"3":23,"4":10,"5":0,"6":7,"7":5,"8":0,"9":0,"10":8,"11":1,"12":0,"13":1,"14":0,"15":0,"16":23,"17":3,"18":3,"19":3,"20":1,"21":0,"22":0,"23":0,"24":0},"b":{"0":[2,6],"1":[0,6],"2":[0,6],"3":[0,6],"4":[0,6],"5":[0,6],"6":[0,6],"7":[0,4],"8":[1,3],"9":[0,3],"10":[0,3],"11":[0,3],"12":[0,3],"13":[0,3],"14":[3,3],"15":[0,3],"16":[0,3],"17":[0,10],"18":[5,2],"19":[4,4],"20":[1,3],"21":[1,3],"22":[3,5],"23":[1,2],"24":[1,7],"25":[0,1],"26":[1,0,0],"27":[0,1],"28":[0,0],"29":[0,1],"30":[0,1],"31":[1,0],"32":[1,1],"33":[0,0],"34":[0,0],"35":[0,0],"36":[0,0],"37":[0,0],"38":[12,9,2],"39":[1,11],"40":[12,1],"41":[1,11],"42":[12,1],"43":[1,8],"44":[9,1],"45":[1,8],"46":[9,1],"47":[0,2],"48":[2,0],"49":[0,2],"50":[2,0],"51":[0,2],"52":[23,0]},"_coverageSchema":"1a1c01bbd47fc00a2c39e90264f33305004495a9","hash":"1c33384746c52c434de92faca804444618dc089d"}
}
