{"C:\\Users\\halat\\OneDrive\\Desktop\\OpenHub\\frontend\\src\\App.jsx": {"path":"C:\\Users\\halat\\OneDrive\\Desktop\\OpenHub\\frontend\\src\\App.jsx","statementMap":{"0":{"start":{"line":13,"column":19},"end":{"line":13,"column":32}},"1":{"start":{"line":15,"column":24},"end":{"line":15,"column":58}},"2":{"start":{"line":16,"column":21},"end":{"line":16,"column":63}},"3":{"start":{"line":18,"column":2},"end":{"line":34,"column":4}},"4":{"start":{"line":39,"column":2},"end":{"line":39,"column":24}}},"fnMap":{"0":{"name":"AppContent","decl":{"start":{"line":12,"column":9},"end":{"line":12,"column":19}},"loc":{"start":{"line":12,"column":22},"end":{"line":35,"column":1}},"line":12},"1":{"name":"App","decl":{"start":{"line":37,"column":9},"end":{"line":37,"column":12}},"loc":{"start":{"line":37,"column":15},"end":{"line":40,"column":1}},"line":37}},"branchMap":{"0":{"loc":{"start":{"line":20,"column":7},"end":{"line":20,"column":31}},"type":"binary-expr","locations":[{"start":{"line":20,"column":7},"end":{"line":20,"column":17}},{"start":{"line":20,"column":21},"end":{"line":20,"column":31}}],"line":20}},"s":{"0":2,"1":1,"2":1,"3":1,"4":2},"f":{"0":2,"1":2},"b":{"0":[1,1]},"_coverageSchema":"1a1c01bbd47fc00a2c39e90264f33305004495a9","hash":"044c3e9679979f38ad9bdc2ff2febfb557fdec7b"}
,"C:\\Users\\halat\\OneDrive\\Desktop\\OpenHub\\frontend\\src\\component\\barreNavigation.jsx": {"path":"C:\\Users\\halat\\OneDrive\\Desktop\\OpenHub\\frontend\\src\\component\\barreNavigation.jsx","statementMap":{"0":{"start":{"line":9,"column":15},"end":{"line":53,"column":1}},"1":{"start":{"line":10,"column":19},"end":{"line":10,"column":32}},"2":{"start":{"line":14,"column":2},"end":{"line":52,"column":4}}},"fnMap":{"0":{"name":"(anonymous_0)","decl":{"start":{"line":9,"column":15},"end":{"line":9,"column":16}},"loc":{"start":{"line":9,"column":21},"end":{"line":53,"column":1}},"line":9}},"branchMap":{"0":{"loc":{"start":{"line":17,"column":23},"end":{"line":17,"column":68}},"type":"cond-expr","locations":[{"start":{"line":17,"column":55},"end":{"line":17,"column":63}},{"start":{"line":17,"column":66},"end":{"line":17,"column":68}}],"line":17},"1":{"loc":{"start":{"line":23,"column":23},"end":{"line":23,"column":70}},"type":"cond-expr","locations":[{"start":{"line":23,"column":57},"end":{"line":23,"column":65}},{"start":{"line":23,"column":68},"end":{"line":23,"column":70}}],"line":23},"2":{"loc":{"start":{"line":29,"column":23},"end":{"line":29,"column":72}},"type":"cond-expr","locations":[{"start":{"line":29,"column":59},"end":{"line":29,"column":67}},{"start":{"line":29,"column":70},"end":{"line":29,"column":72}}],"line":29},"3":{"loc":{"start":{"line":35,"column":23},"end":{"line":35,"column":72}},"type":"cond-expr","locations":[{"start":{"line":35,"column":59},"end":{"line":35,"column":67}},{"start":{"line":35,"column":70},"end":{"line":35,"column":72}}],"line":35},"4":{"loc":{"start":{"line":41,"column":23},"end":{"line":41,"column":70}},"type":"cond-expr","locations":[{"start":{"line":41,"column":57},"end":{"line":41,"column":65}},{"start":{"line":41,"column":68},"end":{"line":41,"column":70}}],"line":41}},"s":{"0":1,"1":1,"2":1},"f":{"0":1},"b":{"0":[0,1],"1":[0,1],"2":[0,1],"3":[0,1],"4":[0,1]},"_coverageSchema":"1a1c01bbd47fc00a2c39e90264f33305004495a9","hash":"2b4025a578f81994e5b22f23dde83732d0bf0e8d"}
,"C:\\Users\\halat\\OneDrive\\Desktop\\OpenHub\\frontend\\src\\pages\\DonatePage.jsx": {"path":"C:\\Users\\halat\\OneDrive\\Desktop\\OpenHub\\frontend\\src\\pages\\DonatePage.jsx","statementMap":{"0":{"start":{"line":3,"column":19},"end":{"line":58,"column":1}},"1":{"start":{"line":4,"column":30},"end":{"line":4,"column":41}},"2":{"start":{"line":5,"column":32},"end":{"line":5,"column":47}},"3":{"start":{"line":6,"column":28},"end":{"line":6,"column":40}},"4":{"start":{"line":8,"column":23},"end":{"line":29,"column":3}},"5":{"start":{"line":9,"column":4},"end":{"line":9,"column":21}},"6":{"start":{"line":10,"column":4},"end":{"line":10,"column":17}},"7":{"start":{"line":12,"column":4},"end":{"line":28,"column":5}},"8":{"start":{"line":13,"column":23},"end":{"line":17,"column":8}},"9":{"start":{"line":19,"column":6},"end":{"line":21,"column":7}},"10":{"start":{"line":20,"column":8},"end":{"line":20,"column":81}},"11":{"start":{"line":23,"column":19},"end":{"line":23,"column":40}},"12":{"start":{"line":24,"column":6},"end":{"line":24,"column":38}},"13":{"start":{"line":26,"column":6},"end":{"line":26,"column":28}},"14":{"start":{"line":27,"column":6},"end":{"line":27,"column":24}},"15":{"start":{"line":31,"column":2},"end":{"line":57,"column":4}},"16":{"start":{"line":44,"column":27},"end":{"line":44,"column":52}},"17":{"start":{"line":60,"column":15},"end":{"line":91,"column":1}}},"fnMap":{"0":{"name":"(anonymous_0)","decl":{"start":{"line":3,"column":19},"end":{"line":3,"column":20}},"loc":{"start":{"line":3,"column":25},"end":{"line":58,"column":1}},"line":3},"1":{"name":"(anonymous_1)","decl":{"start":{"line":8,"column":23},"end":{"line":8,"column":24}},"loc":{"start":{"line":8,"column":35},"end":{"line":29,"column":3}},"line":8},"2":{"name":"(anonymous_2)","decl":{"start":{"line":44,"column":20},"end":{"line":44,"column":21}},"loc":{"start":{"line":44,"column":27},"end":{"line":44,"column":52}},"line":44}},"branchMap":{"0":{"loc":{"start":{"line":19,"column":6},"end":{"line":21,"column":7}},"type":"if","locations":[{"start":{"line":19,"column":6},"end":{"line":21,"column":7}},{"start":{},"end":{}}],"line":19},"1":{"loc":{"start":{"line":51,"column":11},"end":{"line":51,"column":57}},"type":"cond-expr","locations":[{"start":{"line":51,"column":21},"end":{"line":51,"column":37}},{"start":{"line":51,"column":40},"end":{"line":51,"column":57}}],"line":51},"2":{"loc":{"start":{"line":54,"column":9},"end":{"line":54,"column":53}},"type":"binary-expr","locations":[{"start":{"line":54,"column":9},"end":{"line":54,"column":14}},{"start":{"line":54,"column":18},"end":{"line":54,"column":53}}],"line":54}},"s":{"0":2,"1":17,"2":17,"3":17,"4":17,"5":5,"6":5,"7":5,"8":5,"9":5,"10":3,"11":1,"12":1,"13":4,"14":4,"15":17,"16":1,"17":2},"f":{"0":17,"1":5,"2":1},"b":{"0":[3,1],"1":[5,12],"2":[17,3]},"_coverageSchema":"1a1c01bbd47fc00a2c39e90264f33305004495a9","hash":"060a862f174a505d05318414b0e2ddcb80c0de52"}
,"C:\\Users\\halat\\OneDrive\\Desktop\\OpenHub\\frontend\\src\\pages\\Home.jsx": {"path":"C:\\Users\\halat\\OneDrive\\Desktop\\OpenHub\\frontend\\src\\pages\\Home.jsx","statementMap":{"0":{"start":{"line":7,"column":16},"end":{"line":7,"column":44}},"1":{"start":{"line":9,"column":13},"end":{"line":658,"column":1}},"2":{"start":{"line":10,"column":26},"end":{"line":10,"column":38}},"3":{"start":{"line":11,"column":30},"end":{"line":11,"column":42}},"4":{"start":{"line":12,"column":34},"end":{"line":12,"column":46}},"5":{"start":{"line":13,"column":42},"end":{"line":13,"column":54}},"6":{"start":{"line":14,"column":48},"end":{"line":14,"column":60}},"7":{"start":{"line":15,"column":32},"end":{"line":15,"column":46}},"8":{"start":{"line":16,"column":28},"end":{"line":16,"column":42}},"9":{"start":{"line":17,"column":40},"end":{"line":17,"column":55}},"10":{"start":{"line":18,"column":44},"end":{"line":18,"column":58}},"11":{"start":{"line":19,"column":48},"end":{"line":19,"column":62}},"12":{"start":{"line":20,"column":38},"end":{"line":20,"column":50}},"13":{"start":{"line":21,"column":42},"end":{"line":21,"column":54}},"14":{"start":{"line":22,"column":32},"end":{"line":22,"column":44}},"15":{"start":{"line":23,"column":52},"end":{"line":23,"column":64}},"16":{"start":{"line":24,"column":48},"end":{"line":24,"column":60}},"17":{"start":{"line":25,"column":40},"end":{"line":25,"column":55}},"18":{"start":{"line":26,"column":44},"end":{"line":26,"column":59}},"19":{"start":{"line":27,"column":58},"end":{"line":27,"column":73}},"20":{"start":{"line":29,"column":25},"end":{"line":32,"column":3}},"21":{"start":{"line":30,"column":4},"end":{"line":30,"column":28}},"22":{"start":{"line":31,"column":4},"end":{"line":31,"column":25}},"23":{"start":{"line":34,"column":27},"end":{"line":37,"column":3}},"24":{"start":{"line":35,"column":4},"end":{"line":35,"column":32}},"25":{"start":{"line":36,"column":4},"end":{"line":36,"column":25}},"26":{"start":{"line":39,"column":21},"end":{"line":43,"column":3}},"27":{"start":{"line":40,"column":4},"end":{"line":40,"column":27}},"28":{"start":{"line":41,"column":4},"end":{"line":41,"column":29}},"29":{"start":{"line":42,"column":4},"end":{"line":42,"column":26}},"30":{"start":{"line":45,"column":26},"end":{"line":88,"column":3}},"31":{"start":{"line":46,"column":4},"end":{"line":49,"column":5}},"32":{"start":{"line":47,"column":6},"end":{"line":47,"column":46}},"33":{"start":{"line":48,"column":6},"end":{"line":48,"column":13}},"34":{"start":{"line":50,"column":4},"end":{"line":53,"column":5}},"35":{"start":{"line":51,"column":6},"end":{"line":51,"column":44}},"36":{"start":{"line":52,"column":6},"end":{"line":52,"column":13}},"37":{"start":{"line":55,"column":4},"end":{"line":87,"column":5}},"38":{"start":{"line":56,"column":6},"end":{"line":56,"column":36}},"39":{"start":{"line":57,"column":6},"end":{"line":57,"column":47}},"40":{"start":{"line":58,"column":20},"end":{"line":58,"column":49}},"41":{"start":{"line":60,"column":23},"end":{"line":70,"column":8}},"42":{"start":{"line":72,"column":21},"end":{"line":72,"column":42}},"43":{"start":{"line":74,"column":6},"end":{"line":81,"column":7}},"44":{"start":{"line":75,"column":8},"end":{"line":75,"column":59}},"45":{"start":{"line":76,"column":8},"end":{"line":76,"column":33}},"46":{"start":{"line":77,"column":8},"end":{"line":77,"column":31}},"47":{"start":{"line":78,"column":8},"end":{"line":78,"column":26}},"48":{"start":{"line":80,"column":8},"end":{"line":80,"column":42}},"49":{"start":{"line":83,"column":6},"end":{"line":83,"column":57}},"50":{"start":{"line":84,"column":6},"end":{"line":84,"column":64}},"51":{"start":{"line":86,"column":6},"end":{"line":86,"column":37}},"52":{"start":{"line":90,"column":21},"end":{"line":125,"column":3}},"53":{"start":{"line":91,"column":4},"end":{"line":94,"column":5}},"54":{"start":{"line":92,"column":6},"end":{"line":92,"column":46}},"55":{"start":{"line":93,"column":6},"end":{"line":93,"column":13}},"56":{"start":{"line":96,"column":4},"end":{"line":124,"column":5}},"57":{"start":{"line":97,"column":6},"end":{"line":97,"column":29}},"58":{"start":{"line":98,"column":20},"end":{"line":98,"column":49}},"59":{"start":{"line":100,"column":23},"end":{"line":109,"column":8}},"60":{"start":{"line":110,"column":21},"end":{"line":110,"column":42}},"61":{"start":{"line":112,"column":6},"end":{"line":118,"column":7}},"62":{"start":{"line":113,"column":8},"end":{"line":113,"column":66}},"63":{"start":{"line":114,"column":8},"end":{"line":114,"column":28}},"64":{"start":{"line":115,"column":8},"end":{"line":115,"column":34}},"65":{"start":{"line":117,"column":8},"end":{"line":117,"column":42}},"66":{"start":{"line":120,"column":6},"end":{"line":120,"column":57}},"67":{"start":{"line":121,"column":6},"end":{"line":121,"column":52}},"68":{"start":{"line":123,"column":6},"end":{"line":123,"column":30}},"69":{"start":{"line":127,"column":19},"end":{"line":164,"column":3}},"70":{"start":{"line":128,"column":4},"end":{"line":131,"column":5}},"71":{"start":{"line":129,"column":6},"end":{"line":129,"column":44}},"72":{"start":{"line":130,"column":6},"end":{"line":130,"column":13}},"73":{"start":{"line":133,"column":4},"end":{"line":163,"column":5}},"74":{"start":{"line":134,"column":6},"end":{"line":134,"column":27}},"75":{"start":{"line":135,"column":6},"end":{"line":135,"column":38}},"76":{"start":{"line":136,"column":20},"end":{"line":136,"column":49}},"77":{"start":{"line":138,"column":23},"end":{"line":147,"column":8}},"78":{"start":{"line":149,"column":21},"end":{"line":149,"column":42}},"79":{"start":{"line":151,"column":6},"end":{"line":157,"column":7}},"80":{"start":{"line":152,"column":8},"end":{"line":152,"column":64}},"81":{"start":{"line":153,"column":8},"end":{"line":153,"column":26}},"82":{"start":{"line":154,"column":8},"end":{"line":154,"column":28}},"83":{"start":{"line":156,"column":8},"end":{"line":156,"column":42}},"84":{"start":{"line":159,"column":6},"end":{"line":159,"column":55}},"85":{"start":{"line":160,"column":6},"end":{"line":160,"column":50}},"86":{"start":{"line":162,"column":6},"end":{"line":162,"column":28}},"87":{"start":{"line":166,"column":31},"end":{"line":187,"column":3}},"88":{"start":{"line":167,"column":4},"end":{"line":186,"column":5}},"89":{"start":{"line":168,"column":20},"end":{"line":168,"column":49}},"90":{"start":{"line":170,"column":23},"end":{"line":176,"column":8}},"91":{"start":{"line":178,"column":6},"end":{"line":180,"column":7}},"92":{"start":{"line":179,"column":8},"end":{"line":179,"column":64}},"93":{"start":{"line":182,"column":19},"end":{"line":182,"column":40}},"94":{"start":{"line":183,"column":6},"end":{"line":183,"column":58}},"95":{"start":{"line":185,"column":6},"end":{"line":185,"column":63}},"96":{"start":{"line":189,"column":28},"end":{"line":210,"column":3}},"97":{"start":{"line":190,"column":18},"end":{"line":190,"column":47}},"98":{"start":{"line":192,"column":4},"end":{"line":209,"column":5}},"99":{"start":{"line":193,"column":23},"end":{"line":199,"column":8}},"100":{"start":{"line":201,"column":6},"end":{"line":203,"column":7}},"101":{"start":{"line":202,"column":8},"end":{"line":202,"column":66}},"102":{"start":{"line":205,"column":19},"end":{"line":205,"column":40}},"103":{"start":{"line":206,"column":6},"end":{"line":206,"column":55}},"104":{"start":{"line":208,"column":6},"end":{"line":208,"column":60}},"105":{"start":{"line":212,"column":27},"end":{"line":233,"column":3}},"106":{"start":{"line":213,"column":18},"end":{"line":213,"column":47}},"107":{"start":{"line":215,"column":4},"end":{"line":232,"column":5}},"108":{"start":{"line":216,"column":23},"end":{"line":222,"column":8}},"109":{"start":{"line":224,"column":6},"end":{"line":226,"column":7}},"110":{"start":{"line":225,"column":8},"end":{"line":225,"column":66}},"111":{"start":{"line":228,"column":29},"end":{"line":228,"column":50}},"112":{"start":{"line":229,"column":6},"end":{"line":229,"column":71}},"113":{"start":{"line":231,"column":6},"end":{"line":231,"column":59}},"114":{"start":{"line":235,"column":22},"end":{"line":256,"column":3}},"115":{"start":{"line":236,"column":18},"end":{"line":236,"column":47}},"116":{"start":{"line":238,"column":4},"end":{"line":255,"column":5}},"117":{"start":{"line":239,"column":23},"end":{"line":245,"column":8}},"118":{"start":{"line":247,"column":6},"end":{"line":249,"column":7}},"119":{"start":{"line":248,"column":8},"end":{"line":248,"column":64}},"120":{"start":{"line":251,"column":25},"end":{"line":251,"column":46}},"121":{"start":{"line":252,"column":6},"end":{"line":252,"column":61}},"122":{"start":{"line":254,"column":6},"end":{"line":254,"column":53}},"123":{"start":{"line":258,"column":20},"end":{"line":285,"column":3}},"124":{"start":{"line":259,"column":18},"end":{"line":259,"column":47}},"125":{"start":{"line":260,"column":4},"end":{"line":260,"column":32}},"126":{"start":{"line":262,"column":4},"end":{"line":284,"column":5}},"127":{"start":{"line":263,"column":27},"end":{"line":269,"column":8}},"128":{"start":{"line":271,"column":6},"end":{"line":273,"column":7}},"129":{"start":{"line":272,"column":8},"end":{"line":272,"column":66}},"130":{"start":{"line":275,"column":23},"end":{"line":275,"column":48}},"131":{"start":{"line":276,"column":6},"end":{"line":276,"column":24}},"132":{"start":{"line":277,"column":6},"end":{"line":277,"column":26}},"133":{"start":{"line":280,"column":6},"end":{"line":280,"column":51}},"134":{"start":{"line":281,"column":6},"end":{"line":281,"column":30}},"135":{"start":{"line":283,"column":6},"end":{"line":283,"column":24}},"136":{"start":{"line":287,"column":24},"end":{"line":320,"column":3}},"137":{"start":{"line":288,"column":4},"end":{"line":290,"column":5}},"138":{"start":{"line":289,"column":6},"end":{"line":289,"column":13}},"139":{"start":{"line":292,"column":4},"end":{"line":319,"column":5}},"140":{"start":{"line":293,"column":6},"end":{"line":293,"column":42}},"141":{"start":{"line":294,"column":20},"end":{"line":294,"column":49}},"142":{"start":{"line":296,"column":23},"end":{"line":305,"column":8}},"143":{"start":{"line":307,"column":21},"end":{"line":307,"column":42}},"144":{"start":{"line":309,"column":6},"end":{"line":315,"column":7}},"145":{"start":{"line":310,"column":8},"end":{"line":310,"column":68}},"146":{"start":{"line":311,"column":8},"end":{"line":311,"column":34}},"147":{"start":{"line":312,"column":8},"end":{"line":312,"column":21}},"148":{"start":{"line":314,"column":8},"end":{"line":314,"column":42}},"149":{"start":{"line":317,"column":6},"end":{"line":317,"column":59}},"150":{"start":{"line":318,"column":6},"end":{"line":318,"column":54}},"151":{"start":{"line":322,"column":22},"end":{"line":355,"column":3}},"152":{"start":{"line":323,"column":4},"end":{"line":325,"column":5}},"153":{"start":{"line":324,"column":6},"end":{"line":324,"column":13}},"154":{"start":{"line":327,"column":4},"end":{"line":354,"column":5}},"155":{"start":{"line":328,"column":6},"end":{"line":328,"column":40}},"156":{"start":{"line":329,"column":20},"end":{"line":329,"column":49}},"157":{"start":{"line":331,"column":23},"end":{"line":340,"column":8}},"158":{"start":{"line":342,"column":21},"end":{"line":342,"column":42}},"159":{"start":{"line":344,"column":6},"end":{"line":350,"column":7}},"160":{"start":{"line":345,"column":8},"end":{"line":345,"column":66}},"161":{"start":{"line":346,"column":8},"end":{"line":346,"column":28}},"162":{"start":{"line":347,"column":8},"end":{"line":347,"column":21}},"163":{"start":{"line":349,"column":8},"end":{"line":349,"column":42}},"164":{"start":{"line":352,"column":6},"end":{"line":352,"column":57}},"165":{"start":{"line":353,"column":6},"end":{"line":353,"column":52}},"166":{"start":{"line":357,"column":2},"end":{"line":362,"column":9}},"167":{"start":{"line":358,"column":4},"end":{"line":358,"column":16}},"168":{"start":{"line":359,"column":4},"end":{"line":359,"column":27}},"169":{"start":{"line":360,"column":4},"end":{"line":360,"column":23}},"170":{"start":{"line":361,"column":4},"end":{"line":361,"column":24}},"171":{"start":{"line":364,"column":2},"end":{"line":369,"column":4}},"172":{"start":{"line":364,"column":15},"end":{"line":369,"column":4}},"173":{"start":{"line":371,"column":2},"end":{"line":375,"column":4}},"174":{"start":{"line":371,"column":13},"end":{"line":375,"column":4}},"175":{"start":{"line":377,"column":2},"end":{"line":657,"column":4}},"176":{"start":{"line":420,"column":18},"end":{"line":426,"column":27}},"177":{"start":{"line":423,"column":35},"end":{"line":423,"column":56}},"178":{"start":{"line":446,"column":18},"end":{"line":452,"column":27}},"179":{"start":{"line":449,"column":35},"end":{"line":449,"column":60}},"180":{"start":{"line":484,"column":35},"end":{"line":484,"column":64}},"181":{"start":{"line":490,"column":20},"end":{"line":492,"column":29}},"182":{"start":{"line":523,"column":37},"end":{"line":523,"column":73}},"183":{"start":{"line":532,"column":37},"end":{"line":532,"column":71}},"184":{"start":{"line":562,"column":35},"end":{"line":562,"column":66}},"185":{"start":{"line":568,"column":20},"end":{"line":570,"column":29}},"186":{"start":{"line":613,"column":31},"end":{"line":613,"column":64}},"187":{"start":{"line":644,"column":31},"end":{"line":644,"column":60}}},"fnMap":{"0":{"name":"(anonymous_0)","decl":{"start":{"line":9,"column":13},"end":{"line":9,"column":14}},"loc":{"start":{"line":9,"column":19},"end":{"line":658,"column":1}},"line":9},"1":{"name":"(anonymous_1)","decl":{"start":{"line":29,"column":25},"end":{"line":29,"column":26}},"loc":{"start":{"line":29,"column":36},"end":{"line":32,"column":3}},"line":29},"2":{"name":"(anonymous_2)","decl":{"start":{"line":34,"column":27},"end":{"line":34,"column":28}},"loc":{"start":{"line":34,"column":40},"end":{"line":37,"column":3}},"line":34},"3":{"name":"(anonymous_3)","decl":{"start":{"line":39,"column":21},"end":{"line":39,"column":22}},"loc":{"start":{"line":39,"column":27},"end":{"line":43,"column":3}},"line":39},"4":{"name":"(anonymous_4)","decl":{"start":{"line":45,"column":26},"end":{"line":45,"column":27}},"loc":{"start":{"line":45,"column":38},"end":{"line":88,"column":3}},"line":45},"5":{"name":"(anonymous_5)","decl":{"start":{"line":90,"column":21},"end":{"line":90,"column":22}},"loc":{"start":{"line":90,"column":33},"end":{"line":125,"column":3}},"line":90},"6":{"name":"(anonymous_6)","decl":{"start":{"line":127,"column":19},"end":{"line":127,"column":20}},"loc":{"start":{"line":127,"column":31},"end":{"line":164,"column":3}},"line":127},"7":{"name":"(anonymous_7)","decl":{"start":{"line":166,"column":31},"end":{"line":166,"column":32}},"loc":{"start":{"line":166,"column":43},"end":{"line":187,"column":3}},"line":166},"8":{"name":"(anonymous_8)","decl":{"start":{"line":189,"column":28},"end":{"line":189,"column":29}},"loc":{"start":{"line":189,"column":40},"end":{"line":210,"column":3}},"line":189},"9":{"name":"(anonymous_9)","decl":{"start":{"line":212,"column":27},"end":{"line":212,"column":28}},"loc":{"start":{"line":212,"column":39},"end":{"line":233,"column":3}},"line":212},"10":{"name":"(anonymous_10)","decl":{"start":{"line":235,"column":22},"end":{"line":235,"column":23}},"loc":{"start":{"line":235,"column":34},"end":{"line":256,"column":3}},"line":235},"11":{"name":"(anonymous_11)","decl":{"start":{"line":258,"column":20},"end":{"line":258,"column":21}},"loc":{"start":{"line":258,"column":32},"end":{"line":285,"column":3}},"line":258},"12":{"name":"(anonymous_12)","decl":{"start":{"line":287,"column":24},"end":{"line":287,"column":25}},"loc":{"start":{"line":287,"column":45},"end":{"line":320,"column":3}},"line":287},"13":{"name":"(anonymous_13)","decl":{"start":{"line":322,"column":22},"end":{"line":322,"column":23}},"loc":{"start":{"line":322,"column":41},"end":{"line":355,"column":3}},"line":322},"14":{"name":"(anonymous_14)","decl":{"start":{"line":357,"column":12},"end":{"line":357,"column":13}},"loc":{"start":{"line":357,"column":18},"end":{"line":362,"column":3}},"line":357},"15":{"name":"(anonymous_15)","decl":{"start":{"line":419,"column":27},"end":{"line":419,"column":28}},"loc":{"start":{"line":420,"column":18},"end":{"line":426,"column":27}},"line":420},"16":{"name":"(anonymous_16)","decl":{"start":{"line":423,"column":29},"end":{"line":423,"column":30}},"loc":{"start":{"line":423,"column":35},"end":{"line":423,"column":56}},"line":423},"17":{"name":"(anonymous_17)","decl":{"start":{"line":445,"column":33},"end":{"line":445,"column":34}},"loc":{"start":{"line":446,"column":18},"end":{"line":452,"column":27}},"line":446},"18":{"name":"(anonymous_18)","decl":{"start":{"line":449,"column":29},"end":{"line":449,"column":30}},"loc":{"start":{"line":449,"column":35},"end":{"line":449,"column":60}},"line":449},"19":{"name":"(anonymous_19)","decl":{"start":{"line":484,"column":28},"end":{"line":484,"column":29}},"loc":{"start":{"line":484,"column":35},"end":{"line":484,"column":64}},"line":484},"20":{"name":"(anonymous_20)","decl":{"start":{"line":489,"column":39},"end":{"line":489,"column":40}},"loc":{"start":{"line":490,"column":20},"end":{"line":492,"column":29}},"line":490},"21":{"name":"(anonymous_21)","decl":{"start":{"line":523,"column":30},"end":{"line":523,"column":31}},"loc":{"start":{"line":523,"column":37},"end":{"line":523,"column":73}},"line":523},"22":{"name":"(anonymous_22)","decl":{"start":{"line":532,"column":30},"end":{"line":532,"column":31}},"loc":{"start":{"line":532,"column":37},"end":{"line":532,"column":71}},"line":532},"23":{"name":"(anonymous_23)","decl":{"start":{"line":562,"column":28},"end":{"line":562,"column":29}},"loc":{"start":{"line":562,"column":35},"end":{"line":562,"column":66}},"line":562},"24":{"name":"(anonymous_24)","decl":{"start":{"line":567,"column":32},"end":{"line":567,"column":33}},"loc":{"start":{"line":568,"column":20},"end":{"line":570,"column":29}},"line":568},"25":{"name":"(anonymous_25)","decl":{"start":{"line":613,"column":25},"end":{"line":613,"column":26}},"loc":{"start":{"line":613,"column":31},"end":{"line":613,"column":64}},"line":613},"26":{"name":"(anonymous_26)","decl":{"start":{"line":644,"column":25},"end":{"line":644,"column":26}},"loc":{"start":{"line":644,"column":31},"end":{"line":644,"column":60}},"line":644}},"branchMap":{"0":{"loc":{"start":{"line":46,"column":4},"end":{"line":49,"column":5}},"type":"if","locations":[{"start":{"line":46,"column":4},"end":{"line":49,"column":5}},{"start":{},"end":{}}],"line":46},"1":{"loc":{"start":{"line":50,"column":4},"end":{"line":53,"column":5}},"type":"if","locations":[{"start":{"line":50,"column":4},"end":{"line":53,"column":5}},{"start":{},"end":{}}],"line":50},"2":{"loc":{"start":{"line":74,"column":6},"end":{"line":81,"column":7}},"type":"if","locations":[{"start":{"line":74,"column":6},"end":{"line":81,"column":7}},{"start":{"line":79,"column":13},"end":{"line":81,"column":7}}],"line":74},"3":{"loc":{"start":{"line":91,"column":4},"end":{"line":94,"column":5}},"type":"if","locations":[{"start":{"line":91,"column":4},"end":{"line":94,"column":5}},{"start":{},"end":{}}],"line":91},"4":{"loc":{"start":{"line":112,"column":6},"end":{"line":118,"column":7}},"type":"if","locations":[{"start":{"line":112,"column":6},"end":{"line":118,"column":7}},{"start":{"line":116,"column":13},"end":{"line":118,"column":7}}],"line":112},"5":{"loc":{"start":{"line":128,"column":4},"end":{"line":131,"column":5}},"type":"if","locations":[{"start":{"line":128,"column":4},"end":{"line":131,"column":5}},{"start":{},"end":{}}],"line":128},"6":{"loc":{"start":{"line":151,"column":6},"end":{"line":157,"column":7}},"type":"if","locations":[{"start":{"line":151,"column":6},"end":{"line":157,"column":7}},{"start":{"line":155,"column":13},"end":{"line":157,"column":7}}],"line":151},"7":{"loc":{"start":{"line":178,"column":6},"end":{"line":180,"column":7}},"type":"if","locations":[{"start":{"line":178,"column":6},"end":{"line":180,"column":7}},{"start":{},"end":{}}],"line":178},"8":{"loc":{"start":{"line":183,"column":25},"end":{"line":183,"column":56}},"type":"cond-expr","locations":[{"start":{"line":183,"column":47},"end":{"line":183,"column":51}},{"start":{"line":183,"column":54},"end":{"line":183,"column":56}}],"line":183},"9":{"loc":{"start":{"line":201,"column":6},"end":{"line":203,"column":7}},"type":"if","locations":[{"start":{"line":201,"column":6},"end":{"line":203,"column":7}},{"start":{},"end":{}}],"line":201},"10":{"loc":{"start":{"line":206,"column":22},"end":{"line":206,"column":53}},"type":"cond-expr","locations":[{"start":{"line":206,"column":44},"end":{"line":206,"column":48}},{"start":{"line":206,"column":51},"end":{"line":206,"column":53}}],"line":206},"11":{"loc":{"start":{"line":224,"column":6},"end":{"line":226,"column":7}},"type":"if","locations":[{"start":{"line":224,"column":6},"end":{"line":226,"column":7}},{"start":{},"end":{}}],"line":224},"12":{"loc":{"start":{"line":229,"column":18},"end":{"line":229,"column":69}},"type":"cond-expr","locations":[{"start":{"line":229,"column":50},"end":{"line":229,"column":64}},{"start":{"line":229,"column":67},"end":{"line":229,"column":69}}],"line":229},"13":{"loc":{"start":{"line":247,"column":6},"end":{"line":249,"column":7}},"type":"if","locations":[{"start":{"line":247,"column":6},"end":{"line":249,"column":7}},{"start":{},"end":{}}],"line":247},"14":{"loc":{"start":{"line":252,"column":16},"end":{"line":252,"column":59}},"type":"cond-expr","locations":[{"start":{"line":252,"column":44},"end":{"line":252,"column":54}},{"start":{"line":252,"column":57},"end":{"line":252,"column":59}}],"line":252},"15":{"loc":{"start":{"line":271,"column":6},"end":{"line":273,"column":7}},"type":"if","locations":[{"start":{"line":271,"column":6},"end":{"line":273,"column":7}},{"start":{},"end":{}}],"line":271},"16":{"loc":{"start":{"line":288,"column":4},"end":{"line":290,"column":5}},"type":"if","locations":[{"start":{"line":288,"column":4},"end":{"line":290,"column":5}},{"start":{},"end":{}}],"line":288},"17":{"loc":{"start":{"line":309,"column":6},"end":{"line":315,"column":7}},"type":"if","locations":[{"start":{"line":309,"column":6},"end":{"line":315,"column":7}},{"start":{"line":313,"column":13},"end":{"line":315,"column":7}}],"line":309},"18":{"loc":{"start":{"line":323,"column":4},"end":{"line":325,"column":5}},"type":"if","locations":[{"start":{"line":323,"column":4},"end":{"line":325,"column":5}},{"start":{},"end":{}}],"line":323},"19":{"loc":{"start":{"line":344,"column":6},"end":{"line":350,"column":7}},"type":"if","locations":[{"start":{"line":344,"column":6},"end":{"line":350,"column":7}},{"start":{"line":348,"column":13},"end":{"line":350,"column":7}}],"line":344},"20":{"loc":{"start":{"line":364,"column":2},"end":{"line":369,"column":4}},"type":"if","locations":[{"start":{"line":364,"column":2},"end":{"line":369,"column":4}},{"start":{},"end":{}}],"line":364},"21":{"loc":{"start":{"line":371,"column":2},"end":{"line":375,"column":4}},"type":"if","locations":[{"start":{"line":371,"column":2},"end":{"line":375,"column":4}},{"start":{},"end":{}}],"line":371},"22":{"loc":{"start":{"line":383,"column":17},"end":{"line":383,"column":47}},"type":"binary-expr","locations":[{"start":{"line":383,"column":17},"end":{"line":383,"column":31}},{"start":{"line":383,"column":35},"end":{"line":383,"column":47}}],"line":383},"23":{"loc":{"start":{"line":383,"column":50},"end":{"line":383,"column":78}},"type":"binary-expr","locations":[{"start":{"line":383,"column":50},"end":{"line":383,"column":63}},{"start":{"line":383,"column":67},"end":{"line":383,"column":78}}],"line":383},"24":{"loc":{"start":{"line":384,"column":45},"end":{"line":384,"column":64}},"type":"binary-expr","locations":[{"start":{"line":384,"column":45},"end":{"line":384,"column":55}},{"start":{"line":384,"column":59},"end":{"line":384,"column":64}}],"line":384},"25":{"loc":{"start":{"line":398,"column":19},"end":{"line":398,"column":109}},"type":"cond-expr","locations":[{"start":{"line":398,"column":44},"end":{"line":398,"column":97}},{"start":{"line":398,"column":100},"end":{"line":398,"column":109}}],"line":398},"26":{"loc":{"start":{"line":404,"column":19},"end":{"line":404,"column":105}},"type":"cond-expr","locations":[{"start":{"line":404,"column":42},"end":{"line":404,"column":93}},{"start":{"line":404,"column":96},"end":{"line":404,"column":105}}],"line":404},"27":{"loc":{"start":{"line":418,"column":15},"end":{"line":432,"column":15}},"type":"cond-expr","locations":[{"start":{"line":419,"column":16},"end":{"line":427,"column":18}},{"start":{"line":429,"column":16},"end":{"line":431,"column":22}}],"line":418},"28":{"loc":{"start":{"line":444,"column":15},"end":{"line":458,"column":15}},"type":"cond-expr","locations":[{"start":{"line":445,"column":16},"end":{"line":453,"column":18}},{"start":{"line":455,"column":16},"end":{"line":457,"column":22}}],"line":444},"29":{"loc":{"start":{"line":464,"column":9},"end":{"line":472,"column":9}},"type":"binary-expr","locations":[{"start":{"line":464,"column":9},"end":{"line":464,"column":16}},{"start":{"line":465,"column":10},"end":{"line":471,"column":16}}],"line":464},"30":{"loc":{"start":{"line":466,"column":12},"end":{"line":468,"column":24}},"type":"cond-expr","locations":[{"start":{"line":466,"column":36},"end":{"line":466,"column":50}},{"start":{"line":467,"column":12},"end":{"line":468,"column":24}}],"line":466},"31":{"loc":{"start":{"line":467,"column":12},"end":{"line":468,"column":24}},"type":"cond-expr","locations":[{"start":{"line":467,"column":36},"end":{"line":467,"column":47}},{"start":{"line":468,"column":12},"end":{"line":468,"column":24}}],"line":467},"32":{"loc":{"start":{"line":498,"column":28},"end":{"line":498,"column":54}},"type":"binary-expr","locations":[{"start":{"line":498,"column":28},"end":{"line":498,"column":39}},{"start":{"line":498,"column":43},"end":{"line":498,"column":54}}],"line":498},"33":{"loc":{"start":{"line":500,"column":19},"end":{"line":507,"column":19}},"type":"cond-expr","locations":[{"start":{"line":501,"column":20},"end":{"line":504,"column":23}},{"start":{"line":506,"column":20},"end":{"line":506,"column":33}}],"line":500},"34":{"loc":{"start":{"line":542,"column":17},"end":{"line":549,"column":17}},"type":"cond-expr","locations":[{"start":{"line":543,"column":18},"end":{"line":546,"column":21}},{"start":{"line":548,"column":18},"end":{"line":548,"column":39}}],"line":542},"35":{"loc":{"start":{"line":576,"column":28},"end":{"line":576,"column":58}},"type":"binary-expr","locations":[{"start":{"line":576,"column":28},"end":{"line":576,"column":41}},{"start":{"line":576,"column":45},"end":{"line":576,"column":58}}],"line":576},"36":{"loc":{"start":{"line":578,"column":19},"end":{"line":585,"column":19}},"type":"cond-expr","locations":[{"start":{"line":579,"column":20},"end":{"line":582,"column":23}},{"start":{"line":584,"column":20},"end":{"line":584,"column":34}}],"line":578},"37":{"loc":{"start":{"line":593,"column":9},"end":{"line":621,"column":9}},"type":"binary-expr","locations":[{"start":{"line":593,"column":9},"end":{"line":593,"column":20}},{"start":{"line":593,"column":24},"end":{"line":593,"column":39}},{"start":{"line":594,"column":10},"end":{"line":620,"column":16}}],"line":593},"38":{"loc":{"start":{"line":601,"column":22},"end":{"line":601,"column":68}},"type":"binary-expr","locations":[{"start":{"line":601,"column":22},"end":{"line":601,"column":49}},{"start":{"line":601,"column":53},"end":{"line":601,"column":68}}],"line":601},"39":{"loc":{"start":{"line":605,"column":22},"end":{"line":605,"column":71}},"type":"binary-expr","locations":[{"start":{"line":605,"column":22},"end":{"line":605,"column":52}},{"start":{"line":605,"column":56},"end":{"line":605,"column":71}}],"line":605},"40":{"loc":{"start":{"line":609,"column":27},"end":{"line":609,"column":119}},"type":"cond-expr","locations":[{"start":{"line":609,"column":55},"end":{"line":609,"column":111}},{"start":{"line":609,"column":114},"end":{"line":609,"column":119}}],"line":609},"41":{"loc":{"start":{"line":609,"column":125},"end":{"line":609,"column":213}},"type":"cond-expr","locations":[{"start":{"line":609,"column":151},"end":{"line":609,"column":205}},{"start":{"line":609,"column":208},"end":{"line":609,"column":213}}],"line":609},"42":{"loc":{"start":{"line":624,"column":9},"end":{"line":652,"column":9}},"type":"binary-expr","locations":[{"start":{"line":624,"column":9},"end":{"line":624,"column":20}},{"start":{"line":624,"column":24},"end":{"line":624,"column":37}},{"start":{"line":625,"column":10},"end":{"line":651,"column":16}}],"line":624},"43":{"loc":{"start":{"line":632,"column":22},"end":{"line":632,"column":66}},"type":"binary-expr","locations":[{"start":{"line":632,"column":22},"end":{"line":632,"column":47}},{"start":{"line":632,"column":51},"end":{"line":632,"column":66}}],"line":632},"44":{"loc":{"start":{"line":636,"column":22},"end":{"line":636,"column":70}},"type":"binary-expr","locations":[{"start":{"line":636,"column":22},"end":{"line":636,"column":51}},{"start":{"line":636,"column":55},"end":{"line":636,"column":70}}],"line":636},"45":{"loc":{"start":{"line":640,"column":22},"end":{"line":640,"column":60}},"type":"binary-expr","locations":[{"start":{"line":640,"column":22},"end":{"line":640,"column":41}},{"start":{"line":640,"column":45},"end":{"line":640,"column":60}}],"line":640}},"s":{"0":2,"1":2,"2":62,"3":60,"4":60,"5":60,"6":60,"7":60,"8":60,"9":60,"10":60,"11":60,"12":60,"13":60,"14":60,"15":60,"16":60,"17":60,"18":60,"19":60,"20":60,"21":2,"22":2,"23":60,"24":1,"25":1,"26":60,"27":1,"28":1,"29":1,"30":60,"31":2,"32":1,"33":1,"34":1,"35":0,"36":0,"37":1,"38":1,"39":1,"40":1,"41":1,"42":1,"43":1,"44":1,"45":1,"46":1,"47":1,"48":0,"49":0,"50":0,"51":1,"52":60,"53":1,"54":0,"55":0,"56":1,"57":1,"58":1,"59":1,"60":1,"61":1,"62":1,"63":1,"64":1,"65":0,"66":0,"67":0,"68":1,"69":60,"70":1,"71":0,"72":0,"73":1,"74":1,"75":1,"76":1,"77":1,"78":1,"79":1,"80":1,"81":1,"82":1,"83":0,"84":0,"85":0,"86":1,"87":60,"88":23,"89":23,"90":23,"91":23,"92":0,"93":23,"94":23,"95":0,"96":60,"97":24,"98":24,"99":24,"100":24,"101":0,"102":24,"103":24,"104":0,"105":60,"106":23,"107":23,"108":23,"109":23,"110":0,"111":23,"112":23,"113":0,"114":60,"115":24,"116":24,"117":24,"118":24,"119":0,"120":24,"121":24,"122":0,"123":60,"124":24,"125":24,"126":24,"127":24,"128":24,"129":1,"130":23,"131":23,"132":23,"133":1,"134":1,"135":24,"136":60,"137":0,"138":0,"139":0,"140":0,"141":0,"142":0,"143":0,"144":0,"145":0,"146":0,"147":0,"148":0,"149":0,"150":0,"151":60,"152":0,"153":0,"154":0,"155":0,"156":0,"157":0,"158":0,"159":0,"160":0,"161":0,"162":0,"163":0,"164":0,"165":0,"166":60,"167":23,"168":23,"169":23,"170":23,"171":60,"172":23,"173":37,"174":1,"175":36,"176":84,"177":2,"178":36,"179":1,"180":1,"181":87,"182":1,"183":2,"184":1,"185":63,"186":0,"187":0},"f":{"0":62,"1":2,"2":1,"3":1,"4":2,"5":1,"6":1,"7":23,"8":24,"9":23,"10":24,"11":24,"12":0,"13":0,"14":23,"15":84,"16":2,"17":36,"18":1,"19":1,"20":87,"21":1,"22":2,"23":1,"24":63,"25":0,"26":0},"b":{"0":[1,1],"1":[0,1],"2":[1,0],"3":[0,1],"4":[1,0],"5":[0,1],"6":[1,0],"7":[0,23],"8":[22,1],"9":[0,24],"10":[23,1],"11":[0,23],"12":[22,1],"13":[0,24],"14":[23,1],"15":[1,23],"16":[0,0],"17":[0,0],"18":[0,0],"19":[0,0],"20":[23,37],"21":[1,36],"22":[36,0],"23":[36,0],"24":[36,0],"25":[35,1],"26":[35,1],"27":[28,8],"28":[28,8],"29":[36,6],"30":[3,3],"31":[2,1],"32":[36,35],"33":[1,35],"34":[1,35],"35":[36,35],"36":[1,35],"37":[36,3,1],"38":[1,0],"39":[1,0],"40":[1,0],"41":[1,0],"42":[36,3,2],"43":[2,0],"44":[2,0],"45":[2,0]},"_coverageSchema":"1a1c01bbd47fc00a2c39e90264f33305004495a9","hash":"c471ee24fa4d7ceed5aa36f7b66f74c566f38a29"}
,"C:\\Users\\halat\\OneDrive\\Desktop\\OpenHub\\frontend\\src\\pages\\Login.jsx": {"path":"C:\\Users\\halat\\OneDrive\\Desktop\\OpenHub\\frontend\\src\\pages\\Login.jsx","statementMap":{"0":{"start":{"line":6,"column":16},"end":{"line":6,"column":44}},"1":{"start":{"line":7,"column":14},"end":{"line":177,"column":1}},"2":{"start":{"line":8,"column":28},"end":{"line":8,"column":40}},"3":{"start":{"line":9,"column":34},"end":{"line":9,"column":46}},"4":{"start":{"line":10,"column":28},"end":{"line":10,"column":40}},"5":{"start":{"line":11,"column":36},"end":{"line":11,"column":51}},"6":{"start":{"line":12,"column":19},"end":{"line":12,"column":32}},"7":{"start":{"line":14,"column":23},"end":{"line":61,"column":3}},"8":{"start":{"line":15,"column":4},"end":{"line":15,"column":23}},"9":{"start":{"line":16,"column":4},"end":{"line":16,"column":17}},"10":{"start":{"line":17,"column":4},"end":{"line":17,"column":23}},"11":{"start":{"line":20,"column":2},"end":{"line":25,"column":3}},"12":{"start":{"line":21,"column":4},"end":{"line":21,"column":32}},"13":{"start":{"line":22,"column":4},"end":{"line":22,"column":49}},"14":{"start":{"line":23,"column":4},"end":{"line":23,"column":24}},"15":{"start":{"line":24,"column":4},"end":{"line":24,"column":11}},"16":{"start":{"line":27,"column":2},"end":{"line":31,"column":3}},"17":{"start":{"line":28,"column":4},"end":{"line":28,"column":37}},"18":{"start":{"line":29,"column":4},"end":{"line":29,"column":24}},"19":{"start":{"line":30,"column":4},"end":{"line":30,"column":11}},"20":{"start":{"line":32,"column":4},"end":{"line":60,"column":5}},"21":{"start":{"line":33,"column":23},"end":{"line":39,"column":8}},"22":{"start":{"line":41,"column":19},"end":{"line":41,"column":40}},"23":{"start":{"line":43,"column":6},"end":{"line":45,"column":7}},"24":{"start":{"line":44,"column":8},"end":{"line":44,"column":67}},"25":{"start":{"line":47,"column":6},"end":{"line":55,"column":7}},"26":{"start":{"line":48,"column":8},"end":{"line":48,"column":50}},"27":{"start":{"line":49,"column":8},"end":{"line":49,"column":50}},"28":{"start":{"line":50,"column":8},"end":{"line":52,"column":11}},"29":{"start":{"line":54,"column":8},"end":{"line":54,"column":58}},"30":{"start":{"line":57,"column":6},"end":{"line":57,"column":64}},"31":{"start":{"line":59,"column":6},"end":{"line":59,"column":26}},"32":{"start":{"line":63,"column":2},"end":{"line":176,"column":4}},"33":{"start":{"line":105,"column":33},"end":{"line":105,"column":57}},"34":{"start":{"line":120,"column":33},"end":{"line":120,"column":60}},"35":{"start":{"line":157,"column":29},"end":{"line":157,"column":50}},"36":{"start":{"line":168,"column":29},"end":{"line":168,"column":56}}},"fnMap":{"0":{"name":"(anonymous_0)","decl":{"start":{"line":7,"column":14},"end":{"line":7,"column":15}},"loc":{"start":{"line":7,"column":20},"end":{"line":177,"column":1}},"line":7},"1":{"name":"(anonymous_1)","decl":{"start":{"line":14,"column":23},"end":{"line":14,"column":24}},"loc":{"start":{"line":14,"column":36},"end":{"line":61,"column":3}},"line":14},"2":{"name":"(anonymous_2)","decl":{"start":{"line":105,"column":26},"end":{"line":105,"column":27}},"loc":{"start":{"line":105,"column":33},"end":{"line":105,"column":57}},"line":105},"3":{"name":"(anonymous_3)","decl":{"start":{"line":120,"column":26},"end":{"line":120,"column":27}},"loc":{"start":{"line":120,"column":33},"end":{"line":120,"column":60}},"line":120},"4":{"name":"(anonymous_4)","decl":{"start":{"line":157,"column":23},"end":{"line":157,"column":24}},"loc":{"start":{"line":157,"column":29},"end":{"line":157,"column":50}},"line":157},"5":{"name":"(anonymous_5)","decl":{"start":{"line":168,"column":23},"end":{"line":168,"column":24}},"loc":{"start":{"line":168,"column":29},"end":{"line":168,"column":56}},"line":168}},"branchMap":{"0":{"loc":{"start":{"line":20,"column":2},"end":{"line":25,"column":3}},"type":"if","locations":[{"start":{"line":20,"column":2},"end":{"line":25,"column":3}},{"start":{},"end":{}}],"line":20},"1":{"loc":{"start":{"line":20,"column":6},"end":{"line":20,"column":25}},"type":"binary-expr","locations":[{"start":{"line":20,"column":6},"end":{"line":20,"column":12}},{"start":{"line":20,"column":16},"end":{"line":20,"column":25}}],"line":20},"2":{"loc":{"start":{"line":27,"column":2},"end":{"line":31,"column":3}},"type":"if","locations":[{"start":{"line":27,"column":2},"end":{"line":31,"column":3}},{"start":{},"end":{}}],"line":27},"3":{"loc":{"start":{"line":43,"column":6},"end":{"line":45,"column":7}},"type":"if","locations":[{"start":{"line":43,"column":6},"end":{"line":45,"column":7}},{"start":{},"end":{}}],"line":43},"4":{"loc":{"start":{"line":44,"column":24},"end":{"line":44,"column":65}},"type":"binary-expr","locations":[{"start":{"line":44,"column":24},"end":{"line":44,"column":36}},{"start":{"line":44,"column":40},"end":{"line":44,"column":65}}],"line":44},"5":{"loc":{"start":{"line":47,"column":6},"end":{"line":55,"column":7}},"type":"if","locations":[{"start":{"line":47,"column":6},"end":{"line":55,"column":7}},{"start":{"line":53,"column":13},"end":{"line":55,"column":7}}],"line":47},"6":{"loc":{"start":{"line":57,"column":15},"end":{"line":57,"column":62}},"type":"binary-expr","locations":[{"start":{"line":57,"column":15},"end":{"line":57,"column":26}},{"start":{"line":57,"column":30},"end":{"line":57,"column":62}}],"line":57},"7":{"loc":{"start":{"line":128,"column":51},"end":{"line":128,"column":82}},"type":"cond-expr","locations":[{"start":{"line":128,"column":63},"end":{"line":128,"column":77}},{"start":{"line":128,"column":80},"end":{"line":128,"column":82}}],"line":128},"8":{"loc":{"start":{"line":131,"column":15},"end":{"line":138,"column":15}},"type":"cond-expr","locations":[{"start":{"line":132,"column":16},"end":{"line":135,"column":19}},{"start":{"line":137,"column":16},"end":{"line":137,"column":30}}],"line":131},"9":{"loc":{"start":{"line":143,"column":11},"end":{"line":148,"column":11}},"type":"binary-expr","locations":[{"start":{"line":143,"column":11},"end":{"line":143,"column":16}},{"start":{"line":144,"column":12},"end":{"line":147,"column":18}}],"line":143}},"s":{"0":2,"1":2,"2":62,"3":62,"4":62,"5":62,"6":62,"7":62,"8":14,"9":14,"10":14,"11":14,"12":6,"13":6,"14":6,"15":6,"16":8,"17":2,"18":2,"19":2,"20":6,"21":6,"22":4,"23":4,"24":1,"25":3,"26":2,"27":2,"28":2,"29":1,"30":4,"31":6,"32":62,"33":10,"34":10,"35":1,"36":1},"f":{"0":62,"1":14,"2":10,"3":10,"4":1,"5":1},"b":{"0":[6,8],"1":[14,9],"2":[2,6],"3":[1,3],"4":[1,0],"5":[2,1],"6":[4,1],"7":[6,56],"8":[6,56],"9":[62,14]},"_coverageSchema":"1a1c01bbd47fc00a2c39e90264f33305004495a9","hash":"c36b88f00a54557e6347911aaabbef9674a591cb"}
,"C:\\Users\\halat\\OneDrive\\Desktop\\OpenHub\\frontend\\src\\pages\\Logout.jsx": {"path":"C:\\Users\\halat\\OneDrive\\Desktop\\OpenHub\\frontend\\src\\pages\\Logout.jsx","statementMap":{"0":{"start":{"line":4,"column":21},"end":{"line":43,"column":1}},"1":{"start":{"line":5,"column":23},"end":{"line":13,"column":3}},"2":{"start":{"line":7,"column":4},"end":{"line":7,"column":37}},"3":{"start":{"line":10,"column":4},"end":{"line":12,"column":13}},"4":{"start":{"line":11,"column":6},"end":{"line":11,"column":38}},"5":{"start":{"line":15,"column":27},"end":{"line":18,"column":3}},"6":{"start":{"line":17,"column":4},"end":{"line":17,"column":35}},"7":{"start":{"line":20,"column":2},"end":{"line":42,"column":4}}},"fnMap":{"0":{"name":"(anonymous_0)","decl":{"start":{"line":4,"column":21},"end":{"line":4,"column":22}},"loc":{"start":{"line":4,"column":27},"end":{"line":43,"column":1}},"line":4},"1":{"name":"(anonymous_1)","decl":{"start":{"line":5,"column":23},"end":{"line":5,"column":24}},"loc":{"start":{"line":5,"column":29},"end":{"line":13,"column":3}},"line":5},"2":{"name":"(anonymous_2)","decl":{"start":{"line":10,"column":15},"end":{"line":10,"column":16}},"loc":{"start":{"line":10,"column":21},"end":{"line":12,"column":5}},"line":10},"3":{"name":"(anonymous_3)","decl":{"start":{"line":15,"column":27},"end":{"line":15,"column":28}},"loc":{"start":{"line":15,"column":33},"end":{"line":18,"column":3}},"line":15}},"branchMap":{},"s":{"0":2,"1":25,"2":11,"3":11,"4":11,"5":25,"6":3,"7":25},"f":{"0":25,"1":11,"2":11,"3":3},"b":{},"_coverageSchema":"1a1c01bbd47fc00a2c39e90264f33305004495a9","hash":"ebf2bc6a42704266923acc417371eab8651e85d2"}
,"C:\\Users\\halat\\OneDrive\\Desktop\\OpenHub\\frontend\\src\\pages\\Messages.jsx": {"path":"C:\\Users\\halat\\OneDrive\\Desktop\\OpenHub\\frontend\\src\\pages\\Messages.jsx","statementMap":{"0":{"start":{"line":4,"column":16},"end":{"line":4,"column":44}},"1":{"start":{"line":6,"column":17},"end":{"line":419,"column":1}},"2":{"start":{"line":8,"column":26},"end":{"line":8,"column":40}},"3":{"start":{"line":9,"column":32},"end":{"line":9,"column":44}},"4":{"start":{"line":10,"column":44},"end":{"line":10,"column":56}},"5":{"start":{"line":11,"column":34},"end":{"line":11,"column":46}},"6":{"start":{"line":12,"column":42},"end":{"line":12,"column":56}},"7":{"start":{"line":13,"column":36},"end":{"line":13,"column":48}},"8":{"start":{"line":14,"column":32},"end":{"line":14,"column":72}},"9":{"start":{"line":15,"column":30},"end":{"line":15,"column":42}},"10":{"start":{"line":16,"column":32},"end":{"line":16,"column":46}},"11":{"start":{"line":17,"column":28},"end":{"line":17,"column":60}},"12":{"start":{"line":20,"column":16},"end":{"line":20,"column":45}},"13":{"start":{"line":21,"column":18},"end":{"line":24,"column":3}},"14":{"start":{"line":26,"column":20},"end":{"line":71,"column":3}},"15":{"start":{"line":27,"column":4},"end":{"line":70,"column":5}},"16":{"start":{"line":29,"column":6},"end":{"line":33,"column":7}},"17":{"start":{"line":30,"column":8},"end":{"line":30,"column":79}},"18":{"start":{"line":31,"column":8},"end":{"line":31,"column":26}},"19":{"start":{"line":32,"column":8},"end":{"line":32,"column":15}},"20":{"start":{"line":35,"column":53},"end":{"line":40,"column":8}},"21":{"start":{"line":43,"column":6},"end":{"line":49,"column":7}},"22":{"start":{"line":45,"column":8},"end":{"line":45,"column":83}},"23":{"start":{"line":46,"column":8},"end":{"line":46,"column":41}},"24":{"start":{"line":47,"column":8},"end":{"line":47,"column":26}},"25":{"start":{"line":48,"column":8},"end":{"line":48,"column":15}},"26":{"start":{"line":51,"column":33},"end":{"line":56,"column":8}},"27":{"start":{"line":58,"column":6},"end":{"line":58,"column":17}},"28":{"start":{"line":59,"column":6},"end":{"line":59,"column":20}},"29":{"start":{"line":60,"column":6},"end":{"line":60,"column":26}},"30":{"start":{"line":63,"column":6},"end":{"line":63,"column":38}},"31":{"start":{"line":66,"column":6},"end":{"line":66,"column":41}},"32":{"start":{"line":67,"column":6},"end":{"line":67,"column":78}},"33":{"start":{"line":69,"column":6},"end":{"line":69,"column":24}},"34":{"start":{"line":74,"column":29},"end":{"line":115,"column":3}},"35":{"start":{"line":75,"column":4},"end":{"line":75,"column":23}},"36":{"start":{"line":78,"column":4},"end":{"line":81,"column":5}},"37":{"start":{"line":79,"column":6},"end":{"line":79,"column":78}},"38":{"start":{"line":80,"column":6},"end":{"line":80,"column":13}},"39":{"start":{"line":84,"column":4},"end":{"line":87,"column":5}},"40":{"start":{"line":85,"column":6},"end":{"line":85,"column":87}},"41":{"start":{"line":86,"column":6},"end":{"line":86,"column":13}},"42":{"start":{"line":89,"column":4},"end":{"line":114,"column":5}},"43":{"start":{"line":90,"column":18},"end":{"line":98,"column":8}},"44":{"start":{"line":100,"column":19},"end":{"line":100,"column":35}},"45":{"start":{"line":102,"column":6},"end":{"line":104,"column":7}},"46":{"start":{"line":103,"column":8},"end":{"line":103,"column":87}},"47":{"start":{"line":106,"column":6},"end":{"line":106,"column":80}},"48":{"start":{"line":107,"column":6},"end":{"line":107,"column":49}},"49":{"start":{"line":108,"column":6},"end":{"line":108,"column":23}},"50":{"start":{"line":109,"column":6},"end":{"line":109,"column":24}},"51":{"start":{"line":112,"column":6},"end":{"line":112,"column":55}},"52":{"start":{"line":113,"column":6},"end":{"line":113,"column":53}},"53":{"start":{"line":117,"column":22},"end":{"line":158,"column":3}},"54":{"start":{"line":118,"column":4},"end":{"line":118,"column":23}},"55":{"start":{"line":120,"column":20},"end":{"line":120,"column":42}},"56":{"start":{"line":123,"column":4},"end":{"line":126,"column":5}},"57":{"start":{"line":124,"column":6},"end":{"line":124,"column":68}},"58":{"start":{"line":125,"column":6},"end":{"line":125,"column":13}},"59":{"start":{"line":129,"column":4},"end":{"line":132,"column":5}},"60":{"start":{"line":130,"column":6},"end":{"line":130,"column":81}},"61":{"start":{"line":131,"column":6},"end":{"line":131,"column":13}},"62":{"start":{"line":134,"column":4},"end":{"line":157,"column":5}},"63":{"start":{"line":135,"column":18},"end":{"line":142,"column":8}},"64":{"start":{"line":144,"column":19},"end":{"line":144,"column":35}},"65":{"start":{"line":146,"column":6},"end":{"line":148,"column":7}},"66":{"start":{"line":147,"column":8},"end":{"line":147,"column":80}},"67":{"start":{"line":150,"column":6},"end":{"line":150,"column":59}},"68":{"start":{"line":151,"column":6},"end":{"line":151,"column":45}},"69":{"start":{"line":152,"column":6},"end":{"line":152,"column":24}},"70":{"start":{"line":155,"column":6},"end":{"line":155,"column":48}},"71":{"start":{"line":156,"column":6},"end":{"line":156,"column":53}},"72":{"start":{"line":160,"column":29},"end":{"line":182,"column":3}},"73":{"start":{"line":161,"column":4},"end":{"line":161,"column":61}},"74":{"start":{"line":161,"column":54},"end":{"line":161,"column":61}},"75":{"start":{"line":163,"column":4},"end":{"line":181,"column":5}},"76":{"start":{"line":164,"column":18},"end":{"line":167,"column":8}},"77":{"start":{"line":169,"column":19},"end":{"line":169,"column":35}},"78":{"start":{"line":171,"column":6},"end":{"line":173,"column":7}},"79":{"start":{"line":172,"column":8},"end":{"line":172,"column":73}},"80":{"start":{"line":175,"column":6},"end":{"line":175,"column":67}},"81":{"start":{"line":176,"column":6},"end":{"line":176,"column":24}},"82":{"start":{"line":179,"column":6},"end":{"line":179,"column":55}},"83":{"start":{"line":180,"column":6},"end":{"line":180,"column":53}},"84":{"start":{"line":184,"column":24},"end":{"line":206,"column":3}},"85":{"start":{"line":185,"column":4},"end":{"line":185,"column":56}},"86":{"start":{"line":185,"column":49},"end":{"line":185,"column":56}},"87":{"start":{"line":187,"column":4},"end":{"line":205,"column":5}},"88":{"start":{"line":188,"column":18},"end":{"line":191,"column":8}},"89":{"start":{"line":193,"column":19},"end":{"line":193,"column":35}},"90":{"start":{"line":195,"column":6},"end":{"line":197,"column":7}},"91":{"start":{"line":196,"column":8},"end":{"line":196,"column":68}},"92":{"start":{"line":199,"column":6},"end":{"line":199,"column":62}},"93":{"start":{"line":200,"column":6},"end":{"line":200,"column":24}},"94":{"start":{"line":203,"column":6},"end":{"line":203,"column":50}},"95":{"start":{"line":204,"column":6},"end":{"line":204,"column":53}},"96":{"start":{"line":208,"column":2},"end":{"line":210,"column":9}},"97":{"start":{"line":209,"column":4},"end":{"line":209,"column":16}},"98":{"start":{"line":213,"column":2},"end":{"line":220,"column":14}},"99":{"start":{"line":214,"column":4},"end":{"line":219,"column":5}},"100":{"start":{"line":215,"column":20},"end":{"line":217,"column":14}},"101":{"start":{"line":216,"column":8},"end":{"line":216,"column":41}},"102":{"start":{"line":218,"column":6},"end":{"line":218,"column":39}},"103":{"start":{"line":218,"column":19},"end":{"line":218,"column":38}},"104":{"start":{"line":222,"column":2},"end":{"line":222,"column":67}},"105":{"start":{"line":222,"column":15},"end":{"line":222,"column":67}},"106":{"start":{"line":225,"column":2},"end":{"line":233,"column":3}},"107":{"start":{"line":226,"column":4},"end":{"line":232,"column":6}},"108":{"start":{"line":236,"column":2},"end":{"line":418,"column":4}},"109":{"start":{"line":256,"column":14},"end":{"line":265,"column":19}},"110":{"start":{"line":275,"column":29},"end":{"line":275,"column":81}},"111":{"start":{"line":275,"column":52},"end":{"line":275,"column":80}},"112":{"start":{"line":276,"column":27},"end":{"line":276,"column":51}},"113":{"start":{"line":278,"column":12},"end":{"line":356,"column":14}},"114":{"start":{"line":282,"column":33},"end":{"line":282,"column":73}},"115":{"start":{"line":293,"column":26},"end":{"line":293,"column":46}},"116":{"start":{"line":294,"column":26},"end":{"line":294,"column":54}},"117":{"start":{"line":310,"column":24},"end":{"line":331,"column":30}},"118":{"start":{"line":324,"column":47},"end":{"line":324,"column":68}},"119":{"start":{"line":338,"column":39},"end":{"line":338,"column":62}},"120":{"start":{"line":346,"column":26},"end":{"line":346,"column":77}},"121":{"start":{"line":369,"column":16},"end":{"line":369,"column":65}},"122":{"start":{"line":380,"column":16},"end":{"line":380,"column":71}},"123":{"start":{"line":391,"column":18},"end":{"line":404,"column":26}},"124":{"start":{"line":396,"column":24},"end":{"line":400,"column":25}},"125":{"start":{"line":399,"column":55},"end":{"line":399,"column":66}}},"fnMap":{"0":{"name":"(anonymous_0)","decl":{"start":{"line":6,"column":17},"end":{"line":6,"column":18}},"loc":{"start":{"line":6,"column":23},"end":{"line":419,"column":1}},"line":6},"1":{"name":"(anonymous_1)","decl":{"start":{"line":26,"column":20},"end":{"line":26,"column":21}},"loc":{"start":{"line":26,"column":32},"end":{"line":71,"column":3}},"line":26},"2":{"name":"(anonymous_2)","decl":{"start":{"line":74,"column":29},"end":{"line":74,"column":30}},"loc":{"start":{"line":74,"column":42},"end":{"line":115,"column":3}},"line":74},"3":{"name":"(anonymous_3)","decl":{"start":{"line":117,"column":22},"end":{"line":117,"column":23}},"loc":{"start":{"line":117,"column":43},"end":{"line":158,"column":3}},"line":117},"4":{"name":"(anonymous_4)","decl":{"start":{"line":160,"column":29},"end":{"line":160,"column":30}},"loc":{"start":{"line":160,"column":43},"end":{"line":182,"column":3}},"line":160},"5":{"name":"(anonymous_5)","decl":{"start":{"line":184,"column":24},"end":{"line":184,"column":25}},"loc":{"start":{"line":184,"column":38},"end":{"line":206,"column":3}},"line":184},"6":{"name":"(anonymous_6)","decl":{"start":{"line":208,"column":12},"end":{"line":208,"column":13}},"loc":{"start":{"line":208,"column":18},"end":{"line":210,"column":3}},"line":208},"7":{"name":"(anonymous_7)","decl":{"start":{"line":213,"column":12},"end":{"line":213,"column":13}},"loc":{"start":{"line":213,"column":18},"end":{"line":220,"column":3}},"line":213},"8":{"name":"(anonymous_8)","decl":{"start":{"line":215,"column":31},"end":{"line":215,"column":32}},"loc":{"start":{"line":215,"column":37},"end":{"line":217,"column":7}},"line":215},"9":{"name":"(anonymous_9)","decl":{"start":{"line":218,"column":13},"end":{"line":218,"column":14}},"loc":{"start":{"line":218,"column":19},"end":{"line":218,"column":38}},"line":218},"10":{"name":"(anonymous_10)","decl":{"start":{"line":255,"column":25},"end":{"line":255,"column":26}},"loc":{"start":{"line":256,"column":14},"end":{"line":265,"column":19}},"line":256},"11":{"name":"(anonymous_11)","decl":{"start":{"line":274,"column":29},"end":{"line":274,"column":30}},"loc":{"start":{"line":274,"column":39},"end":{"line":357,"column":11}},"line":274},"12":{"name":"(anonymous_12)","decl":{"start":{"line":275,"column":45},"end":{"line":275,"column":46}},"loc":{"start":{"line":275,"column":52},"end":{"line":275,"column":80}},"line":275},"13":{"name":"(anonymous_13)","decl":{"start":{"line":282,"column":27},"end":{"line":282,"column":28}},"loc":{"start":{"line":282,"column":33},"end":{"line":282,"column":73}},"line":282},"14":{"name":"(anonymous_14)","decl":{"start":{"line":292,"column":33},"end":{"line":292,"column":34}},"loc":{"start":{"line":292,"column":40},"end":{"line":295,"column":25}},"line":292},"15":{"name":"(anonymous_15)","decl":{"start":{"line":309,"column":35},"end":{"line":309,"column":36}},"loc":{"start":{"line":310,"column":24},"end":{"line":331,"column":30}},"line":310},"16":{"name":"(anonymous_16)","decl":{"start":{"line":324,"column":41},"end":{"line":324,"column":42}},"loc":{"start":{"line":324,"column":47},"end":{"line":324,"column":68}},"line":324},"17":{"name":"(anonymous_17)","decl":{"start":{"line":338,"column":32},"end":{"line":338,"column":33}},"loc":{"start":{"line":338,"column":39},"end":{"line":338,"column":62}},"line":338},"18":{"name":"(anonymous_18)","decl":{"start":{"line":345,"column":34},"end":{"line":345,"column":35}},"loc":{"start":{"line":346,"column":26},"end":{"line":346,"column":77}},"line":346},"19":{"name":"(anonymous_19)","decl":{"start":{"line":368,"column":24},"end":{"line":368,"column":25}},"loc":{"start":{"line":369,"column":16},"end":{"line":369,"column":65}},"line":369},"20":{"name":"(anonymous_20)","decl":{"start":{"line":379,"column":24},"end":{"line":379,"column":25}},"loc":{"start":{"line":380,"column":16},"end":{"line":380,"column":71}},"line":380},"21":{"name":"(anonymous_21)","decl":{"start":{"line":390,"column":28},"end":{"line":390,"column":29}},"loc":{"start":{"line":391,"column":18},"end":{"line":404,"column":26}},"line":391},"22":{"name":"(anonymous_22)","decl":{"start":{"line":395,"column":32},"end":{"line":395,"column":33}},"loc":{"start":{"line":396,"column":24},"end":{"line":400,"column":25}},"line":396},"23":{"name":"(anonymous_23)","decl":{"start":{"line":399,"column":47},"end":{"line":399,"column":48}},"loc":{"start":{"line":399,"column":55},"end":{"line":399,"column":66}},"line":399}},"branchMap":{"0":{"loc":{"start":{"line":29,"column":6},"end":{"line":33,"column":7}},"type":"if","locations":[{"start":{"line":29,"column":6},"end":{"line":33,"column":7}},{"start":{},"end":{}}],"line":29},"1":{"loc":{"start":{"line":43,"column":6},"end":{"line":49,"column":7}},"type":"if","locations":[{"start":{"line":43,"column":6},"end":{"line":49,"column":7}},{"start":{},"end":{}}],"line":43},"2":{"loc":{"start":{"line":43,"column":10},"end":{"line":44,"column":57}},"type":"binary-expr","locations":[{"start":{"line":43,"column":10},"end":{"line":43,"column":32}},{"start":{"line":43,"column":36},"end":{"line":43,"column":61}},{"start":{"line":44,"column":10},"end":{"line":44,"column":32}},{"start":{"line":44,"column":36},"end":{"line":44,"column":57}}],"line":43},"3":{"loc":{"start":{"line":63,"column":18},"end":{"line":63,"column":36}},"type":"binary-expr","locations":[{"start":{"line":63,"column":18},"end":{"line":63,"column":30}},{"start":{"line":63,"column":34},"end":{"line":63,"column":36}}],"line":63},"4":{"loc":{"start":{"line":78,"column":4},"end":{"line":81,"column":5}},"type":"if","locations":[{"start":{"line":78,"column":4},"end":{"line":81,"column":5}},{"start":{},"end":{}}],"line":78},"5":{"loc":{"start":{"line":84,"column":4},"end":{"line":87,"column":5}},"type":"if","locations":[{"start":{"line":84,"column":4},"end":{"line":87,"column":5}},{"start":{},"end":{}}],"line":84},"6":{"loc":{"start":{"line":84,"column":8},"end":{"line":84,"column":62}},"type":"binary-expr","locations":[{"start":{"line":84,"column":8},"end":{"line":84,"column":32}},{"start":{"line":84,"column":36},"end":{"line":84,"column":62}}],"line":84},"7":{"loc":{"start":{"line":102,"column":6},"end":{"line":104,"column":7}},"type":"if","locations":[{"start":{"line":102,"column":6},"end":{"line":104,"column":7}},{"start":{},"end":{}}],"line":102},"8":{"loc":{"start":{"line":103,"column":24},"end":{"line":103,"column":85}},"type":"binary-expr","locations":[{"start":{"line":103,"column":24},"end":{"line":103,"column":36}},{"start":{"line":103,"column":40},"end":{"line":103,"column":50}},{"start":{"line":103,"column":54},"end":{"line":103,"column":85}}],"line":103},"9":{"loc":{"start":{"line":123,"column":4},"end":{"line":126,"column":5}},"type":"if","locations":[{"start":{"line":123,"column":4},"end":{"line":126,"column":5}},{"start":{},"end":{}}],"line":123},"10":{"loc":{"start":{"line":129,"column":4},"end":{"line":132,"column":5}},"type":"if","locations":[{"start":{"line":129,"column":4},"end":{"line":132,"column":5}},{"start":{},"end":{}}],"line":129},"11":{"loc":{"start":{"line":146,"column":6},"end":{"line":148,"column":7}},"type":"if","locations":[{"start":{"line":146,"column":6},"end":{"line":148,"column":7}},{"start":{},"end":{}}],"line":146},"12":{"loc":{"start":{"line":147,"column":24},"end":{"line":147,"column":78}},"type":"binary-expr","locations":[{"start":{"line":147,"column":24},"end":{"line":147,"column":36}},{"start":{"line":147,"column":40},"end":{"line":147,"column":50}},{"start":{"line":147,"column":54},"end":{"line":147,"column":78}}],"line":147},"13":{"loc":{"start":{"line":161,"column":4},"end":{"line":161,"column":61}},"type":"if","locations":[{"start":{"line":161,"column":4},"end":{"line":161,"column":61}},{"start":{},"end":{}}],"line":161},"14":{"loc":{"start":{"line":171,"column":6},"end":{"line":173,"column":7}},"type":"if","locations":[{"start":{"line":171,"column":6},"end":{"line":173,"column":7}},{"start":{},"end":{}}],"line":171},"15":{"loc":{"start":{"line":172,"column":24},"end":{"line":172,"column":71}},"type":"binary-expr","locations":[{"start":{"line":172,"column":24},"end":{"line":172,"column":36}},{"start":{"line":172,"column":40},"end":{"line":172,"column":71}}],"line":172},"16":{"loc":{"start":{"line":185,"column":4},"end":{"line":185,"column":56}},"type":"if","locations":[{"start":{"line":185,"column":4},"end":{"line":185,"column":56}},{"start":{},"end":{}}],"line":185},"17":{"loc":{"start":{"line":195,"column":6},"end":{"line":197,"column":7}},"type":"if","locations":[{"start":{"line":195,"column":6},"end":{"line":197,"column":7}},{"start":{},"end":{}}],"line":195},"18":{"loc":{"start":{"line":196,"column":24},"end":{"line":196,"column":66}},"type":"binary-expr","locations":[{"start":{"line":196,"column":24},"end":{"line":196,"column":36}},{"start":{"line":196,"column":40},"end":{"line":196,"column":66}}],"line":196},"19":{"loc":{"start":{"line":214,"column":4},"end":{"line":219,"column":5}},"type":"if","locations":[{"start":{"line":214,"column":4},"end":{"line":219,"column":5}},{"start":{},"end":{}}],"line":214},"20":{"loc":{"start":{"line":222,"column":2},"end":{"line":222,"column":67}},"type":"if","locations":[{"start":{"line":222,"column":2},"end":{"line":222,"column":67}},{"start":{},"end":{}}],"line":222},"21":{"loc":{"start":{"line":225,"column":2},"end":{"line":233,"column":3}},"type":"if","locations":[{"start":{"line":225,"column":2},"end":{"line":233,"column":3}},{"start":{},"end":{}}],"line":225},"22":{"loc":{"start":{"line":240,"column":7},"end":{"line":248,"column":7}},"type":"binary-expr","locations":[{"start":{"line":240,"column":7},"end":{"line":240,"column":17}},{"start":{"line":241,"column":8},"end":{"line":247,"column":14}}],"line":240},"23":{"loc":{"start":{"line":243,"column":12},"end":{"line":243,"column":66}},"type":"cond-expr","locations":[{"start":{"line":243,"column":37},"end":{"line":243,"column":49}},{"start":{"line":243,"column":52},"end":{"line":243,"column":66}}],"line":243},"24":{"loc":{"start":{"line":282,"column":49},"end":{"line":282,"column":72}},"type":"cond-expr","locations":[{"start":{"line":282,"column":58},"end":{"line":282,"column":62}},{"start":{"line":282,"column":65},"end":{"line":282,"column":72}}],"line":282},"25":{"loc":{"start":{"line":289,"column":21},"end":{"line":299,"column":21}},"type":"binary-expr","locations":[{"start":{"line":289,"column":21},"end":{"line":289,"column":50}},{"start":{"line":290,"column":22},"end":{"line":298,"column":31}}],"line":289},"26":{"loc":{"start":{"line":301,"column":23},"end":{"line":301,"column":41}},"type":"cond-expr","locations":[{"start":{"line":301,"column":32},"end":{"line":301,"column":35}},{"start":{"line":301,"column":38},"end":{"line":301,"column":41}}],"line":301},"27":{"loc":{"start":{"line":306,"column":17},"end":{"line":354,"column":17}},"type":"binary-expr","locations":[{"start":{"line":306,"column":17},"end":{"line":306,"column":23}},{"start":{"line":307,"column":18},"end":{"line":353,"column":24}}],"line":306},"28":{"loc":{"start":{"line":308,"column":21},"end":{"line":335,"column":21}},"type":"cond-expr","locations":[{"start":{"line":309,"column":22},"end":{"line":332,"column":24}},{"start":{"line":334,"column":22},"end":{"line":334,"column":69}}],"line":308},"29":{"loc":{"start":{"line":313,"column":28},"end":{"line":313,"column":87}},"type":"cond-expr","locations":[{"start":{"line":313,"column":56},"end":{"line":313,"column":69}},{"start":{"line":313,"column":72},"end":{"line":313,"column":87}}],"line":313},"30":{"loc":{"start":{"line":321,"column":29},"end":{"line":328,"column":29}},"type":"binary-expr","locations":[{"start":{"line":321,"column":29},"end":{"line":321,"column":54}},{"start":{"line":322,"column":30},"end":{"line":327,"column":39}}],"line":321},"31":{"loc":{"start":{"line":344,"column":31},"end":{"line":344,"column":52}},"type":"binary-expr","locations":[{"start":{"line":344,"column":31},"end":{"line":344,"column":46}},{"start":{"line":344,"column":50},"end":{"line":344,"column":52}}],"line":344},"32":{"loc":{"start":{"line":387,"column":15},"end":{"line":406,"column":15}},"type":"cond-expr","locations":[{"start":{"line":388,"column":16},"end":{"line":388,"column":43}},{"start":{"line":390,"column":16},"end":{"line":405,"column":18}}],"line":387},"33":{"loc":{"start":{"line":397,"column":26},"end":{"line":399,"column":67}},"type":"cond-expr","locations":[{"start":{"line":398,"column":30},"end":{"line":398,"column":50}},{"start":{"line":399,"column":30},"end":{"line":399,"column":67}}],"line":397}},"s":{"0":2,"1":2,"2":55,"3":55,"4":55,"5":55,"6":55,"7":55,"8":55,"9":55,"10":55,"11":55,"12":55,"13":55,"14":55,"15":20,"16":20,"17":1,"18":1,"19":1,"20":19,"21":18,"22":1,"23":1,"24":1,"25":1,"26":17,"27":17,"28":17,"29":17,"30":17,"31":0,"32":0,"33":19,"34":55,"35":4,"36":4,"37":0,"38":0,"39":4,"40":2,"41":2,"42":2,"43":2,"44":1,"45":1,"46":0,"47":1,"48":1,"49":1,"50":1,"51":1,"52":1,"53":55,"54":3,"55":3,"56":3,"57":0,"58":0,"59":3,"60":1,"61":1,"62":2,"63":2,"64":1,"65":1,"66":0,"67":1,"68":1,"69":1,"70":1,"71":1,"72":55,"73":1,"74":0,"75":1,"76":1,"77":1,"78":1,"79":0,"80":1,"81":1,"82":0,"83":0,"84":55,"85":2,"86":1,"87":1,"88":1,"89":1,"90":1,"91":0,"92":1,"93":1,"94":0,"95":0,"96":55,"97":16,"98":55,"99":23,"100":7,"101":0,"102":7,"103":7,"104":55,"105":16,"106":39,"107":2,"108":37,"109":63,"110":50,"111":92,"112":50,"113":50,"114":7,"115":1,"116":1,"117":16,"118":2,"119":3,"120":3,"121":4,"122":1,"123":63,"124":4,"125":0},"f":{"0":55,"1":20,"2":4,"3":3,"4":1,"5":2,"6":16,"7":23,"8":0,"9":7,"10":63,"11":50,"12":92,"13":7,"14":1,"15":16,"16":2,"17":3,"18":3,"19":4,"20":1,"21":63,"22":4,"23":0},"b":{"0":[1,19],"1":[1,17],"2":[18,17,17,17],"3":[17,1],"4":[0,4],"5":[2,2],"6":[4,3],"7":[0,1],"8":[0,0,0],"9":[0,3],"10":[1,2],"11":[0,1],"12":[0,0,0],"13":[0,1],"14":[0,1],"15":[0,0],"16":[1,1],"17":[0,1],"18":[0,0],"19":[7,16],"20":[16,39],"21":[2,37],"22":[37,5],"23":[5,0],"24":[1,6],"25":[50,27],"26":[11,39],"27":[50,11],"28":[8,3],"29":[8,8],"30":[16,8],"31":[11,6],"32":[1,36],"33":[4,0]},"_coverageSchema":"1a1c01bbd47fc00a2c39e90264f33305004495a9","hash":"caa74e4c88ae7755b5fe891aed0c59da3def19b8"}
,"C:\\Users\\halat\\OneDrive\\Desktop\\OpenHub\\frontend\\src\\pages\\Profil.jsx": {"path":"C:\\Users\\halat\\OneDrive\\Desktop\\OpenHub\\frontend\\src\\pages\\Profil.jsx","statementMap":{"0":{"start":{"line":4,"column":16},"end":{"line":4,"column":44}},"1":{"start":{"line":6,"column":15},"end":{"line":627,"column":1}},"2":{"start":{"line":7,"column":28},"end":{"line":7,"column":40}},"3":{"start":{"line":8,"column":32},"end":{"line":8,"column":46}},"4":{"start":{"line":9,"column":28},"end":{"line":9,"column":42}},"5":{"start":{"line":10,"column":36},"end":{"line":10,"column":54}},"6":{"start":{"line":11,"column":38},"end":{"line":11,"column":50}},"7":{"start":{"line":12,"column":42},"end":{"line":12,"column":56}},"8":{"start":{"line":13,"column":30},"end":{"line":13,"column":42}},"9":{"start":{"line":14,"column":40},"end":{"line":14,"column":55}},"10":{"start":{"line":15,"column":42},"end":{"line":15,"column":54}},"11":{"start":{"line":16,"column":32},"end":{"line":16,"column":44}},"12":{"start":{"line":17,"column":35},"end":{"line":17,"column":47}},"13":{"start":{"line":18,"column":42},"end":{"line":18,"column":77}},"14":{"start":{"line":20,"column":48},"end":{"line":20,"column":60}},"15":{"start":{"line":21,"column":56},"end":{"line":21,"column":68}},"16":{"start":{"line":22,"column":44},"end":{"line":22,"column":76}},"17":{"start":{"line":24,"column":24},"end":{"line":44,"column":3}},"18":{"start":{"line":25,"column":18},"end":{"line":25,"column":47}},"19":{"start":{"line":26,"column":4},"end":{"line":43,"column":5}},"20":{"start":{"line":27,"column":23},"end":{"line":33,"column":8}},"21":{"start":{"line":34,"column":19},"end":{"line":34,"column":40}},"22":{"start":{"line":36,"column":26},"end":{"line":38,"column":7}},"23":{"start":{"line":37,"column":33},"end":{"line":37,"column":48}},"24":{"start":{"line":40,"column":6},"end":{"line":40,"column":28}},"25":{"start":{"line":42,"column":6},"end":{"line":42,"column":30}},"26":{"start":{"line":46,"column":35},"end":{"line":58,"column":3}},"27":{"start":{"line":47,"column":18},"end":{"line":47,"column":47}},"28":{"start":{"line":48,"column":4},"end":{"line":57,"column":5}},"29":{"start":{"line":49,"column":18},"end":{"line":51,"column":8}},"30":{"start":{"line":52,"column":19},"end":{"line":52,"column":35}},"31":{"start":{"line":53,"column":6},"end":{"line":53,"column":62}},"32":{"start":{"line":55,"column":6},"end":{"line":55,"column":67}},"33":{"start":{"line":56,"column":6},"end":{"line":56,"column":96}},"34":{"start":{"line":60,"column":31},"end":{"line":71,"column":3}},"35":{"start":{"line":61,"column":18},"end":{"line":61,"column":47}},"36":{"start":{"line":62,"column":4},"end":{"line":70,"column":5}},"37":{"start":{"line":63,"column":18},"end":{"line":65,"column":8}},"38":{"start":{"line":66,"column":19},"end":{"line":66,"column":35}},"39":{"start":{"line":67,"column":6},"end":{"line":67,"column":58}},"40":{"start":{"line":69,"column":6},"end":{"line":69,"column":63}},"41":{"start":{"line":73,"column":27},"end":{"line":88,"column":3}},"42":{"start":{"line":74,"column":18},"end":{"line":74,"column":47}},"43":{"start":{"line":75,"column":4},"end":{"line":87,"column":5}},"44":{"start":{"line":76,"column":23},"end":{"line":82,"column":8}},"45":{"start":{"line":83,"column":19},"end":{"line":83,"column":40}},"46":{"start":{"line":84,"column":6},"end":{"line":84,"column":23}},"47":{"start":{"line":86,"column":6},"end":{"line":86,"column":30}},"48":{"start":{"line":90,"column":23},"end":{"line":120,"column":3}},"49":{"start":{"line":91,"column":4},"end":{"line":93,"column":5}},"50":{"start":{"line":92,"column":6},"end":{"line":92,"column":13}},"51":{"start":{"line":95,"column":4},"end":{"line":95,"column":61}},"52":{"start":{"line":96,"column":18},"end":{"line":96,"column":47}},"53":{"start":{"line":98,"column":4},"end":{"line":119,"column":5}},"54":{"start":{"line":99,"column":23},"end":{"line":105,"column":8}},"55":{"start":{"line":107,"column":19},"end":{"line":107,"column":40}},"56":{"start":{"line":108,"column":6},"end":{"line":113,"column":7}},"57":{"start":{"line":109,"column":8},"end":{"line":109,"column":33}},"58":{"start":{"line":110,"column":8},"end":{"line":110,"column":86}},"59":{"start":{"line":112,"column":8},"end":{"line":112,"column":73}},"60":{"start":{"line":115,"column":6},"end":{"line":115,"column":62}},"61":{"start":{"line":116,"column":6},"end":{"line":116,"column":69}},"62":{"start":{"line":118,"column":6},"end":{"line":118,"column":47}},"63":{"start":{"line":122,"column":25},"end":{"line":156,"column":3}},"64":{"start":{"line":123,"column":18},"end":{"line":123,"column":47}},"65":{"start":{"line":124,"column":4},"end":{"line":124,"column":23}},"66":{"start":{"line":124,"column":16},"end":{"line":124,"column":23}},"67":{"start":{"line":126,"column":4},"end":{"line":126,"column":64}},"68":{"start":{"line":128,"column":4},"end":{"line":155,"column":5}},"69":{"start":{"line":129,"column":23},"end":{"line":136,"column":8}},"70":{"start":{"line":138,"column":19},"end":{"line":138,"column":40}},"71":{"start":{"line":140,"column":6},"end":{"line":143,"column":7}},"72":{"start":{"line":141,"column":8},"end":{"line":141,"column":113}},"73":{"start":{"line":142,"column":8},"end":{"line":142,"column":15}},"74":{"start":{"line":145,"column":6},"end":{"line":149,"column":7}},"75":{"start":{"line":146,"column":8},"end":{"line":146,"column":92}},"76":{"start":{"line":147,"column":8},"end":{"line":147,"column":37}},"77":{"start":{"line":148,"column":8},"end":{"line":148,"column":27}},"78":{"start":{"line":151,"column":6},"end":{"line":151,"column":106}},"79":{"start":{"line":152,"column":6},"end":{"line":152,"column":51}},"80":{"start":{"line":154,"column":6},"end":{"line":154,"column":47}},"81":{"start":{"line":158,"column":29},"end":{"line":180,"column":3}},"82":{"start":{"line":159,"column":18},"end":{"line":159,"column":47}},"83":{"start":{"line":161,"column":4},"end":{"line":179,"column":5}},"84":{"start":{"line":162,"column":27},"end":{"line":168,"column":8}},"85":{"start":{"line":170,"column":6},"end":{"line":172,"column":7}},"86":{"start":{"line":171,"column":8},"end":{"line":171,"column":66}},"87":{"start":{"line":174,"column":23},"end":{"line":174,"column":48}},"88":{"start":{"line":175,"column":6},"end":{"line":175,"column":24}},"89":{"start":{"line":177,"column":6},"end":{"line":177,"column":51}},"90":{"start":{"line":178,"column":6},"end":{"line":178,"column":30}},"91":{"start":{"line":182,"column":35},"end":{"line":211,"column":3}},"92":{"start":{"line":183,"column":18},"end":{"line":183,"column":47}},"93":{"start":{"line":184,"column":4},"end":{"line":184,"column":23}},"94":{"start":{"line":184,"column":16},"end":{"line":184,"column":23}},"95":{"start":{"line":186,"column":4},"end":{"line":186,"column":63}},"96":{"start":{"line":188,"column":4},"end":{"line":210,"column":5}},"97":{"start":{"line":189,"column":23},"end":{"line":195,"column":8}},"98":{"start":{"line":197,"column":19},"end":{"line":197,"column":40}},"99":{"start":{"line":199,"column":6},"end":{"line":204,"column":7}},"100":{"start":{"line":200,"column":8},"end":{"line":200,"column":93}},"101":{"start":{"line":201,"column":8},"end":{"line":201,"column":41}},"102":{"start":{"line":203,"column":8},"end":{"line":203,"column":109}},"103":{"start":{"line":206,"column":6},"end":{"line":206,"column":62}},"104":{"start":{"line":207,"column":6},"end":{"line":207,"column":70}},"105":{"start":{"line":209,"column":6},"end":{"line":209,"column":47}},"106":{"start":{"line":213,"column":31},"end":{"line":242,"column":3}},"107":{"start":{"line":214,"column":18},"end":{"line":214,"column":47}},"108":{"start":{"line":215,"column":4},"end":{"line":215,"column":23}},"109":{"start":{"line":215,"column":16},"end":{"line":215,"column":23}},"110":{"start":{"line":217,"column":4},"end":{"line":217,"column":61}},"111":{"start":{"line":219,"column":4},"end":{"line":241,"column":5}},"112":{"start":{"line":220,"column":23},"end":{"line":226,"column":8}},"113":{"start":{"line":228,"column":19},"end":{"line":228,"column":40}},"114":{"start":{"line":230,"column":6},"end":{"line":235,"column":7}},"115":{"start":{"line":231,"column":8},"end":{"line":231,"column":101}},"116":{"start":{"line":232,"column":8},"end":{"line":232,"column":37}},"117":{"start":{"line":234,"column":8},"end":{"line":234,"column":109}},"118":{"start":{"line":237,"column":6},"end":{"line":237,"column":62}},"119":{"start":{"line":238,"column":6},"end":{"line":238,"column":70}},"120":{"start":{"line":240,"column":6},"end":{"line":240,"column":47}},"121":{"start":{"line":244,"column":27},"end":{"line":273,"column":3}},"122":{"start":{"line":245,"column":18},"end":{"line":245,"column":47}},"123":{"start":{"line":246,"column":4},"end":{"line":246,"column":23}},"124":{"start":{"line":246,"column":16},"end":{"line":246,"column":23}},"125":{"start":{"line":248,"column":4},"end":{"line":248,"column":65}},"126":{"start":{"line":250,"column":4},"end":{"line":272,"column":5}},"127":{"start":{"line":251,"column":23},"end":{"line":257,"column":8}},"128":{"start":{"line":259,"column":19},"end":{"line":259,"column":40}},"129":{"start":{"line":261,"column":6},"end":{"line":267,"column":7}},"130":{"start":{"line":262,"column":8},"end":{"line":262,"column":68}},"131":{"start":{"line":263,"column":8},"end":{"line":263,"column":41}},"132":{"start":{"line":264,"column":8},"end":{"line":264,"column":33}},"133":{"start":{"line":266,"column":8},"end":{"line":266,"column":100}},"134":{"start":{"line":269,"column":6},"end":{"line":269,"column":67}},"135":{"start":{"line":271,"column":6},"end":{"line":271,"column":47}},"136":{"start":{"line":275,"column":2},"end":{"line":286,"column":9}},"137":{"start":{"line":276,"column":17},"end":{"line":284,"column":5}},"138":{"start":{"line":277,"column":6},"end":{"line":277,"column":23}},"139":{"start":{"line":278,"column":6},"end":{"line":278,"column":33}},"140":{"start":{"line":279,"column":6},"end":{"line":279,"column":28}},"141":{"start":{"line":280,"column":6},"end":{"line":280,"column":31}},"142":{"start":{"line":281,"column":6},"end":{"line":281,"column":39}},"143":{"start":{"line":282,"column":6},"end":{"line":282,"column":35}},"144":{"start":{"line":283,"column":6},"end":{"line":283,"column":24}},"145":{"start":{"line":285,"column":4},"end":{"line":285,"column":11}},"146":{"start":{"line":288,"column":2},"end":{"line":295,"column":21}},"147":{"start":{"line":289,"column":4},"end":{"line":
[...]
"column":25},"end":{"line":492,"column":95}},"type":"binary-expr","locations":[{"start":{"line":492,"column":25},"end":{"line":492,"column":63}},{"start":{"line":492,"column":67},"end":{"line":492,"column":95}}],"line":492},"38":{"loc":{"start":{"line":533,"column":7},"end":{"line":610,"column":7}},"type":"binary-expr","locations":[{"start":{"line":533,"column":7},"end":{"line":533,"column":25}},{"start":{"line":534,"column":8},"end":{"line":609,"column":14}}],"line":533},"39":{"loc":{"start":{"line":599,"column":15},"end":{"line":606,"column":15}},"type":"cond-expr","locations":[{"start":{"line":600,"column":16},"end":{"line":603,"column":19}},{"start":{"line":605,"column":16},"end":{"line":605,"column":34}}],"line":599},"40":{"loc":{"start":{"line":613,"column":7},"end":{"line":683,"column":7}},"type":"binary-expr","locations":[{"start":{"line":613,"column":7},"end":{"line":613,"column":23}},{"start":{"line":614,"column":8},"end":{"line":682,"column":14}}],"line":613},"41":{"loc":{"start":{"line":672,"column":15},"end":{"line":679,"column":15}},"type":"cond-expr","locations":[{"start":{"line":673,"column":16},"end":{"line":676,"column":19}},{"start":{"line":678,"column":16},"end":{"line":678,"column":32}}],"line":672},"42":{"loc":{"start":{"line":686,"column":7},"end":{"line":756,"column":7}},"type":"binary-expr","locations":[{"start":{"line":686,"column":7},"end":{"line":686,"column":19}},{"start":{"line":687,"column":8},"end":{"line":755,"column":14}}],"line":686},"43":{"loc":{"start":{"line":743,"column":24},"end":{"line":743,"column":100}},"type":"binary-expr","locations":[{"start":{"line":743,"column":24},"end":{"line":743,"column":60}},{"start":{"line":743,"column":64},"end":{"line":743,"column":100}}],"line":743},"44":{"loc":{"start":{"line":745,"column":15},"end":{"line":752,"column":15}},"type":"cond-expr","locations":[{"start":{"line":746,"column":16},"end":{"line":749,"column":19}},{"start":{"line":751,"column":16},"end":{"line":751,"column":33}}],"line":745},"45":{"loc":{"start":{"line":745,"column":15},"end":{"line":745,"column":91}},"type":"binary-expr","locations":[{"start":{"line":745,"column":15},"end":{"line":745,"column":51}},{"start":{"line":745,"column":55},"end":{"line":745,"column":91}}],"line":745},"46":{"loc":{"start":{"line":759,"column":7},"end":{"line":836,"column":7}},"type":"binary-expr","locations":[{"start":{"line":759,"column":7},"end":{"line":759,"column":21}},{"start":{"line":760,"column":8},"end":{"line":835,"column":14}}],"line":759},"47":{"loc":{"start":{"line":823,"column":24},"end":{"line":823,"column":104}},"type":"binary-expr","locations":[{"start":{"line":823,"column":24},"end":{"line":823,"column":62}},{"start":{"line":823,"column":66},"end":{"line":823,"column":104}}],"line":823},"48":{"loc":{"start":{"line":825,"column":15},"end":{"line":832,"column":15}},"type":"cond-expr","locations":[{"start":{"line":826,"column":16},"end":{"line":829,"column":19}},{"start":{"line":831,"column":16},"end":{"line":831,"column":35}}],"line":825},"49":{"loc":{"start":{"line":825,"column":15},"end":{"line":825,"column":95}},"type":"binary-expr","locations":[{"start":{"line":825,"column":15},"end":{"line":825,"column":53}},{"start":{"line":825,"column":57},"end":{"line":825,"column":95}}],"line":825}},"s":{"0":3,"1":3,"2":195,"3":194,"4":194,"5":194,"6":194,"7":194,"8":194,"9":194,"10":194,"11":194,"12":194,"13":194,"14":194,"15":194,"16":7,"17":7,"18":0,"19":194,"20":18,"21":18,"22":18,"23":17,"24":0,"25":17,"26":17,"27":0,"28":0,"29":17,"30":194,"31":2,"32":1,"33":1,"34":1,"35":1,"36":1,"37":1,"38":1,"39":1,"40":1,"41":1,"42":1,"43":0,"44":0,"45":0,"46":1,"47":194,"48":1,"49":0,"50":1,"51":1,"52":1,"53":1,"54":1,"55":1,"56":1,"57":1,"58":0,"59":0,"60":0,"61":1,"62":194,"63":2,"64":194,"65":1,"66":0,"67":1,"68":1,"69":1,"70":1,"71":1,"72":1,"73":0,"74":0,"75":0,"76":1,"77":194,"78":18,"79":18,"80":18,"81":17,"82":0,"83":17,"84":17,"85":0,"86":0,"87":194,"88":1,"89":0,"90":0,"91":1,"92":1,"93":1,"94":1,"95":1,"96":1,"97":1,"98":1,"99":1,"100":0,"101":0,"102":0,"103":1,"104":194,"105":1,"106":0,"107":1,"108":1,"109":1,"110":1,"111":1,"112":1,"113":1,"114":1,"115":0,"116":0,"117":0,"118":1,"119":194,"120":1,"121":0,"122":1,"123":1,"124":1,"125":1,"126":1,"127":1,"128":1,"129":0,"130":0,"131":0,"132":1,"133":194,"134":1,"135":194,"136":15,"137":15,"138":15,"139":14,"140":15,"141":194,"142":356,"143":194,"144":356,"145":194,"146":15,"147":179,"148":0,"149":179,"150":5,"151":2,"152":353,"153":1,"154":1,"155":4,"156":356,"157":2,"158":1,"159":1,"160":4,"161":0,"162":16,"163":34,"164":0,"165":0,"166":0,"167":0,"168":4,"169":0,"170":9,"171":22,"172":17,"173":0,"174":0,"175":2,"176":0,"177":17,"178":0,"179":0,"180":0,"181":1,"182":0,"183":2,"184":0,"185":22,"186":0,"187":0,"188":0,"189":0,"190":1},"f":{"0":195,"1":7,"2":0,"3":18,"4":2,"5":1,"6":2,"7":1,"8":18,"9":1,"10":1,"11":1,"12":1,"13":15,"14":15,"15":356,"16":356,"17":5,"18":2,"19":353,"20":1,"21":1,"22":4,"23":356,"24":2,"25":1,"26":1,"27":4,"28":0,"29":16,"30":34,"31":0,"32":0,"33":0,"34":0,"35":4,"36":0,"37":9,"38":22,"39":17,"40":0,"41":0,"42":2,"43":0,"44":17,"45":0,"46":0,"47":0,"48":1,"49":0,"50":2,"51":0,"52":22,"53":0,"54":0,"55":0,"56":0,"57":1},"b":{"0":[0],"1":[0,17],"2":[1,1],"3":[2,1],"4":[1,0],"5":[0,1],"6":[1,0],"7":[0,1],"8":[1,0],"9":[0,17],"10":[17,0],"11":[0,1],"12":[1,1,1],"13":[1,0],"14":[0,1],"15":[1,0],"16":[0,1],"17":[1,0],"18":[356,8,8],"19":[356,9],"20":[15,179],"21":[0,179],"22":[179,7],"23":[1,178],"24":[353,2],"25":[1,352],"26":[353,2],"27":[353,2],"28":[1,352],"29":[353,2],"30":[353,353],"31":[1,178],"32":[356,2],"33":[1,355],"34":[356,2],"35":[356,2],"36":[1,355],"37":[356,2],"38":[179,56],"39":[1,55],"40":[179,51],"41":[1,50],"42":[179,19],"43":[19,1],"44":[1,18],"45":[19,1],"46":[179,25],"47":[25,1],"48":[1,24],"49":[25,1]},"_coverageSchema":"1a1c01bbd47fc00a2c39e90264f33305004495a9","hash":"9246a4a7330f0eb538a83b9b33cb7edd6d193ba0"}
,"C:\\Users\\halat\\OneDrive\\Desktop\\OpenHub\\frontend\\src\\pages\\Register.jsx": {"path":"C:\\Users\\halat\\OneDrive\\Desktop\\OpenHub\\frontend\\src\\pages\\Register.jsx","statementMap":{"0":{"start":{"line":6,"column":16},"end":{"line":6,"column":44}},"1":{"start":{"line":8,"column":21},"end":{"line":11,"column":1}},"2":{"start":{"line":14,"column":2},"end":{"line":14,"column":52}},"3":{"start":{"line":17,"column":17},"end":{"line":265,"column":1}},"4":{"start":{"line":18,"column":32},"end":{"line":18,"column":69}},"5":{"start":{"line":19,"column":30},"end":{"line":19,"column":42}},"6":{"start":{"line":20,"column":36},"end":{"line":20,"column":51}},"7":{"start":{"line":21,"column":40},"end":{"line":21,"column":51}},"8":{"start":{"line":22,"column":19},"end":{"line":22,"column":32}},"9":{"start":{"line":24,"column":23},"end":{"line":29,"column":3}},"10":{"start":{"line":25,"column":4},"end":{"line":25,"column":31}},"11":{"start":{"line":26,"column":4},"end":{"line":28,"column":5}},"12":{"start":{"line":27,"column":6},"end":{"line":27,"column":52}},"13":{"start":{"line":27,"column":25},"end":{"line":27,"column":49}},"14":{"start":{"line":31,"column":19},"end":{"line":35,"column":3}},"15":{"start":{"line":32,"column":4},"end":{"line":34,"column":5}},"16":{"start":{"line":33,"column":6},"end":{"line":33,"column":39}},"17":{"start":{"line":33,"column":29},"end":{"line":33,"column":37}},"18":{"start":{"line":37,"column":19},"end":{"line":39,"column":3}},"19":{"start":{"line":38,"column":4},"end":{"line":38,"column":37}},"20":{"start":{"line":38,"column":27},"end":{"line":38,"column":35}},"21":{"start":{"line":41,"column":23},"end":{"line":56,"column":3}},"22":{"start":{"line":42,"column":22},"end":{"line":42,"column":24}},"23":{"start":{"line":44,"column":4},"end":{"line":47,"column":5}},"24":{"start":{"line":45,"column":6},"end":{"line":45,"column":77}},"25":{"start":{"line":45,"column":39},"end":{"line":45,"column":77}},"26":{"start":{"line":46,"column":6},"end":{"line":46,"column":72}},"27":{"start":{"line":46,"column":38},"end":{"line":46,"column":72}},"28":{"start":{"line":49,"column":4},"end":{"line":52,"column":5}},"29":{"start":{"line":50,"column":6},"end":{"line":50,"column":77}},"30":{"start":{"line":50,"column":42},"end":{"line":50,"column":77}},"31":{"start":{"line":51,"column":6},"end":{"line":51,"column":85}},"32":{"start":{"line":51,"column":41},"end":{"line":51,"column":85}},"33":{"start":{"line":54,"column":4},"end":{"line":54,"column":25}},"34":{"start":{"line":55,"column":4},"end":{"line":55,"column":47}},"35":{"start":{"line":58,"column":23},"end":{"line":88,"column":3}},"36":{"start":{"line":59,"column":4},"end":{"line":59,"column":23}},"37":{"start":{"line":61,"column":4},"end":{"line":61,"column":33}},"38":{"start":{"line":61,"column":26},"end":{"line":61,"column":33}},"39":{"start":{"line":63,"column":4},"end":{"line":63,"column":23}},"40":{"start":{"line":65,"column":4},"end":{"line":87,"column":5}},"41":{"start":{"line":66,"column":23},"end":{"line":70,"column":8}},"42":{"start":{"line":72,"column":19},"end":{"line":72,"column":40}},"43":{"start":{"line":74,"column":6},"end":{"line":82,"column":7}},"44":{"start":{"line":75,"column":8},"end":{"line":79,"column":17}},"45":{"start":{"line":76,"column":10},"end":{"line":78,"column":13}},"46":{"start":{"line":81,"column":8},"end":{"line":81,"column":44}},"47":{"start":{"line":84,"column":6},"end":{"line":84,"column":45}},"48":{"start":{"line":86,"column":6},"end":{"line":86,"column":26}},"49":{"start":{"line":90,"column":21},"end":{"line":221,"column":3}},"50":{"start":{"line":91,"column":4},"end":{"line":220,"column":5}},"51":{"start":{"line":93,"column":8},"end":{"line":128,"column":10}},"52":{"start":{"line":106,"column":33},"end":{"line":106,"column":74}},"53":{"start":{"line":118,"column":33},"end":{"line":118,"column":73}},"54":{"start":{"line":131,"column":8},"end":{"line":171,"column":10}},"55":{"start":{"line":144,"column":33},"end":{"line":144,"column":70}},"56":{"start":{"line":156,"column":33},"end":{"line":156,"column":73}},"57":{"start":{"line":174,"column":8},"end":{"line":219,"column":10}},"58":{"start":{"line":186,"column":33},"end":{"line":186,"column":82}},"59":{"start":{"line":195,"column":33},"end":{"line":195,"column":80}},"60":{"start":{"line":205,"column":33},"end":{"line":205,"column":71}},"61":{"start":{"line":223,"column":2},"end":{"line":264,"column":4}},"62":{"start":{"line":251,"column":25},"end":{"line":251,"column":43}}},"fnMap":{"0":{"name":"formReducer","decl":{"start":{"line":13,"column":9},"end":{"line":13,"column":20}},"loc":{"start":{"line":13,"column":36},"end":{"line":15,"column":1}},"line":13},"1":{"name":"(anonymous_1)","decl":{"start":{"line":17,"column":17},"end":{"line":17,"column":18}},"loc":{"start":{"line":17,"column":23},"end":{"line":265,"column":1}},"line":17},"2":{"name":"(anonymous_2)","decl":{"start":{"line":24,"column":23},"end":{"line":24,"column":24}},"loc":{"start":{"line":24,"column":41},"end":{"line":29,"column":3}},"line":24},"3":{"name":"(anonymous_3)","decl":{"start":{"line":27,"column":16},"end":{"line":27,"column":17}},"loc":{"start":{"line":27,"column":25},"end":{"line":27,"column":49}},"line":27},"4":{"name":"(anonymous_4)","decl":{"start":{"line":31,"column":19},"end":{"line":31,"column":20}},"loc":{"start":{"line":31,"column":25},"end":{"line":35,"column":3}},"line":31},"5":{"name":"(anonymous_5)","decl":{"start":{"line":33,"column":21},"end":{"line":33,"column":22}},"loc":{"start":{"line":33,"column":29},"end":{"line":33,"column":37}},"line":33},"6":{"name":"(anonymous_6)","decl":{"start":{"line":37,"column":19},"end":{"line":37,"column":20}},"loc":{"start":{"line":37,"column":25},"end":{"line":39,"column":3}},"line":37},"7":{"name":"(anonymous_7)","decl":{"start":{"line":38,"column":19},"end":{"line":38,"column":20}},"loc":{"start":{"line":38,"column":27},"end":{"line":38,"column":35}},"line":38},"8":{"name":"(anonymous_8)","decl":{"start":{"line":41,"column":23},"end":{"line":41,"column":24}},"loc":{"start":{"line":41,"column":33},"end":{"line":56,"column":3}},"line":41},"9":{"name":"(anonymous_9)","decl":{"start":{"line":58,"column":23},"end":{"line":58,"column":24}},"loc":{"start":{"line":58,"column":36},"end":{"line":88,"column":3}},"line":58},"10":{"name":"(anonymous_10)","decl":{"start":{"line":75,"column":19},"end":{"line":75,"column":20}},"loc":{"start":{"line":75,"column":25},"end":{"line":79,"column":9}},"line":75},"11":{"name":"(anonymous_11)","decl":{"start":{"line":90,"column":21},"end":{"line":90,"column":22}},"loc":{"start":{"line":90,"column":27},"end":{"line":221,"column":3}},"line":90},"12":{"name":"(anonymous_12)","decl":{"start":{"line":106,"column":26},"end":{"line":106,"column":27}},"loc":{"start":{"line":106,"column":33},"end":{"line":106,"column":74}},"line":106},"13":{"name":"(anonymous_13)","decl":{"start":{"line":118,"column":26},"end":{"line":118,"column":27}},"loc":{"start":{"line":118,"column":33},"end":{"line":118,"column":73}},"line":118},"14":{"name":"(anonymous_14)","decl":{"start":{"line":144,"column":26},"end":{"line":144,"column":27}},"loc":{"start":{"line":144,"column":33},"end":{"line":144,"column":70}},"line":144},"15":{"name":"(anonymous_15)","decl":{"start":{"line":156,"column":26},"end":{"line":156,"column":27}},"loc":{"start":{"line":156,"column":33},"end":{"line":156,"column":73}},"line":156},"16":{"name":"(anonymous_16)","decl":{"start":{"line":186,"column":26},"end":{"line":186,"column":27}},"loc":{"start":{"line":186,"column":33},"end":{"line":186,"column":82}},"line":186},"17":{"name":"(anonymous_17)","decl":{"start":{"line":195,"column":26},"end":{"line":195,"column":27}},"loc":{"start":{"line":195,"column":33},"end":{"line":195,"column":80}},"line":195},"18":{"name":"(anonymous_18)","decl":{"start":{"line":205,"column":26},"end":{"line":205,"column":27}},"loc":{"start":{"line":205,"column":33},"end":{"line":205,"column":71}},"line":205},"19":{"name":"(anonymous_19)","decl":{"start":{"line":251,"column":19},"end":{"line":251,"column":20}},"loc":{"start":{"line":251,"column":25},"end":{"line":251,"column":43}},"line":251}},"branchMap":{"0":{"loc":{"start":{"line":26,"column":4},"end":{"line":28,"column":5}},"type":"if","locations":[{"start":{"line":26,"column":4},"end":{"line":28,"column":5}},{"start":{},"end":{}}],"line":26},"1":{"loc":{"start":{"line":32,"column":4},"end":{"line":34,"column":5}},"type":"if","locations":[{"start":{"line":32,"column":4},"end":{"line":34,"column":5}},{"start":{},"end":{}}],"line":32},"2":{"loc":{"start":{"line":44,"column":4},"end":{"line":47,"column":5}},"type":"if","locations":[{"start":{"line":44,"column":4},"end":{"line":47,"column":5}},{"start":{},"end":{}}],"line":44},"3":{"loc":{"start":{"line":45,"column":6},"end":{"line":45,"column":77}},"type":"if","locations":[{"start":{"line":45,"column":6},"end":{"line":45,"column":77}},{"start":{},"end":{}}],"line":45},"4":{"loc":{"start":{"line":46,"column":6},"end":{"line":46,"column":72}},"type":"if","locations":[{"start":{"line":46,"column":6},"end":{"line":46,"column":72}},{"start":{},"end":{}}],"line":46},"5":{"loc":{"start":{"line":49,"column":4},"end":{"line":52,"column":5}},"type":"if","locations":[{"start":{"line":49,"column":4},"end":{"line":52,"column":5}},{"start":{},"end":{}}],"line":49},"6":{"loc":{"start":{"line":50,"column":6},"end":{"line":50,"column":77}},"type":"if","locations":[{"start":{"line":50,"column":6},"end":{"line":50,"column":77}},{"start":{},"end":{}}],"line":50},"7":{"loc":{"start":{"line":51,"column":6},"end":{"line":51,"column":85}},"type":"if","locations":[{"start":{"line":51,"column":6},"end":{"line":51,"column":85}},{"start":{},"end":{}}],"line":51},"8":{"loc":{"start":{"line":61,"column":4},"end":{"line":61,"column":33}},"type":"if","locations":[{"start":{"line":61,"column":4},"end":{"line":61,"column":33}},{"start":{},"end":{}}],"line":61},"9":{"loc":{"start":{"line":74,"column":6},"end":{"line":82,"column":7}},"type":"if","locations":[{"start":{"line":74,"column":6},"end":{"line":82,"column":7}},{"start":{"line":80,"column":13},"end":{"line":82,"column":7}}],"line":74},"10":{"loc":{"start":{"line":91,"column":4},"end":{"line":220,"column":5}},"type":"switch","locations":[{"start":{"line":92,"column":6},"end":{"line":128,"column":10}},{"start":{"line":130,"column":6},"end":{"line":171,"column":10}},{"start":{"line":173,"column":6},"end":{"line":219,"column":10}}],"line":91},"11":{"loc":{"start":{"line":107,"column":27},"end":{"line":107,"column":68}},"type":"cond-expr","locations":[{"start":{"line":107,"column":46},"end":{"line":107,"column":63}},{"start":{"line":107,"column":66},"end":{"line":107,"column":68}}],"line":107},"12":{"loc":{"start":{"line":109,"column":15},"end":{"line":109,"column":95}},"type":"binary-expr","locations":[{"start":{"line":109,"column":15},"end":{"line":109,"column":31}},{"start":{"line":109,"column":35},"end":{"line":109,"column":95}}],"line":109},"13":{"loc":{"start":{"line":119,"column":27},"end":{"line":119,"column":67}},"type":"cond-expr","locations":[{"start":{"line":119,"column":45},"end":{"line":119,"column":62}},{"start":{"line":119,"column":65},"end":{"line":119,"column":67}}],"line":119},"14":{"loc":{"start":{"line":121,"column":15},"end":{"line":121,"column":93}},"type":"binary-expr","locations":[{"start":{"line":121,"column":15},"end":{"line":121,"column":30}},{"start":{"line":121,"column":34},"end":{"line":121,"column":93}}],"line":121},"15":{"loc":{"start":{"line":145,"column":27},"end":{"line":145,"column":64}},"type":"cond-expr","locations":[{"start":{"line":145,"column":42},"end":{"line":145,"column":59}},{"start":{"line":145,"column":62},"end":{"line":145,"column":64}}],"line":145},"16":{"loc":{"start":{"line":147,"column":15},"end":{"line":147,"column":87}},"type":"binary-expr","locations":[{"start":{"line":147,"column":15},"end":{"line":147,"column":27}},{"start":{"line":147,"column":31},"end":{"line":147,"column":87}}],"line":147},"17":{"loc":{"start":{"line":157,"column":27},"end":{"line":157,"column":67}},"type":"cond-expr","locations":[{"start":{"line":157,"column":45},"end":{"line":157,"column":62}},{"start":{"line":157,"column":65},"end":{"line":157,"column":67}}],"line":157},"18":{"loc":{"start":{"line":159,"column":15},"end":{"line":159,"column":93}},"type":"binary-expr","locations":[{"start":{"line":159,"column":15},"end":{"line":159,"column":30}},{"start":{"line":159,"column":34},"end":{"line":159,"column":93}}],"line":159},"19":{"loc":{"start":{"line":215,"column":17},"end":{"line":215,"column":63}},"type":"cond-expr","locations":[{"start":{"line":215,"column":29},"end":{"line":215,"column":42}},{"start":{"line":215,"column":45},"end":{"line":215,"column":63}}],"line":215},"20":{"loc":{"start":{"line":258,"column":7},"end":{"line":262,"column":7}},"type":"binary-expr","locations":[{"start":{"line":258,"column":7},"end":{"line":258,"column":20}},{"start":{"line":259,"column":8},"end":{"line":261,"column":14}}],"line":258}},"s":{"0":2,"1":2,"2":87,"3":2,"4":187,"5":187,"6":187,"7":187,"8":187,"9":187,"10":87,"11":87,"12":2,"13":2,"14":187,"15":47,"16":37,"17":37,"18":187,"19":4,"20":4,"21":187,"22":52,"23":52,"24":32,"25":8,"26":32,"27":8,"28":52,"29":15,"30":1,"31":15,"32":2,"33":52,"34":52,"35":187,"36":5,"37":5,"38":0,"39":5,"40":5,"41":5,"42":4,"43":4,"44":3,"45":3,"46":1,"47":1,"48":5,"49":187,"50":187,"51":104,"52":27,"53":25,"54":60,"55":18,"56":15,"57":23,"58":0,"59":0,"60":2,"61":187,"62":1},"f":{"0":87,"1":187,"2":87,"3":2,"4":47,"5":37,"6":4,"7":4,"8":52,"9":5,"10":3,"11":187,"12":27,"13":25,"14":18,"15":15,"16":0,"17":0,"18":2,"19":1},"b":{"0":[2,85],"1":[37,10],"2":[32,20],"3":[8,24],"4":[8,24],"5":[15,37],"6":[1,14],"7":[2,13],"8":[0,5],"9":[3,1],"10":[104,60,23],"11":[8,96],"12":[104,8],"13":[10,94],"14":[104,10],"15":[1,59],"16":[60,1],"17":[2,58],"18":[60,2],"19":[5,18],"20":[187,2]},"_coverageSchema":"1a1c01bbd47fc00a2c39e90264f33305004495a9","hash":"972bc194633c520ff21c7fddb67b80dd5b9d6c0d"}
}
