TN:
SF:src\App.jsx
FN:12,AppContent
FN:37,App
FNF:2
FNH:2
FNDA:2,AppContent
FNDA:2,App
DA:13,2
DA:15,1
DA:16,1
DA:18,1
DA:39,2
LF:5
LH:5
BRDA:20,0,0,1
BRDA:20,0,1,1
BRF:2
BRH:2
end_of_record
TN:
SF:src\component\barreNavigation.jsx
FN:9,(anonymous_0)
FNF:1
FNH:1
FNDA:1,(anonymous_0)
DA:9,1
DA:10,1
DA:12,1
LF:3
LH:3
BRDA:15,0,0,0
BRDA:15,0,1,1
BRDA:21,1,0,0
BRDA:21,1,1,1
BRDA:27,2,0,0
BRDA:27,2,1,1
BRDA:33,3,0,0
BRDA:33,3,1,1
BRDA:39,4,0,0
BRDA:39,4,1,1
BRF:10
BRH:5
end_of_record
TN:
SF:src\pages\DonatePage.jsx
FN:3,(anonymous_0)
FN:8,(anonymous_1)
FN:49,(anonymous_2)
FNF:3
FNH:3
FNDA:14,(anonymous_0)
FNDA:4,(anonymous_1)
FNDA:1,(anonymous_2)
DA:3,2
DA:4,14
DA:5,14
DA:6,14
DA:8,14
DA:9,4
DA:10,4
DA:12,4
DA:13,4
DA:22,3
DA:23,2
DA:28,1
DA:29,1
DA:31,2
DA:32,2
DA:36,14
DA:49,1
DA:65,2
LF:18
LH:18
BRDA:22,0,0,2
BRDA:22,0,1,1
BRDA:56,1,0,4
BRDA:56,1,1,10
BRDA:59,2,0,14
BRDA:59,2,1,2
BRF:6
BRH:6
end_of_record
TN:
SF:src\pages\Home.jsx
FN:7,(anonymous_0)
FN:27,(anonymous_1)
FN:32,(anonymous_2)
FN:37,(anonymous_3)
FN:43,(anonymous_4)
FN:88,(anonymous_5)
FN:125,(anonymous_6)
FN:164,(anonymous_7)
FN:187,(anonymous_8)
FN:210,(anonymous_9)
FN:233,(anonymous_10)
FN:256,(anonymous_11)
FN:282,(anonymous_12)
FN:317,(anonymous_13)
FN:352,(anonymous_14)
FN:425,(anonymous_15)
FN:429,(anonymous_16)
FN:449,(anonymous_17)
FN:453,(anonymous_18)
FN:490,(anonymous_19)
FN:495,(anonymous_20)
FN:529,(anonymous_21)
FN:538,(anonymous_22)
FN:568,(anonymous_23)
FN:573,(anonymous_24)
FN:630,(anonymous_25)
FN:663,(anonymous_26)
FNF:27
FNH:16
FNDA:34,(anonymous_0)
FNDA:0,(anonymous_1)
FNDA:0,(anonymous_2)
FNDA:0,(anonymous_3)
FNDA:2,(anonymous_4)
FNDA:0,(anonymous_5)
FNDA:1,(anonymous_6)
FNDA:13,(anonymous_7)
FNDA:13,(anonymous_8)
FNDA:13,(anonymous_9)
FNDA:14,(anonymous_10)
FNDA:14,(anonymous_11)
FNDA:0,(anonymous_12)
FNDA:0,(anonymous_13)
FNDA:13,(anonymous_14)
FNDA:40,(anonymous_15)
FNDA:0,(anonymous_16)
FNDA:16,(anonymous_17)
FNDA:0,(anonymous_18)
FNDA:1,(anonymous_19)
FNDA:24,(anonymous_20)
FNDA:1,(anonymous_21)
FNDA:1,(anonymous_22)
FNDA:0,(anonymous_23)
FNDA:24,(anonymous_24)
FNDA:0,(anonymous_25)
FNDA:0,(anonymous_26)
DA:5,2
DA:7,2
DA:8,34
DA:9,32
DA:10,32
DA:11,32
DA:12,32
DA:13,32
DA:14,32
DA:15,32
DA:16,32
DA:17,32
DA:18,32
DA:19,32
DA:20,32
DA:21,32
DA:22,32
DA:23,32
DA:24,32
DA:25,32
DA:27,32
DA:28,0
DA:29,0
DA:32,32
DA:33,0
DA:34,0
DA:37,32
DA:38,0
DA:39,0
DA:40,0
DA:43,32
DA:44,2
DA:45,1
DA:46,1
DA:48,1
DA:49,0
DA:50,0
DA:53,1
DA:54,1
DA:55,1
DA:56,1
DA:58,1
DA:70,1
DA:72,1
DA:73,1
DA:74,1
DA:75,1
DA:76,1
DA:78,0
DA:81,0
DA:82,0
DA:84,1
DA:88,32
DA:89,0
DA:90,0
DA:91,0
DA:94,0
DA:95,0
DA:96,0
DA:98,0
DA:108,0
DA:110,0
DA:111,0
DA:112,0
DA:113,0
DA:115,0
DA:118,0
DA:119,0
DA:121,0
DA:125,32
DA:126,1
DA:127,0
DA:128,0
DA:131,1
DA:132,1
DA:133,1
DA:134,1
DA:136,1
DA:147,1
DA:149,1
DA:150,1
DA:151,1
DA:152,1
DA:154,0
DA:157,0
DA:158,0
DA:160,1
DA:164,32
DA:165,13
DA:166,13
DA:168,13
DA:176,13
DA:177,0
DA:180,13
DA:181,13
DA:183,0
DA:187,32
DA:188,13
DA:190,13
DA:191,13
DA:199,13
DA:200,0
DA:203,13
DA:204,13
DA:206,0
DA:210,32
DA:211,13
DA:213,13
DA:214,13
DA:222,13
DA:223,0
DA:226,13
DA:227,13
DA:229,0
DA:233,32
DA:234,14
DA:236,14
DA:237,14
DA:245,14
DA:246,0
DA:249,14
DA:250,14
DA:252,0
DA:256,32
DA:257,14
DA:258,14
DA:259,14
DA:267,14
DA:268,1
DA:271,13
DA:272,13
DA:273,13
DA:275,1
DA:276,1
DA:278,14
DA:282,32
DA:283,0
DA:284,0
DA:287,0
DA:288,0
DA:289,0
DA:291,0
DA:302,0
DA:304,0
DA:305,0
DA:306,0
DA:307,0
DA:309,0
DA:312,0
DA:313,0
DA:317,32
DA:318,0
DA:319,0
DA:322,0
DA:323,0
DA:324,0
DA:326,0
DA:337,0
DA:339,0
DA:340,0
DA:341,0
DA:342,0
DA:344,0
DA:347,0
DA:348,0
DA:352,32
DA:353,13
DA:354,13
DA:355,13
DA:356,13
DA:359,32
DA:360,13
DA:367,19
DA:368,1
DA:374,18
DA:426,40
DA:429,0
DA:450,16
DA:453,0
DA:490,1
DA:496,24
DA:529,1
DA:538,1
DA:568,0
DA:574,24
DA:630,0
DA:663,0
LF:187
LH:113
BRDA:5,0,0,2
BRDA:5,0,1,2
BRDA:44,1,0,1
BRDA:44,1,1,1
BRDA:48,2,0,0
BRDA:48,2,1,1
BRDA:72,3,0,1
BRDA:72,3,1,0
BRDA:89,4,0,0
BRDA:89,4,1,0
BRDA:110,5,0,0
BRDA:110,5,1,0
BRDA:126,6,0,0
BRDA:126,6,1,1
BRDA:149,7,0,1
BRDA:149,7,1,0
BRDA:176,8,0,0
BRDA:176,8,1,13
BRDA:181,9,0,12
BRDA:181,9,1,1
BRDA:199,10,0,0
BRDA:199,10,1,13
BRDA:204,11,0,12
BRDA:204,11,1,1
BRDA:222,12,0,0
BRDA:222,12,1,13
BRDA:227,13,0,12
BRDA:227,13,1,1
BRDA:245,14,0,0
BRDA:245,14,1,14
BRDA:250,15,0,13
BRDA:250,15,1,1
BRDA:267,16,0,1
BRDA:267,16,1,13
BRDA:283,17,0,0
BRDA:283,17,1,0
BRDA:304,18,0,0
BRDA:304,18,1,0
BRDA:318,19,0,0
BRDA:318,19,1,0
BRDA:339,20,0,0
BRDA:339,20,1,0
BRDA:359,21,0,13
BRDA:359,21,1,19
BRDA:367,22,0,1
BRDA:367,22,1,18
BRDA:381,23,0,18
BRDA:381,23,1,0
BRDA:381,24,0,18
BRDA:381,24,1,0
BRDA:383,25,0,18
BRDA:383,25,1,0
BRDA:397,26,0,17
BRDA:397,26,1,1
BRDA:408,27,0,17
BRDA:408,27,1,1
BRDA:424,28,0,12
BRDA:424,28,1,6
BRDA:448,29,0,12
BRDA:448,29,1,6
BRDA:466,30,0,18
BRDA:466,30,1,5
BRDA:469,31,0,2
BRDA:469,31,1,3
BRDA:471,32,0,2
BRDA:471,32,1,1
BRDA:504,33,0,18
BRDA:504,33,1,17
BRDA:506,34,0,1
BRDA:506,34,1,17
BRDA:548,35,0,1
BRDA:548,35,1,17
BRDA:582,36,0,18
BRDA:582,36,1,18
BRDA:584,37,0,0
BRDA:584,37,1,18
BRDA:599,38,0,18
BRDA:599,38,1,0
BRDA:599,38,2,0
BRDA:609,39,0,0
BRDA:609,39,1,0
BRDA:613,40,0,0
BRDA:613,40,1,0
BRDA:619,41,0,0
BRDA:619,41,1,0
BRDA:623,42,0,0
BRDA:623,42,1,0
BRDA:641,43,0,18
BRDA:641,43,1,0
BRDA:641,43,2,0
BRDA:651,44,0,0
BRDA:651,44,1,0
BRDA:655,45,0,0
BRDA:655,45,1,0
BRDA:659,46,0,0
BRDA:659,46,1,0
BRF:96
BRH:54
end_of_record
TN:
SF:src\pages\Login.jsx
FN:9,(anonymous_0)
FN:16,(anonymous_1)
FN:118,(anonymous_2)
FN:133,(anonymous_3)
FN:170,(anonymous_4)
FN:181,(anonymous_5)
FNF:6
FNH:6
FNDA:35,(anonymous_0)
FNDA:8,(anonymous_1)
FNDA:6,(anonymous_2)
FNDA:6,(anonymous_3)
FNDA:1,(anonymous_4)
FNDA:1,(anonymous_5)
DA:6,2
DA:8,2
DA:9,2
DA:10,35
DA:11,35
DA:12,35
DA:13,35
DA:14,35
DA:16,35
DA:17,8
DA:18,8
DA:19,8
DA:22,8
DA:23,3
DA:24,3
DA:25,3
DA:28,5
DA:29,1
DA:30,1
DA:31,1
DA:33,4
DA:35,4
DA:54,3
DA:56,3
DA:57,1
DA:60,2
DA:61,1
DA:62,1
DA:63,1
DA:67,1
DA:70,3
DA:72,4
DA:76,35
DA:118,6
DA:133,6
DA:170,1
DA:181,1
LF:37
LH:37
BRDA:22,0,0,3
BRDA:22,0,1,5
BRDA:22,1,0,8
BRDA:22,1,1,6
BRDA:28,2,0,1
BRDA:28,2,1,4
BRDA:56,3,0,1
BRDA:56,3,1,2
BRDA:57,4,0,1
BRDA:57,4,1,0
BRDA:60,5,0,1
BRDA:60,5,1,1
BRDA:70,6,0,3
BRDA:70,6,1,0
BRDA:141,7,0,4
BRDA:141,7,1,31
BRDA:144,8,0,4
BRDA:144,8,1,31
BRDA:156,9,0,35
BRDA:156,9,1,7
BRF:20
BRH:18
end_of_record
TN:
SF:src\pages\Logout.jsx
FN:3,(anonymous_0)
FN:4,(anonymous_1)
FN:9,(anonymous_2)
FN:14,(anonymous_3)
FNF:4
FNH:3
FNDA:4,(anonymous_0)
FNDA:1,(anonymous_1)
FNDA:0,(anonymous_2)
FNDA:1,(anonymous_3)
DA:3,2
DA:4,4
DA:6,1
DA:9,1
DA:10,0
DA:14,4
DA:16,1
DA:19,4
LF:8
LH:7
BRF:0
BRH:0
end_of_record
TN:
SF:src\pages\Messages.jsx
FN:7,(anonymous_0)
FN:27,(anonymous_1)
FN:81,(anonymous_2)
FN:128,(anonymous_3)
FN:173,(anonymous_4)
FN:196,(anonymous_5)
FN:219,(anonymous_6)
FN:224,(anonymous_7)
FN:226,(anonymous_8)
FN:229,(anonymous_9)
FN:266,(anonymous_10)
FN:289,(anonymous_11)
FN:291,(anonymous_12)
FN:299,(anonymous_13)
FN:309,(anonymous_14)
FN:324,(anonymous_15)
FN:341,(anonymous_16)
FN:355,(anonymous_17)
FN:362,(anonymous_18)
FN:385,(anonymous_19)
FN:396,(anonymous_20)
FN:409,(anonymous_21)
FN:414,(anonymous_22)
FN:418,(anonymous_23)
FNF:24
FNH:21
FNDA:51,(anonymous_0)
FNDA:18,(anonymous_1)
FNDA:3,(anonymous_2)
FNDA:3,(anonymous_3)
FNDA:1,(anonymous_4)
FNDA:2,(anonymous_5)
FNDA:15,(anonymous_6)
FNDA:22,(anonymous_7)
FNDA:0,(anonymous_8)
FNDA:7,(anonymous_9)
FNDA:64,(anonymous_10)
FNDA:62,(anonymous_11)
FNDA:124,(anonymous_12)
FNDA:7,(anonymous_13)
FNDA:1,(anonymous_14)
FNDA:22,(anonymous_15)
FNDA:2,(anonymous_16)
FNDA:3,(anonymous_17)
FNDA:3,(anonymous_18)
FNDA:3,(anonymous_19)
FNDA:0,(anonymous_20)
FNDA:64,(anonymous_21)
FNDA:3,(anonymous_22)
FNDA:0,(anonymous_23)
DA:4,2
DA:7,2
DA:9,51
DA:10,50
DA:11,50
DA:12,50
DA:13,50
DA:14,50
DA:15,50
DA:16,50
DA:17,50
DA:18,50
DA:21,50
DA:22,50
DA:27,50
DA:28,18
DA:30,18
DA:31,1
DA:32,1
DA:33,1
DA:36,17
DA:44,16
DA:50,1
DA:54,1
DA:55,1
DA:56,1
DA:59,15
DA:66,15
DA:67,15
DA:68,15
DA:71,15
DA:73,0
DA:74,0
DA:76,17
DA:81,50
DA:82,3
DA:85,3
DA:86,0
DA:87,0
DA:91,3
DA:92,2
DA:96,2
DA:99,1
DA:100,1
DA:110,0
DA:112,0
DA:113,0
DA:118,0
DA:119,0
DA:120,0
DA:121,0
DA:123,1
DA:124,1
DA:128,50
DA:129,3
DA:131,3
DA:134,3
DA:135,0
DA:136,0
DA:140,3
DA:141,1
DA:145,1
DA:148,2
DA:149,2
DA:158,1
DA:160,1
DA:161,0
DA:164,1
DA:165,1
DA:166,1
DA:168,1
DA:169,1
DA:173,50
DA:174,1
DA:176,1
DA:177,1
DA:182,1
DA:184,1
DA:185,0
DA:188,1
DA:189,1
DA:191,0
DA:192,0
DA:196,50
DA:197,2
DA:199,1
DA:200,1
DA:205,1
DA:207,1
DA:208,0
DA:211,1
DA:212,1
DA:214,0
DA:215,0
DA:219,50
DA:220,15
DA:224,50
DA:225,22
DA:226,7
DA:227,0
DA:229,7
DA:233,50
DA:236,35
DA:237,2
DA:247,33
DA:267,64
DA:290,62
DA:291,124
DA:293,62
DA:295,62
DA:299,7
DA:310,1
DA:311,1
DA:325,22
DA:341,2
DA:355,3
DA:363,3
DA:386,3
DA:397,0
DA:410,64
DA:415,3
DA:418,0
LF:122
LH:99
BRDA:30,0,0,1
BRDA:30,0,1,17
BRDA:44,1,0,1
BRDA:44,1,1,15
BRDA:45,2,0,16
BRDA:45,2,1,15
BRDA:45,2,2,15
BRDA:45,2,3,15
BRDA:71,3,0,15
BRDA:71,3,1,0
BRDA:85,4,0,0
BRDA:85,4,1,3
BRDA:91,5,0,2
BRDA:91,5,1,1
BRDA:91,6,0,3
BRDA:91,6,1,2
BRDA:112,7,0,0
BRDA:112,7,1,0
BRDA:114,8,0,0
BRDA:114,8,1,0
BRDA:114,8,2,0
BRDA:134,9,0,0
BRDA:134,9,1,3
BRDA:140,10,0,1
BRDA:140,10,1,2
BRDA:160,11,0,0
BRDA:160,11,1,1
BRDA:161,12,0,0
BRDA:161,12,1,0
BRDA:161,12,2,0
BRDA:174,13,0,0
BRDA:174,13,1,1
BRDA:184,14,0,0
BRDA:184,14,1,1
BRDA:185,15,0,0
BRDA:185,15,1,0
BRDA:197,16,0,1
BRDA:197,16,1,1
BRDA:207,17,0,0
BRDA:207,17,1,1
BRDA:208,18,0,0
BRDA:208,18,1,0
BRDA:225,19,0,7
BRDA:225,19,1,15
BRDA:233,20,0,15
BRDA:233,20,1,35
BRDA:236,21,0,2
BRDA:236,21,1,33
BRDA:251,22,0,33
BRDA:251,22,1,5
BRDA:254,23,0,5
BRDA:254,23,1,0
BRDA:299,24,0,0
BRDA:299,24,1,7
BRDA:306,25,0,62
BRDA:306,25,1,31
BRDA:317,26,0,12
BRDA:317,26,1,50
BRDA:321,27,0,62
BRDA:321,27,1,12
BRDA:323,28,0,11
BRDA:323,28,1,1
BRDA:328,29,0,11
BRDA:328,29,1,11
BRDA:338,30,0,22
BRDA:338,30,1,11
BRDA:361,31,0,12
BRDA:361,31,1,7
BRDA:406,32,0,1
BRDA:406,32,1,32
BRDA:416,33,0,3
BRDA:416,33,1,0
BRF:72
BRH:50
end_of_record
TN:
SF:src\pages\Profil.jsx
FN:6,(anonymous_0)
FN:24,(anonymous_1)
FN:37,(anonymous_2)
FN:46,(anonymous_3)
FN:63,(anonymous_4)
FN:76,(anonymous_5)
FN:93,(anonymous_6)
FN:131,(anonymous_7)
FN:176,(anonymous_8)
FN:200,(anonymous_9)
FN:240,(anonymous_10)
FN:280,(anonymous_11)
FN:317,(anonymous_12)
FN:318,(anonymous_13)
FN:330,(anonymous_14)
FN:332,(anonymous_15)
FN:335,(anonymous_16)
FN:339,(anonymous_17)
FN:351,(anonymous_18)
FN:356,(anonymous_19)
FN:387,(anonymous_20)
FN:403,(anonymous_21)
FN:409,(anonymous_22)
FN:415,(anonymous_23)
FN:421,(anonymous_24)
FN:439,(anonymous_25)
FN:443,(anonymous_26)
FN:478,(anonymous_27)
FN:493,(anonymous_28)
FN:524,(anonymous_29)
FN:539,(anonymous_30)
FN:570,(anonymous_31)
FN:585,(anonymous_32)
FN:600,(anonymous_33)
FN:627,(anonymous_34)
FN:678,(anonymous_35)
FNF:36
FNH:33
FNDA:53,(anonymous_0)
FNDA:12,(anonymous_1)
FNDA:34,(anonymous_2)
FNDA:14,(anonymous_3)
FNDA:14,(anonymous_4)
FNDA:14,(anonymous_5)
FNDA:1,(anonymous_6)
FNDA:1,(anonymous_7)
FNDA:13,(anonymous_8)
FNDA:1,(anonymous_9)
FNDA:1,(anonymous_10)
FNDA:1,(anonymous_11)
FNDA:13,(anonymous_12)
FNDA:13,(anonymous_13)
FNDA:18,(anonymous_14)
FNDA:0,(anonymous_15)
FNDA:4,(anonymous_16)
FNDA:109,(anonymous_17)
FNDA:2,(anonymous_18)
FNDA:1,(anonymous_19)
FNDA:5,(anonymous_20)
FNDA:0,(anonymous_21)
FNDA:3,(anonymous_22)
FNDA:3,(anonymous_23)
FNDA:4,(anonymous_24)
FNDA:52,(anonymous_25)
FNDA:2,(anonymous_26)
FNDA:4,(anonymous_27)
FNDA:1,(anonymous_28)
FNDA:4,(anonymous_29)
FNDA:1,(anonymous_30)
FNDA:7,(anonymous_31)
FNDA:1,(anonymous_32)
FNDA:1,(anonymous_33)
FNDA:0,(anonymous_34)
FNDA:1,(anonymous_35)
DA:4,2
DA:6,2
DA:7,53
DA:8,52
DA:9,52
DA:10,52
DA:11,52
DA:12,52
DA:13,52
DA:14,52
DA:15,52
DA:16,52
DA:17,52
DA:18,52
DA:20,52
DA:21,52
DA:22,52
DA:24,52
DA:25,12
DA:26,12
DA:27,12
DA:34,12
DA:36,12
DA:37,34
DA:40,12
DA:42,0
DA:46,52
DA:47,14
DA:48,14
DA:49,14
DA:52,14
DA:53,14
DA:55,0
DA:56,0
DA:63,52
DA:64,14
DA:65,14
DA:66,14
DA:69,14
DA:70,14
DA:72,0
DA:76,52
DA:77,14
DA:78,14
DA:79,14
DA:86,14
DA:87,14
DA:89,0
DA:93,52
DA:94,1
DA:95,0
DA:98,1
DA:99,1
DA:101,1
DA:102,1
DA:113,1
DA:114,1
DA:115,1
DA:116,1
DA:121,0
DA:124,0
DA:125,0
DA:127,1
DA:131,52
DA:132,1
DA:133,1
DA:135,1
DA:137,1
DA:138,1
DA:147,1
DA:149,1
DA:150,0
DA:154,0
DA:157,1
DA:158,1
DA:162,1
DA:163,1
DA:166,0
DA:170,0
DA:172,1
DA:176,52
DA:177,13
DA:179,13
DA:180,13
DA:188,12
DA:189,0
DA:192,12
DA:193,12
DA:195,0
DA:196,0
DA:200,52
DA:201,1
DA:202,1
DA:204,1
DA:206,1
DA:207,1
DA:218,1
DA:220,1
DA:221,1
DA:225,1
DA:227,0
DA:233,0
DA:234,0
DA:236,1
DA:240,52
DA:241,1
DA:242,1
DA:244,1
DA:246,1
DA:247,1
DA:258,1
DA:260,1
DA:261,1
DA:265,1
DA:267,0
DA:273,0
DA:274,0
DA:276,1
DA:280,52
DA:281,1
DA:282,1
DA:284,1
DA:286,1
DA:287,1
DA:298,1
DA:300,1
DA:301,1
DA:302,1
DA:303,1
DA:305,0
DA:311,0
DA:313,1
DA:317,52
DA:318,13
DA:319,13
DA:320,13
DA:321,12
DA:322,12
DA:323,12
DA:324,12
DA:325,12
DA:327,13
DA:330,52
DA:331,18
DA:332,4
DA:333,0
DA:335,4
DA:339,52
DA:341,109
DA:346,109
DA:348,109
DA:351,52
DA:352,2
DA:353,2
DA:356,52
DA:357,1
DA:358,1
DA:361,52
DA:362,13
DA:369,39
DA:370,0
DA:376,39
DA:387,5
DA:403,0
DA:409,3
DA:415,3
DA:421,4
DA:440,52
DA:443,2
DA:479,4
DA:493,1
DA:525,4
DA:539,1
DA:571,7
DA:585,1
DA:600,1
DA:627,0
DA:679,1
DA:680,1
LF:179
LH:151
BRDA:53,0,0,14
BRDA:53,0,1,0
BRDA:70,1,0,14
BRDA:70,1,1,0
BRDA:94,2,0,0
BRDA:94,2,1,1
BRDA:114,3,0,1
BRDA:114,3,1,0
BRDA:133,4,0,0
BRDA:133,4,1,1
BRDA:149,5,0,0
BRDA:149,5,1,1
BRDA:151,6,0,0
BRDA:151,6,1,0
BRDA:157,7,0,1
BRDA:157,7,1,0
BRDA:188,8,0,0
BRDA:188,8,1,12
BRDA:202,9,0,0
BRDA:202,9,1,1
BRDA:220,10,0,1
BRDA:220,10,1,0
BRDA:220,11,0,1
BRDA:220,11,1,1
BRDA:228,12,0,0
BRDA:228,12,1,0
BRDA:242,13,0,0
BRDA:242,13,1,1
BRDA:260,14,0,1
BRDA:260,14,1,0
BRDA:260,15,0,1
BRDA:260,15,1,1
BRDA:268,16,0,0
BRDA:268,16,1,0
BRDA:282,17,0,0
BRDA:282,17,1,1
BRDA:300,18,0,1
BRDA:300,18,1,0
BRDA:300,19,0,1
BRDA:300,19,1,1
BRDA:306,20,0,0
BRDA:306,20,1,0
BRDA:331,21,0,4
BRDA:331,21,1,14
BRDA:341,22,0,109
BRDA:341,22,1,9
BRDA:346,23,0,109
BRDA:346,23,1,109
BRDA:348,24,0,109
BRDA:348,24,1,101
BRDA:361,25,0,13
BRDA:361,25,1,39
BRDA:369,26,0,0
BRDA:369,26,1,39
BRDA:393,27,0,39
BRDA:393,27,1,4
BRDA:402,28,0,21
BRDA:402,28,1,18
BRDA:408,29,0,5
BRDA:408,29,1,34
BRDA:414,30,0,5
BRDA:414,30,1,34
BRDA:420,31,0,8
BRDA:420,31,1,31
BRDA:430,32,0,39
BRDA:430,32,1,21
BRDA:433,33,0,1
BRDA:433,33,1,20
BRDA:466,34,0,39
BRDA:466,34,1,5
BRDA:469,35,0,1
BRDA:469,35,1,4
BRDA:495,36,0,4
BRDA:495,36,1,1
BRDA:499,37,0,1
BRDA:499,37,1,3
BRDA:499,38,0,4
BRDA:499,38,1,1
BRDA:515,39,0,39
BRDA:515,39,1,5
BRDA:518,40,0,1
BRDA:518,40,1,4
BRDA:541,41,0,4
BRDA:541,41,1,1
BRDA:545,42,0,1
BRDA:545,42,1,3
BRDA:545,43,0,4
BRDA:545,43,1,1
BRDA:561,44,0,39
BRDA:561,44,1,8
BRDA:564,45,0,1
BRDA:564,45,1,7
BRDA:587,46,0,7
BRDA:587,46,1,1
BRDA:591,47,0,1
BRDA:591,47,1,6
BRDA:591,48,0,7
BRDA:591,48,1,1
BRDA:602,49,0,7
BRDA:602,49,1,1
BRDA:606,50,0,1
BRDA:606,50,1,6
BRDA:606,51,0,7
BRDA:606,51,1,1
BRDA:623,52,0,39
BRDA:623,52,1,3
BRDA:623,52,2,3
BRDA:650,53,0,3
BRDA:650,53,1,0
BRDA:661,54,0,3
BRDA:661,54,1,0
BRDA:683,55,0,3
BRDA:683,55,1,1
BRDA:687,56,0,1
BRDA:687,56,1,2
BRDA:687,57,0,3
BRDA:687,57,1,1
BRF:117
BRH:92
end_of_record
TN:
SF:src\pages\Projects.jsx
FN:6,(anonymous_0)
FN:40,(anonymous_1)
FN:42,(anonymous_2)
FN:46,(anonymous_3)
FN:68,(anonymous_4)
FN:110,(anonymous_5)
FN:145,(anonymous_6)
FN:156,(anonymous_7)
FN:188,(anonymous_8)
FN:209,(anonymous_9)
FN:253,(anonymous_10)
FN:285,(anonymous_11)
FN:316,(anonymous_12)
FN:326,(anonymous_13)
FN:327,(anonymous_14)
FN:336,(anonymous_15)
FN:343,(anonymous_16)
FN:373,(anonymous_17)
FN:395,(anonymous_18)
FN:411,(anonymous_19)
FN:417,(anonymous_20)
FN:433,(anonymous_21)
FN:479,(anonymous_22)
FN:495,(anonymous_23)
FN:501,(anonymous_24)
FN:517,(anonymous_25)
FN:570,(anonymous_26)
FN:574,(anonymous_27)
FN:578,(anonymous_28)
FN:591,(anonymous_29)
FN:603,(anonymous_30)
FN:617,(anonymous_31)
FN:629,(anonymous_32)
FN:641,(anonymous_33)
FN:671,(anonymous_34)
FN:675,(anonymous_35)
FN:679,(anonymous_36)
FN:692,(anonymous_37)
FN:704,(anonymous_38)
FN:722,(anonymous_39)
FN:738,(anonymous_40)
FN:768,(anonymous_41)
FN:772,(anonymous_42)
FN:776,(anonymous_43)
FN:789,(anonymous_44)
FN:801,(anonymous_45)
FN:822,(anonymous_46)
FN:838,(anonymous_47)
FN:847,(anonymous_48)
FN:872,(anonymous_49)
FN:876,(anonymous_50)
FN:880,(anonymous_51)
FN:893,(anonymous_52)
FN:908,(anonymous_53)
FN:925,(anonymous_54)
FN:940,(anonymous_55)
FN:955,(anonymous_56)
FN:967,(anonymous_57)
FNF:58
FNH:39
FNDA:112,(anonymous_0)
FNDA:7,(anonymous_1)
FNDA:0,(anonymous_2)
FNDA:15,(anonymous_3)
FNDA:2,(anonymous_4)
FNDA:1,(anonymous_5)
FNDA:1,(anonymous_6)
FNDA:1,(anonymous_7)
FNDA:15,(anonymous_8)
FNDA:1,(anonymous_9)
FNDA:1,(anonymous_10)
FNDA:1,(anonymous_11)
FNDA:1,(anonymous_12)
FNDA:12,(anonymous_13)
FNDA:12,(anonymous_14)
FNDA:196,(anonymous_15)
FNDA:196,(anonymous_16)
FNDA:5,(anonymous_17)
FNDA:1,(anonymous_18)
FNDA:191,(anonymous_19)
FNDA:1,(anonymous_20)
FNDA:1,(anonymous_21)
FNDA:3,(anonymous_22)
FNDA:196,(anonymous_23)
FNDA:1,(anonymous_24)
FNDA:1,(anonymous_25)
FNDA:1,(anonymous_26)
FNDA:4,(anonymous_27)
FNDA:0,(anonymous_28)
FNDA:11,(anonymous_29)
FNDA:11,(anonymous_30)
FNDA:0,(anonymous_31)
FNDA:0,(anonymous_32)
FNDA:0,(anonymous_33)
FNDA:0,(anonymous_34)
FNDA:4,(anonymous_35)
FNDA:0,(anonymous_36)
FNDA:9,(anonymous_37)
FNDA:11,(anonymous_38)
FNDA:5,(anonymous_39)
FNDA:0,(anonymous_40)
FNDA:0,(anonymous_41)
FNDA:2,(anonymous_42)
FNDA:0,(anonymous_43)
FNDA:8,(anonymous_44)
FNDA:0,(anonymous_45)
FNDA:0,(anonymous_46)
FNDA:0,(anonymous_47)
FNDA:1,(anonymous_48)
FNDA:0,(anonymous_49)
FNDA:2,(anonymous_50)
FNDA:0,(anonymous_51)
FNDA:8,(anonymous_52)
FNDA:0,(anonymous_53)
FNDA:0,(anonymous_54)
FNDA:0,(anonymous_55)
FNDA:0,(anonymous_56)
FNDA:1,(anonymous_57)
DA:4,2
DA:6,2
DA:7,112
DA:8,111
DA:9,111
DA:10,111
DA:11,111
DA:12,111
DA:15,111
DA:24,111
DA:27,111
DA:34,111
DA:35,111
DA:36,111
DA:37,111
DA:40,111
DA:41,7
DA:42,7
DA:46,111
DA:47,15
DA:48,15
DA:49,15
DA:57,14
DA:58,14
DA:59,14
DA:61,0
DA:62,0
DA:64,14
DA:68,111
DA:69,2
DA:70,1
DA:71,1
DA:74,1
DA:76,1
DA:77,1
DA:86,1
DA:88,1
DA:89,1
DA:90,1
DA:91,1
DA:92,1
DA:100,0
DA:103,0
DA:104,0
DA:106,1
DA:110,111
DA:111,1
DA:113,1
DA:115,1
DA:116,1
DA:128,1
DA:130,1
DA:131,1
DA:132,1
DA:133,1
DA:135,0
DA:138,0
DA:139,0
DA:141,1
DA:145,111
DA:146,1
DA:156,111
DA:157,1
DA:158,0
DA:160,1
DA:162,1
DA:163,1
DA:174,1
DA:175,1
DA:176,1
DA:178,0
DA:181,0
DA:182,0
DA:184,1
DA:188,111
DA:189,15
DA:190,15
DA:191,15
DA:199,14
DA:201,14
DA:202,14
DA:204,0
DA:205,0
DA:209,111
DA:210,1
DA:211,0
DA:215,0
DA:218,1
DA:220,1
DA:221,1
DA:230,1
DA:232,1
DA:233,1
DA:234,1
DA:240,1
DA:241,1
DA:243,0
DA:246,0
DA:247,0
DA:249,1
DA:253,111
DA:254,1
DA:256,1
DA:258,1
DA:259,1
DA:268,1
DA:270,1
DA:271,1
DA:272,1
DA:273,1
DA:275,0
DA:278,0
DA:279,0
DA:281,1
DA:285,111
DA:286,1
DA:287,0
DA:289,1
DA:291,1
DA:292,1
DA:300,1
DA:302,1
DA:303,1
DA:304,1
DA:306,0
DA:309,0
DA:310,0
DA:312,1
DA:316,111
DA:317,1
DA:326,111
DA:327,12
DA:328,12
DA:329,12
DA:330,11
DA:332,12
DA:335,111
DA:337,196
DA:342,111
DA:344,196
DA:348,111
DA:349,12
DA:356,99
DA:357,0
DA:363,99
DA:373,5
DA:395,1
DA:412,191
DA:417,1
DA:433,1
DA:479,3
DA:496,196
DA:501,1
DA:517,1
DA:570,1
DA:574,4
DA:578,0
DA:592,11
DA:604,11
DA:618,0
DA:630,0
DA:642,0
DA:671,0
DA:675,4
DA:679,0
DA:693,9
DA:705,11
DA:723,5
DA:739,0
DA:768,0
DA:772,2
DA:776,0
DA:790,8
DA:802,0
DA:823,0
DA:839,0
DA:847,1
DA:872,0
DA:876,2
DA:880,0
DA:894,8
DA:909,0
DA:926,0
DA:941,0
DA:956,0
DA:967,1
LF:186
LH:141
BRDA:40,0,0,0
BRDA:57,1,0,0
BRDA:57,1,1,14
BRDA:69,2,0,1
BRDA:69,2,1,1
BRDA:69,3,0,2
BRDA:69,3,1,1
BRDA:88,4,0,1
BRDA:88,4,1,0
BRDA:111,5,0,0
BRDA:111,5,1,1
BRDA:130,6,0,1
BRDA:130,6,1,0
BRDA:157,7,0,0
BRDA:157,7,1,1
BRDA:174,8,0,1
BRDA:174,8,1,0
BRDA:199,9,0,0
BRDA:199,9,1,14
BRDA:202,10,0,14
BRDA:202,10,1,0
BRDA:210,11,0,0
BRDA:210,11,1,1
BRDA:210,12,0,1
BRDA:210,12,1,1
BRDA:210,12,2,1
BRDA:232,13,0,1
BRDA:232,13,1,0
BRDA:254,14,0,0
BRDA:254,14,1,1
BRDA:270,15,0,1
BRDA:270,15,1,0
BRDA:286,16,0,0
BRDA:286,16,1,1
BRDA:302,17,0,1
BRDA:302,17,1,0
BRDA:337,18,0,196
BRDA:337,18,1,8
BRDA:337,18,2,8
BRDA:344,19,0,196
BRDA:344,19,1,9
BRDA:348,20,0,12
BRDA:348,20,1,99
BRDA:356,21,0,0
BRDA:356,21,1,99
BRDA:380,22,0,99
BRDA:380,22,1,7
BRDA:402,23,0,1
BRDA:402,23,1,98
BRDA:420,24,0,191
BRDA:420,24,1,2
BRDA:425,25,0,1
BRDA:425,25,1,190
BRDA:425,26,0,191
BRDA:425,26,1,2
BRDA:436,27,0,191
BRDA:436,27,1,2
BRDA:441,28,0,1
BRDA:441,28,1,190
BRDA:441,29,0,191
BRDA:441,29,1,2
BRDA:459,30,0,191
BRDA:459,30,1,191
BRDA:486,31,0,1
BRDA:486,31,1,98
BRDA:504,32,0,196
BRDA:504,32,1,2
BRDA:509,33,0,1
BRDA:509,33,1,195
BRDA:509,34,0,196
BRDA:509,34,1,2
BRDA:520,35,0,196
BRDA:520,35,1,2
BRDA:525,36,0,1
BRDA:525,36,1,195
BRDA:525,37,0,196
BRDA:525,37,1,2
BRDA:567,38,0,99
BRDA:567,38,1,27
BRDA:654,39,0,1
BRDA:654,39,1,26
BRDA:668,40,0,99
BRDA:668,40,1,27
BRDA:751,41,0,1
BRDA:751,41,1,26
BRDA:765,42,0,99
BRDA:765,42,1,10
BRDA:850,43,0,10
BRDA:850,43,1,1
BRDA:854,44,0,1
BRDA:854,44,1,9
BRDA:854,45,0,10
BRDA:854,45,1,1
BRDA:869,46,0,99
BRDA:869,46,1,10
BRDA:970,47,0,10
BRDA:970,47,1,1
BRDA:974,48,0,1
BRDA:974,48,1,9
BRDA:974,49,0,10
BRDA:974,49,1,1
BRF:101
BRH:85
end_of_record
TN:
SF:src\pages\Register.jsx
FN:19,formReducer
FN:24,(anonymous_1)
FN:40,(anonymous_2)
FN:92,(anonymous_3)
FN:99,(anonymous_4)
FN:102,(anonymous_5)
FN:106,(anonymous_6)
FN:108,(anonymous_7)
FN:112,(anonymous_8)
FN:113,(anonymous_9)
FN:116,(anonymous_10)
FN:152,(anonymous_11)
FN:161,(anonymous_12)
FN:168,(anonymous_13)
FN:177,(anonymous_14)
FN:198,(anonymous_15)
FN:214,(anonymous_16)
FN:230,(anonymous_17)
FN:245,(anonymous_18)
FN:278,(anonymous_19)
FN:295,(anonymous_20)
FN:335,(anonymous_21)
FN:352,(anonymous_22)
FN:370,(anonymous_23)
FN:420,(anonymous_24)
FNF:25
FNH:15
FNDA:10,formReducer
FNDA:8,(anonymous_1)
FNDA:4,(anonymous_2)
FNDA:23,(anonymous_3)
FNDA:10,(anonymous_4)
FNDA:0,(anonymous_5)
FNDA:7,(anonymous_6)
FNDA:5,(anonymous_7)
FNDA:0,(anonymous_8)
FNDA:0,(anonymous_9)
FNDA:8,(anonymous_10)
FNDA:1,(anonymous_11)
FNDA:0,(anonymous_12)
FNDA:1,(anonymous_13)
FNDA:0,(anonymous_14)
FNDA:0,(anonymous_15)
FNDA:23,(anonymous_16)
FNDA:3,(anonymous_17)
FNDA:3,(anonymous_18)
FNDA:3,(anonymous_19)
FNDA:1,(anonymous_20)
FNDA:0,(anonymous_21)
FNDA:0,(anonymous_22)
FNDA:0,(anonymous_23)
FNDA:0,(anonymous_24)
DA:7,2
DA:9,2
DA:20,10
DA:24,2
DA:25,8
DA:27,8
DA:28,6
DA:29,6
DA:30,6
DA:31,0
DA:32,6
DA:33,0
DA:34,6
DA:35,6
DA:36,0
DA:37,6
DA:40,2
DA:41,4
DA:43,4
DA:46,4
DA:47,1
DA:51,3
DA:52,3
DA:53,0
DA:56,3
DA:59,3
DA:60,0
DA:63,3
DA:64,0
DA:68,3
DA:69,0
DA:73,3
DA:74,0
DA:78,3
DA:79,0
DA:83,3
DA:85,3
DA:86,0
DA:89,3
DA:92,2
DA:93,23
DA:94,23
DA:95,23
DA:96,23
DA:97,23
DA:99,23
DA:100,10
DA:101,10
DA:102,0
DA:106,23
DA:107,7
DA:108,5
DA:112,23
DA:113,0
DA:116,23
DA:117,8
DA:119,8
DA:120,4
DA:121,4
DA:122,4
DA:123,4
DA:126,8
DA:127,3
DA:128,3
DA:131,8
DA:132,1
DA:137,0
DA:140,1
DA:141,0
DA:142,0
DA:143,0
DA:148,8
DA:149,8
DA:152,23
DA:153,1
DA:156,1
DA:159,1
DA:160,1
DA:161,0
DA:162,0
DA:163,0
DA:167,1
DA:168,1
DA:169,1
DA:170,1
DA:174,0
DA:175,0
DA:176,0
DA:177,0
DA:182,0
DA:183,0
DA:186,0
DA:187,0
DA:189,0
DA:195,0
DA:197,0
DA:198,0
DA:199,0
DA:204,0
DA:207,0
DA:208,0
DA:210,0
DA:214,23
DA:215,23
DA:217,12
DA:230,3
DA:245,3
DA:265,9
DA:278,3
DA:295,1
DA:323,2
DA:336,0
DA:353,0
DA:370,0
DA:396,23
DA:420,0
LF:116
LH:76
BRDA:27,0,0,2
BRDA:27,0,1,6
BRDA:28,1,0,0
BRDA:28,1,1,6
BRDA:29,2,0,0
BRDA:29,2,1,6
BRDA:30,3,0,0
BRDA:30,3,1,6
BRDA:32,4,0,0
BRDA:32,4,1,6
BRDA:34,5,0,0
BRDA:34,5,1,6
BRDA:35,6,0,0
BRDA:35,6,1,6
BRDA:43,7,0,0
BRDA:43,7,1,4
BRDA:46,8,0,1
BRDA:46,8,1,3
BRDA:52,9,0,0
BRDA:52,9,1,3
BRDA:59,10,0,0
BRDA:59,10,1,3
BRDA:63,11,0,0
BRDA:63,11,1,3
BRDA:68,12,0,0
BRDA:68,12,1,3
BRDA:73,13,0,0
BRDA:73,13,1,3
BRDA:73,14,0,3
BRDA:73,14,1,3
BRDA:78,15,0,0
BRDA:78,15,1,3
BRDA:85,16,0,0
BRDA:85,16,1,3
BRDA:101,17,0,0
BRDA:101,17,1,10
BRDA:107,18,0,5
BRDA:107,18,1,2
BRDA:119,19,0,4
BRDA:119,19,1,4
BRDA:122,20,0,1
BRDA:122,20,1,3
BRDA:123,21,0,1
BRDA:123,21,1,3
BRDA:126,22,0,3
BRDA:126,22,1,5
BRDA:128,23,0,1
BRDA:128,23,1,2
BRDA:131,24,0,1
BRDA:131,24,1,7
BRDA:132,25,0,0
BRDA:132,25,1,1
BRDA:133,26,0,1
BRDA:133,26,1,0
BRDA:133,26,2,0
BRDA:140,27,0,0
BRDA:140,27,1,1
BRDA:142,28,0,0
BRDA:142,28,1,0
BRDA:156,29,0,0
BRDA:156,29,1,1
BRDA:160,30,0,0
BRDA:160,30,1,1
BRDA:167,31,0,1
BRDA:167,31,1,0
BRDA:167,32,0,1
BRDA:167,32,1,1
BRDA:176,33,0,0
BRDA:176,33,1,0
BRDA:176,34,0,0
BRDA:176,34,1,0
BRDA:179,35,0,0
BRDA:179,35,1,0
BRDA:180,36,0,0
BRDA:180,36,1,0
BRDA:197,37,0,0
BRDA:197,37,1,0
BRDA:215,38,0,12
BRDA:215,38,1,9
BRDA:215,38,2,2
BRDA:231,39,0,1
BRDA:231,39,1,11
BRDA:234,40,0,12
BRDA:234,40,1,1
BRDA:246,41,0,1
BRDA:246,41,1,11
BRDA:249,42,0,12
BRDA:249,42,1,1
BRDA:279,43,0,1
BRDA:279,43,1,8
BRDA:281,44,0,9
BRDA:281,44,1,1
BRDA:296,45,0,1
BRDA:296,45,1,8
BRDA:298,46,0,9
BRDA:298,46,1,1
BRDA:338,47,0,0
BRDA:338,47,1,2
BRDA:340,48,0,2
BRDA:340,48,1,0
BRDA:355,49,0,0
BRDA:355,49,1,2
BRDA:357,50,0,2
BRDA:357,50,1,0
BRDA:388,51,0,0
BRDA:388,51,1,2
BRDA:426,52,0,23
BRDA:426,52,1,0
BRF:108
BRH:68
end_of_record
