TN:
SF:src\App.jsx
FN:12,AppContent
FN:37,App
FNF:2
FNH:2
FNDA:2,AppContent
FNDA:2,App
DA:13,2
DA:15,1
DA:16,1
DA:18,1
DA:39,2
LF:5
LH:5
BRDA:20,0,0,1
BRDA:20,0,1,1
BRF:2
BRH:2
end_of_record
TN:
SF:src\component\barreNavigation.jsx
FN:9,(anonymous_0)
FNF:1
FNH:1
FNDA:1,(anonymous_0)
DA:9,1
DA:10,1
DA:14,1
LF:3
LH:3
BRDA:17,0,0,0
BRDA:17,0,1,1
BRDA:23,1,0,0
BRDA:23,1,1,1
BRDA:29,2,0,0
BRDA:29,2,1,1
BRDA:35,3,0,0
BRDA:35,3,1,1
BRDA:41,4,0,0
BRDA:41,4,1,1
BRF:10
BRH:5
end_of_record
TN:
SF:src\pages\DonatePage.jsx
FN:3,(anonymous_0)
FN:8,(anonymous_1)
FN:44,(anonymous_2)
FNF:3
FNH:0
FNDA:0,(anonymous_0)
FNDA:0,(anonymous_1)
FNDA:0,(anonymous_2)
DA:3,1
DA:4,0
DA:5,0
DA:6,0
DA:8,0
DA:9,0
DA:10,0
DA:12,0
DA:13,0
DA:19,0
DA:20,0
DA:23,0
DA:24,0
DA:26,0
DA:27,0
DA:31,0
DA:44,0
DA:60,1
LF:18
LH:2
BRDA:19,0,0,0
BRDA:19,0,1,0
BRDA:51,1,0,0
BRDA:51,1,1,0
BRDA:54,2,0,0
BRDA:54,2,1,0
BRF:6
BRH:0
end_of_record
TN:
SF:src\pages\Home.jsx
FN:9,(anonymous_0)
FN:29,(anonymous_1)
FN:34,(anonymous_2)
FN:39,(anonymous_3)
FN:45,(anonymous_4)
FN:90,(anonymous_5)
FN:127,(anonymous_6)
FN:166,(anonymous_7)
FN:189,(anonymous_8)
FN:212,(anonymous_9)
FN:235,(anonymous_10)
FN:258,(anonymous_11)
FN:287,(anonymous_12)
FN:322,(anonymous_13)
FN:357,(anonymous_14)
FN:419,(anonymous_15)
FN:423,(anonymous_16)
FN:445,(anonymous_17)
FN:449,(anonymous_18)
FN:484,(anonymous_19)
FN:489,(anonymous_20)
FN:523,(anonymous_21)
FN:532,(anonymous_22)
FN:562,(anonymous_23)
FN:567,(anonymous_24)
FN:613,(anonymous_25)
FN:644,(anonymous_26)
FNF:27
FNH:11
FNDA:10,(anonymous_0)
FNDA:0,(anonymous_1)
FNDA:0,(anonymous_2)
FNDA:0,(anonymous_3)
FNDA:0,(anonymous_4)
FNDA:0,(anonymous_5)
FNDA:0,(anonymous_6)
FNDA:5,(anonymous_7)
FNDA:5,(anonymous_8)
FNDA:5,(anonymous_9)
FNDA:4,(anonymous_10)
FNDA:5,(anonymous_11)
FNDA:0,(anonymous_12)
FNDA:0,(anonymous_13)
FNDA:5,(anonymous_14)
FNDA:5,(anonymous_15)
FNDA:0,(anonymous_16)
FNDA:3,(anonymous_17)
FNDA:0,(anonymous_18)
FNDA:0,(anonymous_19)
FNDA:3,(anonymous_20)
FNDA:0,(anonymous_21)
FNDA:0,(anonymous_22)
FNDA:0,(anonymous_23)
FNDA:2,(anonymous_24)
FNDA:0,(anonymous_25)
FNDA:0,(anonymous_26)
DA:7,2
DA:9,2
DA:10,10
DA:11,9
DA:12,9
DA:13,9
DA:14,9
DA:15,9
DA:16,9
DA:17,9
DA:18,9
DA:19,9
DA:20,9
DA:21,9
DA:22,9
DA:23,9
DA:24,9
DA:25,9
DA:26,9
DA:27,9
DA:29,9
DA:30,0
DA:31,0
DA:34,9
DA:35,0
DA:36,0
DA:39,9
DA:40,0
DA:41,0
DA:42,0
DA:45,9
DA:46,0
DA:47,0
DA:48,0
DA:50,0
DA:51,0
DA:52,0
DA:55,0
DA:56,0
DA:57,0
DA:58,0
DA:60,0
DA:72,0
DA:74,0
DA:75,0
DA:76,0
DA:77,0
DA:78,0
DA:80,0
DA:83,0
DA:84,0
DA:86,0
DA:90,9
DA:91,0
DA:92,0
DA:93,0
DA:96,0
DA:97,0
DA:98,0
DA:100,0
DA:110,0
DA:112,0
DA:113,0
DA:114,0
DA:115,0
DA:117,0
DA:120,0
DA:121,0
DA:123,0
DA:127,9
DA:128,0
DA:129,0
DA:130,0
DA:133,0
DA:134,0
DA:135,0
DA:136,0
DA:138,0
DA:149,0
DA:151,0
DA:152,0
DA:153,0
DA:154,0
DA:156,0
DA:159,0
DA:160,0
DA:162,0
DA:166,9
DA:167,5
DA:168,5
DA:170,5
DA:178,5
DA:179,1
DA:182,4
DA:183,4
DA:185,1
DA:189,9
DA:190,5
DA:192,5
DA:193,5
DA:201,5
DA:202,1
DA:205,4
DA:206,4
DA:208,1
DA:212,9
DA:213,5
DA:215,5
DA:216,5
DA:224,5
DA:225,1
DA:228,4
DA:229,4
DA:231,1
DA:235,9
DA:236,4
DA:238,4
DA:239,4
DA:247,4
DA:248,0
DA:251,4
DA:252,4
DA:254,0
DA:258,9
DA:259,5
DA:260,5
DA:262,5
DA:263,5
DA:271,5
DA:272,1
DA:275,4
DA:276,4
DA:277,4
DA:280,1
DA:281,1
DA:283,5
DA:287,9
DA:288,0
DA:289,0
DA:292,0
DA:293,0
DA:294,0
DA:296,0
DA:307,0
DA:309,0
DA:310,0
DA:311,0
DA:312,0
DA:314,0
DA:317,0
DA:318,0
DA:322,9
DA:323,0
DA:324,0
DA:327,0
DA:328,0
DA:329,0
DA:331,0
DA:342,0
DA:344,0
DA:345,0
DA:346,0
DA:347,0
DA:349,0
DA:352,0
DA:353,0
DA:357,9
DA:358,5
DA:359,5
DA:360,5
DA:361,5
DA:364,9
DA:371,4
DA:377,3
DA:420,5
DA:423,0
DA:446,3
DA:449,0
DA:484,0
DA:490,3
DA:523,0
DA:532,0
DA:562,0
DA:568,2
DA:613,0
DA:644,0
LF:186
LH:87
BRDA:46,0,0,0
BRDA:46,0,1,0
BRDA:50,1,0,0
BRDA:50,1,1,0
BRDA:74,2,0,0
BRDA:74,2,1,0
BRDA:91,3,0,0
BRDA:91,3,1,0
BRDA:112,4,0,0
BRDA:112,4,1,0
BRDA:128,5,0,0
BRDA:128,5,1,0
BRDA:151,6,0,0
BRDA:151,6,1,0
BRDA:178,7,0,1
BRDA:178,7,1,4
BRDA:183,8,0,3
BRDA:183,8,1,1
BRDA:201,9,0,1
BRDA:201,9,1,4
BRDA:206,10,0,3
BRDA:206,10,1,1
BRDA:224,11,0,1
BRDA:224,11,1,4
BRDA:229,12,0,3
BRDA:229,12,1,1
BRDA:247,13,0,0
BRDA:247,13,1,4
BRDA:252,14,0,3
BRDA:252,14,1,1
BRDA:271,15,0,1
BRDA:271,15,1,4
BRDA:288,16,0,0
BRDA:288,16,1,0
BRDA:309,17,0,0
BRDA:309,17,1,0
BRDA:323,18,0,0
BRDA:323,18,1,0
BRDA:344,19,0,0
BRDA:344,19,1,0
BRDA:364,20,0,5
BRDA:364,20,1,4
BRDA:371,21,0,1
BRDA:371,21,1,3
BRDA:383,22,0,3
BRDA:383,22,1,0
BRDA:383,23,0,3
BRDA:383,23,1,0
BRDA:384,24,0,3
BRDA:384,24,1,0
BRDA:398,25,0,1
BRDA:398,25,1,2
BRDA:404,26,0,1
BRDA:404,26,1,2
BRDA:418,27,0,2
BRDA:418,27,1,1
BRDA:444,28,0,2
BRDA:444,28,1,1
BRDA:464,29,0,3
BRDA:464,29,1,0
BRDA:466,30,0,0
BRDA:466,30,1,0
BRDA:467,31,0,0
BRDA:467,31,1,0
BRDA:498,32,0,3
BRDA:498,32,1,3
BRDA:500,33,0,0
BRDA:500,33,1,3
BRDA:542,34,0,0
BRDA:542,34,1,3
BRDA:576,35,0,3
BRDA:576,35,1,3
BRDA:578,36,0,0
BRDA:578,36,1,3
BRDA:593,37,0,3
BRDA:593,37,1,0
BRDA:593,37,2,0
BRDA:601,38,0,0
BRDA:601,38,1,0
BRDA:605,39,0,0
BRDA:605,39,1,0
BRDA:609,40,0,0
BRDA:609,40,1,0
BRDA:609,41,0,0
BRDA:609,41,1,0
BRDA:624,42,0,3
BRDA:624,42,1,0
BRDA:624,42,2,0
BRDA:632,43,0,0
BRDA:632,43,1,0
BRDA:636,44,0,0
BRDA:636,44,1,0
BRDA:640,45,0,0
BRDA:640,45,1,0
BRF:94
BRH:42
end_of_record
TN:
SF:src\pages\Login.jsx
FN:7,(anonymous_0)
FN:14,(anonymous_1)
FN:105,(anonymous_2)
FN:120,(anonymous_3)
FN:157,(anonymous_4)
FN:168,(anonymous_5)
FNF:6
FNH:6
FNDA:14,(anonymous_0)
FNDA:2,(anonymous_1)
FNDA:3,(anonymous_2)
FNDA:3,(anonymous_3)
FNDA:1,(anonymous_4)
FNDA:1,(anonymous_5)
DA:6,2
DA:7,2
DA:8,14
DA:9,14
DA:10,14
DA:11,14
DA:12,14
DA:14,14
DA:15,2
DA:16,2
DA:17,2
DA:20,2
DA:21,0
DA:22,0
DA:23,0
DA:26,2
DA:27,0
DA:28,0
DA:29,0
DA:31,2
DA:32,2
DA:33,2
DA:41,2
DA:43,2
DA:44,1
DA:47,1
DA:48,1
DA:49,1
DA:50,1
DA:54,0
DA:57,1
DA:59,2
DA:63,14
DA:105,3
DA:120,3
DA:157,1
DA:168,1
LF:37
LH:30
BRDA:20,0,0,0
BRDA:20,0,1,2
BRDA:20,1,0,2
BRDA:20,1,1,2
BRDA:26,2,0,0
BRDA:26,2,1,2
BRDA:43,3,0,1
BRDA:43,3,1,1
BRDA:44,4,0,1
BRDA:44,4,1,0
BRDA:47,5,0,1
BRDA:47,5,1,0
BRDA:57,6,0,1
BRDA:57,6,1,0
BRDA:128,7,0,2
BRDA:128,7,1,12
BRDA:131,8,0,2
BRDA:131,8,1,12
BRDA:143,9,0,14
BRDA:143,9,1,1
BRF:20
BRH:15
end_of_record
TN:
SF:src\pages\Logout.jsx
FN:4,(anonymous_0)
FN:5,(anonymous_1)
FN:10,(anonymous_2)
FN:15,(anonymous_3)
FNF:4
FNH:0
FNDA:0,(anonymous_0)
FNDA:0,(anonymous_1)
FNDA:0,(anonymous_2)
FNDA:0,(anonymous_3)
DA:4,2
DA:5,0
DA:7,0
DA:10,0
DA:11,0
DA:15,0
DA:17,0
DA:20,0
LF:8
LH:1
BRF:0
BRH:0
end_of_record
TN:
SF:src\pages\Messages.jsx
FN:6,(anonymous_0)
FN:26,(anonymous_1)
FN:74,(anonymous_2)
FN:117,(anonymous_3)
FN:160,(anonymous_4)
FN:184,(anonymous_5)
FN:208,(anonymous_6)
FN:213,(anonymous_7)
FN:215,(anonymous_8)
FN:218,(anonymous_9)
FN:255,(anonymous_10)
FN:274,(anonymous_11)
FN:275,(anonymous_12)
FN:282,(anonymous_13)
FN:292,(anonymous_14)
FN:309,(anonymous_15)
FN:324,(anonymous_16)
FN:338,(anonymous_17)
FN:345,(anonymous_18)
FN:368,(anonymous_19)
FN:379,(anonymous_20)
FN:390,(anonymous_21)
FN:395,(anonymous_22)
FN:399,(anonymous_23)
FNF:24
FNH:20
FNDA:25,(anonymous_0)
FNDA:12,(anonymous_1)
FNDA:1,(anonymous_2)
FNDA:1,(anonymous_3)
FNDA:1,(anonymous_4)
FNDA:0,(anonymous_5)
FNDA:9,(anonymous_6)
FNDA:10,(anonymous_7)
FNDA:0,(anonymous_8)
FNDA:1,(anonymous_9)
FNDA:30,(anonymous_10)
FNDA:22,(anonymous_11)
FNDA:44,(anonymous_12)
FNDA:4,(anonymous_13)
FNDA:1,(anonymous_14)
FNDA:8,(anonymous_15)
FNDA:0,(anonymous_16)
FNDA:1,(anonymous_17)
FNDA:1,(anonymous_18)
FNDA:1,(anonymous_19)
FNDA:1,(anonymous_20)
FNDA:30,(anonymous_21)
FNDA:1,(anonymous_22)
FNDA:0,(anonymous_23)
DA:4,2
DA:6,2
DA:8,25
DA:9,25
DA:10,25
DA:11,25
DA:12,25
DA:13,25
DA:14,25
DA:15,25
DA:16,25
DA:17,25
DA:20,25
DA:21,25
DA:26,25
DA:27,12
DA:29,12
DA:30,1
DA:31,1
DA:32,1
DA:35,11
DA:43,10
DA:45,0
DA:46,0
DA:47,0
DA:48,0
DA:51,10
DA:58,10
DA:59,10
DA:60,10
DA:63,10
DA:66,0
DA:67,0
DA:69,11
DA:74,25
DA:75,1
DA:78,1
DA:79,0
DA:80,0
DA:84,1
DA:85,0
DA:86,0
DA:89,1
DA:90,1
DA:100,1
DA:102,1
DA:103,0
DA:106,1
DA:107,1
DA:108,1
DA:109,1
DA:112,0
DA:113,0
DA:117,25
DA:118,1
DA:120,1
DA:123,1
DA:124,0
DA:125,0
DA:129,1
DA:130,0
DA:131,0
DA:134,1
DA:135,1
DA:144,1
DA:146,1
DA:147,0
DA:150,1
DA:151,1
DA:152,1
DA:155,0
DA:156,0
DA:160,25
DA:161,1
DA:163,1
DA:164,1
DA:169,1
DA:171,1
DA:172,0
DA:175,1
DA:176,1
DA:179,0
DA:180,0
DA:184,25
DA:185,0
DA:187,0
DA:188,0
DA:193,0
DA:195,0
DA:196,0
DA:199,0
DA:200,0
DA:203,0
DA:204,0
DA:208,25
DA:209,9
DA:213,25
DA:214,10
DA:215,1
DA:216,0
DA:218,1
DA:222,25
DA:225,16
DA:226,1
DA:236,15
DA:256,30
DA:275,44
DA:276,22
DA:278,22
DA:282,4
DA:293,1
DA:294,1
DA:310,8
DA:324,0
DA:338,1
DA:346,1
DA:369,1
DA:380,1
DA:391,30
DA:396,1
DA:399,0
LF:121
LH:85
BRDA:29,0,0,1
BRDA:29,0,1,11
BRDA:43,1,0,0
BRDA:43,1,1,10
BRDA:43,2,0,10
BRDA:43,2,1,10
BRDA:43,2,2,10
BRDA:43,2,3,10
BRDA:63,3,0,10
BRDA:63,3,1,1
BRDA:78,4,0,0
BRDA:78,4,1,1
BRDA:84,5,0,0
BRDA:84,5,1,1
BRDA:84,6,0,1
BRDA:84,6,1,1
BRDA:102,7,0,0
BRDA:102,7,1,1
BRDA:103,8,0,0
BRDA:103,8,1,0
BRDA:103,8,2,0
BRDA:123,9,0,0
BRDA:123,9,1,1
BRDA:129,10,0,0
BRDA:129,10,1,1
BRDA:146,11,0,0
BRDA:146,11,1,1
BRDA:147,12,0,0
BRDA:147,12,1,0
BRDA:147,12,2,0
BRDA:161,13,0,0
BRDA:161,13,1,1
BRDA:171,14,0,0
BRDA:171,14,1,1
BRDA:172,15,0,0
BRDA:172,15,1,0
BRDA:185,16,0,0
BRDA:185,16,1,0
BRDA:195,17,0,0
BRDA:195,17,1,0
BRDA:196,18,0,0
BRDA:196,18,1,0
BRDA:214,19,0,1
BRDA:214,19,1,9
BRDA:222,20,0,9
BRDA:222,20,1,16
BRDA:225,21,0,1
BRDA:225,21,1,15
BRDA:240,22,0,15
BRDA:240,22,1,0
BRDA:243,23,0,0
BRDA:243,23,1,0
BRDA:282,24,0,1
BRDA:282,24,1,3
BRDA:289,25,0,22
BRDA:289,25,1,11
BRDA:301,26,0,4
BRDA:301,26,1,18
BRDA:306,27,0,22
BRDA:306,27,1,4
BRDA:308,28,0,4
BRDA:308,28,1,0
BRDA:313,29,0,4
BRDA:313,29,1,4
BRDA:321,30,0,8
BRDA:321,30,1,4
BRDA:344,31,0,4
BRDA:344,31,1,3
BRDA:387,32,0,0
BRDA:387,32,1,15
BRDA:397,33,0,1
BRDA:397,33,1,0
BRF:72
BRH:43
end_of_record
TN:
SF:src\pages\Profil.jsx
FN:6,(anonymous_0)
FN:24,(anonymous_1)
FN:37,(anonymous_2)
FN:46,(anonymous_3)
FN:60,(anonymous_4)
FN:73,(anonymous_5)
FN:90,(anonymous_6)
FN:122,(anonymous_7)
FN:158,(anonymous_8)
FN:182,(anonymous_9)
FN:213,(anonymous_10)
FN:244,(anonymous_11)
FN:275,(anonymous_12)
FN:276,(anonymous_13)
FN:288,(anonymous_14)
FN:290,(anonymous_15)
FN:293,(anonymous_16)
FN:297,(anonymous_17)
FN:307,(anonymous_18)
FN:312,(anonymous_19)
FN:341,(anonymous_20)
FN:358,(anonymous_21)
FN:364,(anonymous_22)
FN:370,(anonymous_23)
FN:376,(anonymous_24)
FN:394,(anonymous_25)
FN:398,(anonymous_26)
FN:432,(anonymous_27)
FN:446,(anonymous_28)
FN:473,(anonymous_29)
FN:485,(anonymous_30)
FN:512,(anonymous_31)
FN:524,(anonymous_32)
FN:535,(anonymous_33)
FN:556,(anonymous_34)
FN:599,(anonymous_35)
FNF:36
FNH:33
FNDA:53,(anonymous_0)
FNDA:12,(anonymous_1)
FNDA:34,(anonymous_2)
FNDA:14,(anonymous_3)
FNDA:14,(anonymous_4)
FNDA:14,(anonymous_5)
FNDA:1,(anonymous_6)
FNDA:1,(anonymous_7)
FNDA:13,(anonymous_8)
FNDA:1,(anonymous_9)
FNDA:1,(anonymous_10)
FNDA:1,(anonymous_11)
FNDA:13,(anonymous_12)
FNDA:13,(anonymous_13)
FNDA:18,(anonymous_14)
FNDA:0,(anonymous_15)
FNDA:5,(anonymous_16)
FNDA:109,(anonymous_17)
FNDA:2,(anonymous_18)
FNDA:1,(anonymous_19)
FNDA:5,(anonymous_20)
FNDA:0,(anonymous_21)
FNDA:3,(anonymous_22)
FNDA:3,(anonymous_23)
FNDA:4,(anonymous_24)
FNDA:52,(anonymous_25)
FNDA:2,(anonymous_26)
FNDA:4,(anonymous_27)
FNDA:1,(anonymous_28)
FNDA:4,(anonymous_29)
FNDA:1,(anonymous_30)
FNDA:7,(anonymous_31)
FNDA:1,(anonymous_32)
FNDA:1,(anonymous_33)
FNDA:0,(anonymous_34)
FNDA:1,(anonymous_35)
DA:4,2
DA:6,2
DA:7,53
DA:8,52
DA:9,52
DA:10,52
DA:11,52
DA:12,52
DA:13,52
DA:14,52
DA:15,52
DA:16,52
DA:17,52
DA:18,52
DA:20,52
DA:21,52
DA:22,52
DA:24,52
DA:25,12
DA:26,12
DA:27,12
DA:34,12
DA:36,12
DA:37,34
DA:40,12
DA:42,0
DA:46,52
DA:47,14
DA:48,14
DA:49,14
DA:52,14
DA:53,14
DA:55,0
DA:56,0
DA:60,52
DA:61,14
DA:62,14
DA:63,14
DA:66,14
DA:67,14
DA:69,0
DA:73,52
DA:74,14
DA:75,14
DA:76,14
DA:83,14
DA:84,14
DA:86,0
DA:90,52
DA:91,1
DA:92,0
DA:95,1
DA:96,1
DA:98,1
DA:99,1
DA:107,1
DA:108,1
DA:109,1
DA:110,1
DA:112,0
DA:115,0
DA:116,0
DA:118,1
DA:122,52
DA:123,1
DA:124,1
DA:126,1
DA:128,1
DA:129,1
DA:138,1
DA:140,1
DA:141,0
DA:142,0
DA:145,1
DA:146,1
DA:147,1
DA:148,1
DA:151,0
DA:152,0
DA:154,1
DA:158,52
DA:159,13
DA:161,13
DA:162,13
DA:170,12
DA:171,0
DA:174,12
DA:175,12
DA:177,0
DA:178,0
DA:182,52
DA:183,1
DA:184,1
DA:186,1
DA:188,1
DA:189,1
DA:197,1
DA:199,1
DA:200,1
DA:201,1
DA:203,0
DA:206,0
DA:207,0
DA:209,1
DA:213,52
DA:214,1
DA:215,1
DA:217,1
DA:219,1
DA:220,1
DA:228,1
DA:230,1
DA:231,1
DA:232,1
DA:234,0
DA:237,0
DA:238,0
DA:240,1
DA:244,52
DA:245,1
DA:246,1
DA:248,1
DA:250,1
DA:251,1
DA:259,1
DA:261,1
DA:262,1
DA:263,1
DA:264,1
DA:266,0
DA:269,0
DA:271,1
DA:275,52
DA:276,13
DA:277,13
DA:278,13
DA:279,12
DA:280,12
DA:281,12
DA:282,12
DA:283,12
DA:285,13
DA:288,52
DA:289,18
DA:290,5
DA:291,0
DA:293,5
DA:297,52
DA:299,109
DA:302,109
DA:304,109
DA:307,52
DA:308,2
DA:309,2
DA:312,52
DA:313,1
DA:314,1
DA:317,52
DA:324,39
DA:330,39
DA:341,5
DA:358,0
DA:364,3
DA:370,3
DA:376,4
DA:395,52
DA:398,2
DA:433,4
DA:446,1
DA:474,4
DA:485,1
DA:513,7
DA:524,1
DA:535,1
DA:556,0
DA:600,1
DA:601,1
LF:177
LH:150
BRDA:53,0,0,14
BRDA:53,0,1,0
BRDA:67,1,0,14
BRDA:67,1,1,0
BRDA:91,2,0,0
BRDA:91,2,1,1
BRDA:108,3,0,1
BRDA:108,3,1,0
BRDA:124,4,0,0
BRDA:124,4,1,1
BRDA:140,5,0,0
BRDA:140,5,1,1
BRDA:141,6,0,0
BRDA:141,6,1,0
BRDA:145,7,0,1
BRDA:145,7,1,0
BRDA:170,8,0,0
BRDA:170,8,1,12
BRDA:184,9,0,0
BRDA:184,9,1,1
BRDA:199,10,0,1
BRDA:199,10,1,0
BRDA:199,11,0,1
BRDA:199,11,1,1
BRDA:203,12,0,0
BRDA:203,12,1,0
BRDA:215,13,0,0
BRDA:215,13,1,1
BRDA:230,14,0,1
BRDA:230,14,1,0
BRDA:230,15,0,1
BRDA:230,15,1,1
BRDA:234,16,0,0
BRDA:234,16,1,0
BRDA:246,17,0,0
BRDA:246,17,1,1
BRDA:261,18,0,1
BRDA:261,18,1,0
BRDA:261,19,0,1
BRDA:261,19,1,1
BRDA:266,20,0,0
BRDA:266,20,1,0
BRDA:289,21,0,5
BRDA:289,21,1,13
BRDA:299,22,0,109
BRDA:299,22,1,9
BRDA:302,23,0,109
BRDA:302,23,1,109
BRDA:304,24,0,109
BRDA:304,24,1,101
BRDA:317,25,0,13
BRDA:317,25,1,39
BRDA:324,26,0,0
BRDA:324,26,1,39
BRDA:348,27,0,39
BRDA:348,27,1,5
BRDA:357,28,0,21
BRDA:357,28,1,18
BRDA:363,29,0,5
BRDA:363,29,1,34
BRDA:369,30,0,5
BRDA:369,30,1,34
BRDA:375,31,0,8
BRDA:375,31,1,31
BRDA:385,32,0,39
BRDA:385,32,1,21
BRDA:388,33,0,1
BRDA:388,33,1,20
BRDA:420,34,0,39
BRDA:420,34,1,5
BRDA:423,35,0,1
BRDA:423,35,1,4
BRDA:447,36,0,4
BRDA:447,36,1,1
BRDA:449,37,0,1
BRDA:449,37,1,3
BRDA:449,38,0,4
BRDA:449,38,1,1
BRDA:464,39,0,39
BRDA:464,39,1,5
BRDA:467,40,0,1
BRDA:467,40,1,4
BRDA:486,41,0,4
BRDA:486,41,1,1
BRDA:488,42,0,1
BRDA:488,42,1,3
BRDA:488,43,0,4
BRDA:488,43,1,1
BRDA:503,44,0,39
BRDA:503,44,1,8
BRDA:506,45,0,1
BRDA:506,45,1,7
BRDA:525,46,0,7
BRDA:525,46,1,1
BRDA:527,47,0,1
BRDA:527,47,1,6
BRDA:527,48,0,7
BRDA:527,48,1,1
BRDA:536,49,0,7
BRDA:536,49,1,1
BRDA:538,50,0,1
BRDA:538,50,1,6
BRDA:538,51,0,7
BRDA:538,51,1,1
BRDA:554,52,0,39
BRDA:554,52,1,3
BRDA:554,52,2,3
BRDA:577,53,0,3
BRDA:577,53,1,0
BRDA:586,54,0,3
BRDA:586,54,1,0
BRDA:603,55,0,3
BRDA:603,55,1,1
BRDA:605,56,0,1
BRDA:605,56,1,2
BRDA:605,57,0,3
BRDA:605,57,1,1
BRF:117
BRH:92
end_of_record
TN:
SF:src\pages\Projects.jsx
FN:6,(anonymous_0)
FN:40,(anonymous_1)
FN:42,(anonymous_2)
FN:46,(anonymous_3)
FN:68,(anonymous_4)
FN:110,(anonymous_5)
FN:142,(anonymous_6)
FN:153,(anonymous_7)
FN:182,(anonymous_8)
FN:203,(anonymous_9)
FN:244,(anonymous_10)
FN:276,(anonymous_11)
FN:306,(anonymous_12)
FN:316,(anonymous_13)
FN:317,(anonymous_14)
FN:326,(anonymous_15)
FN:332,(anonymous_16)
FN:360,(anonymous_17)
FN:383,(anonymous_18)
FN:397,(anonymous_19)
FN:403,(anonymous_20)
FN:415,(anonymous_21)
FN:455,(anonymous_22)
FN:469,(anonymous_23)
FN:475,(anonymous_24)
FN:487,(anonymous_25)
FN:534,(anonymous_26)
FN:535,(anonymous_27)
FN:536,(anonymous_28)
FN:546,(anonymous_29)
FN:556,(anonymous_30)
FN:568,(anonymous_31)
FN:578,(anonymous_32)
FN:588,(anonymous_33)
FN:614,(anonymous_34)
FN:615,(anonymous_35)
FN:616,(anonymous_36)
FN:626,(anonymous_37)
FN:636,(anonymous_38)
FN:650,(anonymous_39)
FN:661,(anonymous_40)
FN:687,(anonymous_41)
FN:688,(anonymous_42)
FN:689,(anonymous_43)
FN:699,(anonymous_44)
FN:709,(anonymous_45)
FN:723,(anonymous_46)
FN:734,(anonymous_47)
FN:741,(anonymous_48)
FN:760,(anonymous_49)
FN:761,(anonymous_50)
FN:762,(anonymous_51)
FN:772,(anonymous_52)
FN:782,(anonymous_53)
FN:794,(anonymous_54)
FN:804,(anonymous_55)
FN:814,(anonymous_56)
FN:821,(anonymous_57)
FNF:58
FNH:39
FNDA:390,(anonymous_0)
FNDA:14,(anonymous_1)
FNDA:0,(anonymous_2)
FNDA:36,(anonymous_3)
FNDA:4,(anonymous_4)
FNDA:2,(anonymous_5)
FNDA:4,(anonymous_6)
FNDA:2,(anonymous_7)
FNDA:36,(anonymous_8)
FNDA:2,(anonymous_9)
FNDA:2,(anonymous_10)
FNDA:2,(anonymous_11)
FNDA:2,(anonymous_12)
FNDA:30,(anonymous_13)
FNDA:30,(anonymous_14)
FNDA:712,(anonymous_15)
FNDA:712,(anonymous_16)
FNDA:10,(anonymous_17)
FNDA:4,(anonymous_18)
FNDA:706,(anonymous_19)
FNDA:2,(anonymous_20)
FNDA:2,(anonymous_21)
FNDA:8,(anonymous_22)
FNDA:712,(anonymous_23)
FNDA:4,(anonymous_24)
FNDA:2,(anonymous_25)
FNDA:2,(anonymous_26)
FNDA:8,(anonymous_27)
FNDA:0,(anonymous_28)
FNDA:32,(anonymous_29)
FNDA:68,(anonymous_30)
FNDA:0,(anonymous_31)
FNDA:0,(anonymous_32)
FNDA:0,(anonymous_33)
FNDA:0,(anonymous_34)
FNDA:8,(anonymous_35)
FNDA:0,(anonymous_36)
FNDA:18,(anonymous_37)
FNDA:44,(anonymous_38)
FNDA:34,(anonymous_39)
FNDA:0,(anonymous_40)
FNDA:0,(anonymous_41)
FNDA:4,(anonymous_42)
FNDA:0,(anonymous_43)
FNDA:34,(anonymous_44)
FNDA:0,(anonymous_45)
FNDA:0,(anonymous_46)
FNDA:0,(anonymous_47)
FNDA:2,(anonymous_48)
FNDA:0,(anonymous_49)
FNDA:4,(anonymous_50)
FNDA:0,(anonymous_51)
FNDA:44,(anonymous_52)
FNDA:0,(anonymous_53)
FNDA:0,(anonymous_54)
FNDA:0,(anonymous_55)
FNDA:0,(anonymous_56)
FNDA:2,(anonymous_57)
DA:4,4
DA:6,4
DA:7,390
DA:8,388
DA:9,388
DA:10,388
DA:11,388
DA:12,388
DA:15,388
DA:24,388
DA:27,388
DA:34,388
DA:35,388
DA:36,388
DA:37,388
DA:40,388
DA:41,14
DA:42,14
DA:46,388
DA:47,36
DA:48,36
DA:49,36
DA:57,34
DA:58,34
DA:59,34
DA:61,0
DA:62,0
DA:64,34
DA:68,388
DA:69,4
DA:70,2
DA:71,2
DA:74,2
DA:76,2
DA:77,2
DA:86,2
DA:88,2
DA:89,2
DA:90,2
DA:91,2
DA:92,2
DA:100,0
DA:103,0
DA:104,0
DA:106,2
DA:110,388
DA:111,2
DA:113,2
DA:115,2
DA:116,2
DA:125,2
DA:127,2
DA:128,2
DA:129,2
DA:130,2
DA:132,0
DA:135,0
DA:136,0
DA:138,2
DA:142,388
DA:143,4
DA:153,388
DA:154,2
DA:156,2
DA:158,2
DA:159,2
DA:167,2
DA:168,2
DA:169,2
DA:171,0
DA:174,0
DA:175,0
DA:177,2
DA:182,388
DA:183,36
DA:184,36
DA:185,36
DA:193,34
DA:195,34
DA:196,34
DA:198,0
DA:199,0
DA:203,388
DA:204,2
DA:205,0
DA:206,0
DA:209,2
DA:211,2
DA:212,2
DA:221,2
DA:223,2
DA:224,2
DA:225,2
DA:231,2
DA:232,2
DA:234,0
DA:237,0
DA:238,0
DA:240,2
DA:244,388
DA:245,2
DA:247,2
DA:249,2
DA:250,2
DA:259,2
DA:261,2
DA:262,2
DA:263,2
DA:264,2
DA:266,0
DA:269,0
DA:270,0
DA:272,2
DA:276,388
DA:277,2
DA:279,2
DA:281,2
DA:282,2
DA:290,2
DA:292,2
DA:293,2
DA:294,2
DA:296,0
DA:299,0
DA:300,0
DA:302,2
DA:306,388
DA:307,2
DA:316,388
DA:317,30
DA:318,30
DA:319,30
DA:320,28
DA:322,30
DA:325,388
DA:327,712
DA:331,388
DA:333,712
DA:337,388
DA:344,358
DA:350,358
DA:360,10
DA:383,4
DA:398,706
DA:403,2
DA:415,2
DA:455,8
DA:470,712
DA:475,4
DA:487,2
DA:534,2
DA:535,8
DA:536,0
DA:546,32
DA:556,68
DA:568,0
DA:578,0
DA:588,0
DA:614,0
DA:615,8
DA:616,0
DA:626,18
DA:636,44
DA:650,34
DA:661,0
DA:687,0
DA:688,4
DA:689,0
DA:699,34
DA:709,0
DA:723,0
DA:734,0
DA:741,2
DA:760,0
DA:761,4
DA:762,0
DA:772,44
DA:782,0
DA:794,0
DA:804,0
DA:814,0
DA:821,2
LF:182
LH:140
BRDA:40,0,0,0
BRDA:57,1,0,0
BRDA:57,1,1,34
BRDA:69,2,0,2
BRDA:69,2,1,2
BRDA:69,3,0,4
BRDA:69,3,1,2
BRDA:88,4,0,2
BRDA:88,4,1,0
BRDA:111,5,0,0
BRDA:111,5,1,2
BRDA:127,6,0,2
BRDA:127,6,1,0
BRDA:154,7,0,0
BRDA:154,7,1,2
BRDA:167,8,0,2
BRDA:167,8,1,0
BRDA:193,9,0,0
BRDA:193,9,1,34
BRDA:196,10,0,34
BRDA:196,10,1,0
BRDA:204,11,0,0
BRDA:204,11,1,2
BRDA:204,12,0,2
BRDA:204,12,1,2
BRDA:204,12,2,2
BRDA:223,13,0,2
BRDA:223,13,1,0
BRDA:245,14,0,0
BRDA:245,14,1,2
BRDA:261,15,0,2
BRDA:261,15,1,0
BRDA:277,16,0,0
BRDA:277,16,1,2
BRDA:292,17,0,2
BRDA:292,17,1,0
BRDA:327,18,0,712
BRDA:327,18,1,16
BRDA:327,18,2,16
BRDA:333,19,0,712
BRDA:333,19,1,18
BRDA:337,20,0,30
BRDA:337,20,1,358
BRDA:344,21,0,0
BRDA:344,21,1,358
BRDA:367,22,0,358
BRDA:367,22,1,14
BRDA:390,23,0,2
BRDA:390,23,1,356
BRDA:405,24,0,706
BRDA:405,24,1,4
BRDA:408,25,0,2
BRDA:408,25,1,704
BRDA:408,26,0,706
BRDA:408,26,1,4
BRDA:417,27,0,706
BRDA:417,27,1,4
BRDA:420,28,0,2
BRDA:420,28,1,704
BRDA:420,29,0,706
BRDA:420,29,1,4
BRDA:435,30,0,706
BRDA:435,30,1,706
BRDA:462,31,0,2
BRDA:462,31,1,356
BRDA:477,32,0,712
BRDA:477,32,1,4
BRDA:480,33,0,2
BRDA:480,33,1,710
BRDA:480,34,0,712
BRDA:480,34,1,4
BRDA:489,35,0,712
BRDA:489,35,1,4
BRDA:492,36,0,2
BRDA:492,36,1,710
BRDA:492,37,0,712
BRDA:492,37,1,4
BRDA:533,38,0,358
BRDA:533,38,1,112
BRDA:599,39,0,2
BRDA:599,39,1,110
BRDA:613,40,0,358
BRDA:613,40,1,102
BRDA:672,41,0,2
BRDA:672,41,1,100
BRDA:686,42,0,358
BRDA:686,42,1,38
BRDA:743,43,0,38
BRDA:743,43,1,2
BRDA:745,44,0,2
BRDA:745,44,1,36
BRDA:745,45,0,38
BRDA:745,45,1,2
BRDA:759,46,0,358
BRDA:759,46,1,50
BRDA:823,47,0,50
BRDA:823,47,1,2
BRDA:825,48,0,2
BRDA:825,48,1,48
BRDA:825,49,0,50
BRDA:825,49,1,2
BRF:101
BRH:85
end_of_record
TN:
SF:src\pages\Register.jsx
FN:13,formReducer
FN:17,(anonymous_1)
FN:24,(anonymous_2)
FN:27,(anonymous_3)
FN:31,(anonymous_4)
FN:33,(anonymous_5)
FN:37,(anonymous_6)
FN:38,(anonymous_7)
FN:41,(anonymous_8)
FN:58,(anonymous_9)
FN:75,(anonymous_10)
FN:90,(anonymous_11)
FN:106,(anonymous_12)
FN:118,(anonymous_13)
FN:144,(anonymous_14)
FN:156,(anonymous_15)
FN:186,(anonymous_16)
FN:195,(anonymous_17)
FN:205,(anonymous_18)
FN:251,(anonymous_19)
FNF:20
FNH:0
FNDA:0,formReducer
FNDA:0,(anonymous_1)
FNDA:0,(anonymous_2)
FNDA:0,(anonymous_3)
FNDA:0,(anonymous_4)
FNDA:0,(anonymous_5)
FNDA:0,(anonymous_6)
FNDA:0,(anonymous_7)
FNDA:0,(anonymous_8)
FNDA:0,(anonymous_9)
FNDA:0,(anonymous_10)
FNDA:0,(anonymous_11)
FNDA:0,(anonymous_12)
FNDA:0,(anonymous_13)
FNDA:0,(anonymous_14)
FNDA:0,(anonymous_15)
FNDA:0,(anonymous_16)
FNDA:0,(anonymous_17)
FNDA:0,(anonymous_18)
FNDA:0,(anonymous_19)
DA:6,1
DA:8,1
DA:14,0
DA:17,1
DA:18,0
DA:19,0
DA:20,0
DA:21,0
DA:22,0
DA:24,0
DA:25,0
DA:26,0
DA:27,0
DA:31,0
DA:32,0
DA:33,0
DA:37,0
DA:38,0
DA:41,0
DA:42,0
DA:44,0
DA:45,0
DA:46,0
DA:49,0
DA:50,0
DA:51,0
DA:54,0
DA:55,0
DA:58,0
DA:59,0
DA:61,0
DA:63,0
DA:65,0
DA:66,0
DA:72,0
DA:74,0
DA:75,0
DA:76,0
DA:81,0
DA:84,0
DA:86,0
DA:90,0
DA:91,0
DA:93,0
DA:106,0
DA:118,0
DA:131,0
DA:144,0
DA:156,0
DA:174,0
DA:186,0
DA:195,0
DA:205,0
DA:223,0
DA:251,0
LF:55
LH:3
BRDA:26,0,0,0
BRDA:26,0,1,0
BRDA:32,1,0,0
BRDA:32,1,1,0
BRDA:44,2,0,0
BRDA:44,2,1,0
BRDA:45,3,0,0
BRDA:45,3,1,0
BRDA:46,4,0,0
BRDA:46,4,1,0
BRDA:49,5,0,0
BRDA:49,5,1,0
BRDA:50,6,0,0
BRDA:50,6,1,0
BRDA:51,7,0,0
BRDA:51,7,1,0
BRDA:61,8,0,0
BRDA:61,8,1,0
BRDA:74,9,0,0
BRDA:74,9,1,0
BRDA:91,10,0,0
BRDA:91,10,1,0
BRDA:91,10,2,0
BRDA:107,11,0,0
BRDA:107,11,1,0
BRDA:109,12,0,0
BRDA:109,12,1,0
BRDA:119,13,0,0
BRDA:119,13,1,0
BRDA:121,14,0,0
BRDA:121,14,1,0
BRDA:145,15,0,0
BRDA:145,15,1,0
BRDA:147,16,0,0
BRDA:147,16,1,0
BRDA:157,17,0,0
BRDA:157,17,1,0
BRDA:159,18,0,0
BRDA:159,18,1,0
BRDA:215,19,0,0
BRDA:215,19,1,0
BRDA:258,20,0,0
BRDA:258,20,1,0
BRF:43
BRH:0
end_of_record
